[     -41ms] [WARNING] <link rel=preload> must have a valid `as` value @ https://sso.godaddy.com/?app=account&realm=idp&referrer=sso&path=%2Fsubscriptions%3Fisc%3Dtei7280d%26utm_source%3Dgdocp%26utm_medium%3Demail%26utm_campaign%3Den-SG_dom_email-revenue_base_gd%26utm_content%3D260619_7280_Retention_Domain-Reg-Domain-Name-Registration_Product_Renewal_tei7280d_5vZYJefaKbYgkbmIsHY1p5&auth_reason=1:163
[     681ms] [WARNING] Could not determine a CSP API key; experimentation events are disabled. You must provide either a cspKey or env config property. @ https://img6.wsimg.com/hivemind/hivemind-3.1.9.js:7
[     763ms] [LOG] No experiments or labels provided @ https://img6.wsimg.com/hivemind/hivemind-3.1.9.js:7
[     983ms] [VERBOSE] [DOM] Input elements should have autocomplete attributes (suggested: "username"): (More info: https://goo.gl/9p2vKq) %o @ https://sso.godaddy.com/?app=account&realm=idp&referrer=sso&path=%2Fsubscriptions%3Fisc%3Dtei7280d%26utm_source%3Dgdocp%26utm_medium%3Demail%26utm_campaign%3Den-SG_dom_email-revenue_base_gd%26utm_content%3D260619_7280_Retention_Domain-Reg-Domain-Name-Registration_Product_Renewal_tei7280d_5vZYJefaKbYgkbmIsHY1p5&auth_reason=1:0
[    2550ms] [ERROR] Failed to load resource: the server responded with a status of 429 (Too Many Requests) @ https://sso.godaddy.com/149e9513-01fa-4fb0-aad4-566afd725d1b/2d206a39-8ed7-437e-a3be-862e0f06eea3/fp?x-kpsdk-v=j-1.2.490:0
[    2709ms] [LOG] Error @ :2
[    2833ms] [WARNING] Unable to create a text session because the service is not running. @ https://sso.godaddy.com/149e9513-01fa-4fb0-aad4-566afd725d1b/2d206a39-8ed7-437e-a3be-862e0f06eea3/fp?x-kpsdk-v=j-1.2.490:5
[    2975ms] [WARNING] Unable to create a text session because the service is not running. @ https://sso.godaddy.com/149e9513-01fa-4fb0-aad4-566afd725d1b/2d206a39-8ed7-437e-a3be-862e0f06eea3/fp?x-kpsdk-v=j-1.2.490:0
[    2991ms] [WARNING] Unable to create a text session because the service is not running. @ https://sso.godaddy.com/149e9513-01fa-4fb0-aad4-566afd725d1b/2d206a39-8ed7-437e-a3be-862e0f06eea3/fp?x-kpsdk-v=j-1.2.490:0
[    3005ms] [WARNING] Unable to create a text session because the service is not running. @ https://sso.godaddy.com/149e9513-01fa-4fb0-aad4-566afd725d1b/2d206a39-8ed7-437e-a3be-862e0f06eea3/fp?x-kpsdk-v=j-1.2.490:0
[    3010ms] [WARNING] The requested language options are not supported. @ https://sso.godaddy.com/149e9513-01fa-4fb0-aad4-566afd725d1b/2d206a39-8ed7-437e-a3be-862e0f06eea3/fp?x-kpsdk-v=j-1.2.490:0
[    3010ms] [ERROR] Unsupported Summarizer API languages were specified, and the request was aborted. API calls must only specify supported languages to ensure successful processing and guarantee output characteristics. Please only specify supported language codes: [de, en, es, fr, ja] @ https://sso.godaddy.com/149e9513-01fa-4fb0-aad4-566afd725d1b/2d206a39-8ed7-437e-a3be-862e0f06eea3/fp?x-kpsdk-v=j-1.2.490:0
[    3013ms] [WARNING] The requested language options are not supported. @ https://sso.godaddy.com/149e9513-01fa-4fb0-aad4-566afd725d1b/2d206a39-8ed7-437e-a3be-862e0f06eea3/fp?x-kpsdk-v=j-1.2.490:0
[    3014ms] [WARNING] The requested language options are not supported. @ https://sso.godaddy.com/149e9513-01fa-4fb0-aad4-566afd725d1b/2d206a39-8ed7-437e-a3be-862e0f06eea3/fp?x-kpsdk-v=j-1.2.490:0
[    3019ms] [WARNING] The requested language options are not supported. @ https://sso.godaddy.com/149e9513-01fa-4fb0-aad4-566afd725d1b/2d206a39-8ed7-437e-a3be-862e0f06eea3/fp?x-kpsdk-v=j-1.2.490:0
[    3019ms] [WARNING] Unable to create a text session because the service is not running. @ https://sso.godaddy.com/149e9513-01fa-4fb0-aad4-566afd725d1b/2d206a39-8ed7-437e-a3be-862e0f06eea3/fp?x-kpsdk-v=j-1.2.490:0
[    3019ms] [WARNING] The requested language options are not supported. @ https://sso.godaddy.com/149e9513-01fa-4fb0-aad4-566afd725d1b/2d206a39-8ed7-437e-a3be-862e0f06eea3/fp?x-kpsdk-v=j-1.2.490:0
[    3020ms] [WARNING] The requested language options are not supported. @ https://sso.godaddy.com/149e9513-01fa-4fb0-aad4-566afd725d1b/2d206a39-8ed7-437e-a3be-862e0f06eea3/fp?x-kpsdk-v=j-1.2.490:0
[    3181ms] [LOG] Error @ :2
[345752337ms] [ERROR] Failed to load resource: the server responded with a status of 429 (Too Many Requests) @ https://sso.godaddy.com/149e9513-01fa-4fb0-aad4-566afd725d1b/2d206a39-8ed7-437e-a3be-862e0f06eea3/fp?x-kpsdk-v=j-1.2.490&x-kpsdk-r=1-B1ZYRlQ:0
[345752984ms] [LOG] Error @ :2
[345753086ms] [WARNING] Unable to create a text session because the service is not running. @ https://sso.godaddy.com/149e9513-01fa-4fb0-aad4-566afd725d1b/2d206a39-8ed7-437e-a3be-862e0f06eea3/fp?x-kpsdk-v=j-1.2.490&x-kpsdk-r=1-B1ZYRlQ:5
[345753408ms] [WARNING] Unable to create a text session because the service is not running. @ https://sso.godaddy.com/149e9513-01fa-4fb0-aad4-566afd725d1b/2d206a39-8ed7-437e-a3be-862e0f06eea3/fp?x-kpsdk-v=j-1.2.490&x-kpsdk-r=1-B1ZYRlQ:0
[345753541ms] [LOG] Error @ :2
[345753548ms] [WARNING] Unable to create a text session because the service is not running. @ https://sso.godaddy.com/149e9513-01fa-4fb0-aad4-566afd725d1b/2d206a39-8ed7-437e-a3be-862e0f06eea3/fp?x-kpsdk-v=j-1.2.490&x-kpsdk-r=1-B1ZYRlQ:0
[345753634ms] [WARNING] Unable to create a text session because the service is not running. @ https://sso.godaddy.com/149e9513-01fa-4fb0-aad4-566afd725d1b/2d206a39-8ed7-437e-a3be-862e0f06eea3/fp?x-kpsdk-v=j-1.2.490&x-kpsdk-r=1-B1ZYRlQ:0
[345753643ms] [WARNING] The requested language options are not supported. @ https://sso.godaddy.com/149e9513-01fa-4fb0-aad4-566afd725d1b/2d206a39-8ed7-437e-a3be-862e0f06eea3/fp?x-kpsdk-v=j-1.2.490&x-kpsdk-r=1-B1ZYRlQ:0
[345753643ms] [ERROR] Unsupported Summarizer API languages were specified, and the request was aborted. API calls must only specify supported languages to ensure successful processing and guarantee output characteristics. Please only specify supported language codes: [de, en, es, fr, ja] @ https://sso.godaddy.com/149e9513-01fa-4fb0-aad4-566afd725d1b/2d206a39-8ed7-437e-a3be-862e0f06eea3/fp?x-kpsdk-v=j-1.2.490&x-kpsdk-r=1-B1ZYRlQ:0
[345753644ms] [WARNING] The requested language options are not supported. @ https://sso.godaddy.com/149e9513-01fa-4fb0-aad4-566afd725d1b/2d206a39-8ed7-437e-a3be-862e0f06eea3/fp?x-kpsdk-v=j-1.2.490&x-kpsdk-r=1-B1ZYRlQ:0
[345753644ms] [WARNING] The requested language options are not supported. @ https://sso.godaddy.com/149e9513-01fa-4fb0-aad4-566afd725d1b/2d206a39-8ed7-437e-a3be-862e0f06eea3/fp?x-kpsdk-v=j-1.2.490&x-kpsdk-r=1-B1ZYRlQ:0
[345753645ms] [WARNING] The requested language options are not supported. @ https://sso.godaddy.com/149e9513-01fa-4fb0-aad4-566afd725d1b/2d206a39-8ed7-437e-a3be-862e0f06eea3/fp?x-kpsdk-v=j-1.2.490&x-kpsdk-r=1-B1ZYRlQ:0
[345753645ms] [WARNING] Unable to create a text session because the service is not running. @ https://sso.godaddy.com/149e9513-01fa-4fb0-aad4-566afd725d1b/2d206a39-8ed7-437e-a3be-862e0f06eea3/fp?x-kpsdk-v=j-1.2.490&x-kpsdk-r=1-B1ZYRlQ:0
[345753645ms] [WARNING] The requested language options are not supported. @ https://sso.godaddy.com/149e9513-01fa-4fb0-aad4-566afd725d1b/2d206a39-8ed7-437e-a3be-862e0f06eea3/fp?x-kpsdk-v=j-1.2.490&x-kpsdk-r=1-B1ZYRlQ:0
[345753645ms] [WARNING] The requested language options are not supported. @ https://sso.godaddy.com/149e9513-01fa-4fb0-aad4-566afd725d1b/2d206a39-8ed7-437e-a3be-862e0f06eea3/fp?x-kpsdk-v=j-1.2.490&x-kpsdk-r=1-B1ZYRlQ:0
[433756780ms] [ERROR] Failed to load resource: the server responded with a status of 429 (Too Many Requests) @ https://sso.godaddy.com/149e9513-01fa-4fb0-aad4-566afd725d1b/2d206a39-8ed7-437e-a3be-862e0f06eea3/fp?x-kpsdk-v=j-1.2.490&x-kpsdk-r=1-B1MHVXk:0
[433757477ms] [LOG] Error @ :2
[433757530ms] [WARNING] Unable to create a text session because the service is not running. @ https://sso.godaddy.com/149e9513-01fa-4fb0-aad4-566afd725d1b/2d206a39-8ed7-437e-a3be-862e0f06eea3/fp?x-kpsdk-v=j-1.2.490&x-kpsdk-r=1-B1MHVXk:5
[433757580ms] [WARNING] Unable to create a text session because the service is not running. @ https://sso.godaddy.com/149e9513-01fa-4fb0-aad4-566afd725d1b/2d206a39-8ed7-437e-a3be-862e0f06eea3/fp?x-kpsdk-v=j-1.2.490&x-kpsdk-r=1-B1MHVXk:0
[433757583ms] [WARNING] Unable to create a text session because the service is not running. @ https://sso.godaddy.com/149e9513-01fa-4fb0-aad4-566afd725d1b/2d206a39-8ed7-437e-a3be-862e0f06eea3/fp?x-kpsdk-v=j-1.2.490&x-kpsdk-r=1-B1MHVXk:0
[433757584ms] [WARNING] Unable to create a text session because the service is not running. @ https://sso.godaddy.com/149e9513-01fa-4fb0-aad4-566afd725d1b/2d206a39-8ed7-437e-a3be-862e0f06eea3/fp?x-kpsdk-v=j-1.2.490&x-kpsdk-r=1-B1MHVXk:0
[433757584ms] [WARNING] The requested language options are not supported. @ https://sso.godaddy.com/149e9513-01fa-4fb0-aad4-566afd725d1b/2d206a39-8ed7-437e-a3be-862e0f06eea3/fp?x-kpsdk-v=j-1.2.490&x-kpsdk-r=1-B1MHVXk:0
[433757584ms] [ERROR] Unsupported Summarizer API languages were specified, and the request was aborted. API calls must only specify supported languages to ensure successful processing and guarantee output characteristics. Please only specify supported language codes: [de, en, es, fr, ja] @ https://sso.godaddy.com/149e9513-01fa-4fb0-aad4-566afd725d1b/2d206a39-8ed7-437e-a3be-862e0f06eea3/fp?x-kpsdk-v=j-1.2.490&x-kpsdk-r=1-B1MHVXk:0
[433757584ms] [WARNING] The requested language options are not supported. @ https://sso.godaddy.com/149e9513-01fa-4fb0-aad4-566afd725d1b/2d206a39-8ed7-437e-a3be-862e0f06eea3/fp?x-kpsdk-v=j-1.2.490&x-kpsdk-r=1-B1MHVXk:0
[433757585ms] [WARNING] The requested language options are not supported. @ https://sso.godaddy.com/149e9513-01fa-4fb0-aad4-566afd725d1b/2d206a39-8ed7-437e-a3be-862e0f06eea3/fp?x-kpsdk-v=j-1.2.490&x-kpsdk-r=1-B1MHVXk:0
[433757585ms] [WARNING] The requested language options are not supported. @ https://sso.godaddy.com/149e9513-01fa-4fb0-aad4-566afd725d1b/2d206a39-8ed7-437e-a3be-862e0f06eea3/fp?x-kpsdk-v=j-1.2.490&x-kpsdk-r=1-B1MHVXk:0
[433757585ms] [WARNING] Unable to create a text session because the service is not running. @ https://sso.godaddy.com/149e9513-01fa-4fb0-aad4-566afd725d1b/2d206a39-8ed7-437e-a3be-862e0f06eea3/fp?x-kpsdk-v=j-1.2.490&x-kpsdk-r=1-B1MHVXk:0
[433757585ms] [WARNING] The requested language options are not supported. @ https://sso.godaddy.com/149e9513-01fa-4fb0-aad4-566afd725d1b/2d206a39-8ed7-437e-a3be-862e0f06eea3/fp?x-kpsdk-v=j-1.2.490&x-kpsdk-r=1-B1MHVXk:0
[433757585ms] [WARNING] The requested language options are not supported. @ https://sso.godaddy.com/149e9513-01fa-4fb0-aad4-566afd725d1b/2d206a39-8ed7-437e-a3be-862e0f06eea3/fp?x-kpsdk-v=j-1.2.490&x-kpsdk-r=1-B1MHVXk:0
[433757727ms] [LOG] Error @ :2
