[    1855ms] [ERROR] Refused to get unsafe header "X-Sg-Cs" @ https://www.google.com/search?q=gmail&rlz=1C5CHFA_enSG1104SG1104&oq=gmail&gs_lcrp=EgZjaHJvbWUyBggAEEUYOTIPCAEQABhDGLEDGIAEGIoFMg8IAhAAGEMYsQMYgAQYigUyDwgDEAAYQxixAxiABBiKBTIPCAQQABhDGLEDGIAEGIoFMg8IBRAAGEMYsQMYgAQYigUyEggGEAAYQxiDARixAxiABBiKBTISCAcQABhDGIMBGLEDGIAEGIoFMg8ICBAAGEMYsQMYgAQYigXSAQc4MzVqMGo3qAIAsAIA&sourceid=chrome&ie=UTF-8:38
[    1855ms] [ERROR] Refused to get unsafe header "X-Sorry-Redirect" @ https://www.google.com/search?q=gmail&rlz=1C5CHFA_enSG1104SG1104&oq=gmail&gs_lcrp=EgZjaHJvbWUyBggAEEUYOTIPCAEQABhDGLEDGIAEGIoFMg8IAhAAGEMYsQMYgAQYigUyDwgDEAAYQxixAxiABBiKBTIPCAQQABhDGLEDGIAEGIoFMg8IBRAAGEMYsQMYgAQYigUyEggGEAAYQxiDARixAxiABBiKBTISCAcQABhDGIMBGLEDGIAEGIoFMg8ICBAAGEMYsQMYgAQYigXSAQc4MzVqMGo3qAIAsAIA&sourceid=chrome&ie=UTF-8:38
[    2129ms] [ERROR] Refused to get unsafe header "X-Sg-Cs" @ https://www.google.com/search?q=gmail&rlz=1C5CHFA_enSG1104SG1104&oq=gmail&gs_lcrp=EgZjaHJvbWUyBggAEEUYOTIPCAEQABhDGLEDGIAEGIoFMg8IAhAAGEMYsQMYgAQYigUyDwgDEAAYQxixAxiABBiKBTIPCAQQABhDGLEDGIAEGIoFMg8IBRAAGEMYsQMYgAQYigUyEggGEAAYQxiDARixAxiABBiKBTISCAcQABhDGIMBGLEDGIAEGIoFMg8ICBAAGEMYsQMYgAQYigXSAQc4MzVqMGo3qAIAsAIA&sourceid=chrome&ie=UTF-8:38
[    2129ms] [ERROR] Refused to get unsafe header "X-Sorry-Redirect" @ https://www.google.com/search?q=gmail&rlz=1C5CHFA_enSG1104SG1104&oq=gmail&gs_lcrp=EgZjaHJvbWUyBggAEEUYOTIPCAEQABhDGLEDGIAEGIoFMg8IAhAAGEMYsQMYgAQYigUyDwgDEAAYQxixAxiABBiKBTIPCAQQABhDGLEDGIAEGIoFMg8IBRAAGEMYsQMYgAQYigUyEggGEAAYQxiDARixAxiABBiKBTISCAcQABhDGIMBGLEDGIAEGIoFMg8ICBAAGEMYsQMYgAQYigXSAQc4MzVqMGo3qAIAsAIA&sourceid=chrome&ie=UTF-8:38
[    2744ms] [ERROR] Refused to get unsafe header "X-Sg-Cs" @ https://www.google.com/search?q=gmail&rlz=1C5CHFA_enSG1104SG1104&oq=gmail&gs_lcrp=EgZjaHJvbWUyBggAEEUYOTIPCAEQABhDGLEDGIAEGIoFMg8IAhAAGEMYsQMYgAQYigUyDwgDEAAYQxixAxiABBiKBTIPCAQQABhDGLEDGIAEGIoFMg8IBRAAGEMYsQMYgAQYigUyEggGEAAYQxiDARixAxiABBiKBTISCAcQABhDGIMBGLEDGIAEGIoFMg8ICBAAGEMYsQMYgAQYigXSAQc4MzVqMGo3qAIAsAIA&sourceid=chrome&ie=UTF-8:38
[    2745ms] [ERROR] Refused to get unsafe header "X-Sorry-Redirect" @ https://www.google.com/search?q=gmail&rlz=1C5CHFA_enSG1104SG1104&oq=gmail&gs_lcrp=EgZjaHJvbWUyBggAEEUYOTIPCAEQABhDGLEDGIAEGIoFMg8IAhAAGEMYsQMYgAQYigUyDwgDEAAYQxixAxiABBiKBTIPCAQQABhDGLEDGIAEGIoFMg8IBRAAGEMYsQMYgAQYigUyEggGEAAYQxiDARixAxiABBiKBTISCAcQABhDGIMBGLEDGIAEGIoFMg8ICBAAGEMYsQMYgAQYigXSAQc4MzVqMGo3qAIAsAIA&sourceid=chrome&ie=UTF-8:38
[    3122ms] Transition was skipped
[    3146ms] [INFO] This document requires 'TrustedHTML' assignment. The policy is report-only, so the violation has been logged but no further action has been taken. @ https://www.google.com/gmail/about/signup_complete.html:64
[    3147ms] [INFO] This document requires 'TrustedScriptURL' assignment. The policy is report-only, so the violation has been logged but no further action has been taken. @ https://www.google.com/js/google.js:6
[    3649ms] [LOG] redirecting... @ https://www.google.com/gmail/about/signup_complete.html:101
[    7863ms] [WARNING] Deprecated API for given entry type. @ https://mail.google.com/_/scs/mail-static/_/js/k=gmail.main.en.DXjalA26Tkg.es5.OL/am=wAIAAAAAZ_GnAvD4f28fbACBA__lwc_XB_5eF93_fxgCz4SHgKkeDaAH0GWtkCL____d_Fp-_d2Hy3A-fyQAIMDW0W378BCjqzS-WX8AQtetm5xmAgAAAAAAAAAAAAAAAAAAAHxWNjIpMA/d=1/exm=b/ed=1/im=1/dg=0/br=1/wt=1/rs=AHGWq9CnvMVHbmVA5q4bDQRP1ipiRdkdXg/cb=loaded_1/m=a?cb=2a1ee86e:2949
[ 1476615ms] [ERROR] Failed to load resource: net::ERR_QUIC_PROTOCOL_ERROR.QUIC_PUBLIC_RESET @ https://signaler-pa.clients6.google.com/punctual/multi-watch/channel?VER=8&gsessionid=NM7M_1yfY49-IurhBtxtIM3lGBWq2gVIlTjMhH415L4&key=AIzaSyCIMH2ks6VPAfRC2lqU_Snz1Lo76XGdnlc&RID=rpc&SID=Mk0b4cmBYLwp3mHz6A1EZA&AID=58&CI=0&TYPE=xmlhttp&zx=qtziugq16o4g&t=1:0
[ 1477295ms] [ERROR] Failed to load resource: the server responded with a status of 400 () @ https://signaler-pa.clients6.google.com/punctual/multi-watch/channel?VER=8&gsessionid=NM7M_1yfY49-IurhBtxtIM3lGBWq2gVIlTjMhH415L4&key=AIzaSyCIMH2ks6VPAfRC2lqU_Snz1Lo76XGdnlc&RID=rpc&SID=Mk0b4cmBYLwp3mHz6A1EZA&AID=61&CI=0&TYPE=xmlhttp&zx=tdwxx0kl8r8g&t=2:0
[ 3634111ms] [ERROR] Failed to load resource: net::ERR_QUIC_PROTOCOL_ERROR.QUIC_PUBLIC_RESET @ https://signaler-pa.clients6.google.com/punctual/multi-watch/channel?VER=8&gsessionid=ez5TsPdj1FP3CoqruTJ1eMYjMBZBT6g1HQhRLCdZXYw&key=AIzaSyCIMH2ks6VPAfRC2lqU_Snz1Lo76XGdnlc&RID=rpc&SID=NueOMQ8ZxJNbkJWVecAIPg&AID=0&CI=0&TYPE=xmlhttp&zx=ufdq5vtszejh&t=1:0
[ 3634732ms] [ERROR] Failed to load resource: the server responded with a status of 400 () @ https://signaler-pa.clients6.google.com/punctual/multi-watch/channel?VER=8&gsessionid=ez5TsPdj1FP3CoqruTJ1eMYjMBZBT6g1HQhRLCdZXYw&key=AIzaSyCIMH2ks6VPAfRC2lqU_Snz1Lo76XGdnlc&RID=rpc&SID=NueOMQ8ZxJNbkJWVecAIPg&AID=17&CI=0&TYPE=xmlhttp&zx=iqrj9tem1nq7&t=2:0
[ 6560835ms] [ERROR] Failed to load resource: net::ERR_QUIC_PROTOCOL_ERROR.QUIC_PUBLIC_RESET @ https://signaler-pa.clients6.google.com/punctual/multi-watch/channel?VER=8&gsessionid=-31XLYReH_wokTo-YuK7YWG9wrCXoZEsSqHhTzcx_kw&key=AIzaSyCIMH2ks6VPAfRC2lqU_Snz1Lo76XGdnlc&RID=rpc&SID=3BIrvSmthaK5Bs189y8GHA&AID=0&CI=0&TYPE=xmlhttp&zx=iiqovlf1161m&t=1:0
[ 6561502ms] [ERROR] Failed to load resource: the server responded with a status of 400 () @ https://signaler-pa.clients6.google.com/punctual/multi-watch/channel?VER=8&gsessionid=-31XLYReH_wokTo-YuK7YWG9wrCXoZEsSqHhTzcx_kw&key=AIzaSyCIMH2ks6VPAfRC2lqU_Snz1Lo76XGdnlc&RID=rpc&SID=3BIrvSmthaK5Bs189y8GHA&AID=16&CI=0&TYPE=xmlhttp&zx=pfq52alybzks&t=2:0
[ 8293401ms] [ERROR] Failed to load resource: net::ERR_QUIC_PROTOCOL_ERROR.QUIC_PUBLIC_RESET @ https://signaler-pa.clients6.google.com/punctual/multi-watch/channel?VER=8&gsessionid=dMczC-0Ix5W3fIUha-lissykgugGugFe2YFYsgFiEqs&key=AIzaSyCIMH2ks6VPAfRC2lqU_Snz1Lo76XGdnlc&RID=rpc&SID=FRpRkNVPoxBZSBB2By1PqA&AID=0&CI=0&TYPE=xmlhttp&zx=cus3umwwma3f&t=1:0
[ 8293927ms] [ERROR] Failed to load resource: the server responded with a status of 400 () @ https://signaler-pa.clients6.google.com/punctual/multi-watch/channel?VER=8&gsessionid=dMczC-0Ix5W3fIUha-lissykgugGugFe2YFYsgFiEqs&key=AIzaSyCIMH2ks6VPAfRC2lqU_Snz1Lo76XGdnlc&RID=rpc&SID=FRpRkNVPoxBZSBB2By1PqA&AID=8&CI=0&TYPE=xmlhttp&zx=8mo7js5h8y3m&t=2:0
[11958842ms] [ERROR] Failed to load resource: the server responded with a status of 400 () @ https://signaler-pa.clients6.google.com/punctual/multi-watch/channel?VER=8&gsessionid=Dm1bT5T_SgQ7xTud-1JNiDZFOKjSZ01iRiwecqokGS4&key=AIzaSyCIMH2ks6VPAfRC2lqU_Snz1Lo76XGdnlc&RID=rpc&SID=t2Mn70mSjbIgT6-FtLfWVw&AID=7&CI=0&TYPE=xmlhttp&zx=88a7iod7hx6w&t=2:0
[18774157ms] [ERROR] Failed to load resource: net::ERR_CONNECTION_RESET @ https://signaler-pa.clients6.google.com/punctual/multi-watch/channel?VER=8&gsessionid=2vsldJ689FGtu5UjH0j38CAav4oNoE65_lL1JS9j7YE&key=AIzaSyCIMH2ks6VPAfRC2lqU_Snz1Lo76XGdnlc&RID=rpc&SID=ENE31oYixTWh04zi6B13bA&AID=0&CI=0&TYPE=xmlhttp&zx=z6owlig7cvzt&t=1:0
[18775041ms] [ERROR] Failed to load resource: the server responded with a status of 400 () @ https://signaler-pa.clients6.google.com/punctual/multi-watch/channel?VER=8&gsessionid=2vsldJ689FGtu5UjH0j38CAav4oNoE65_lL1JS9j7YE&key=AIzaSyCIMH2ks6VPAfRC2lqU_Snz1Lo76XGdnlc&RID=rpc&SID=ENE31oYixTWh04zi6B13bA&AID=14&CI=0&TYPE=xmlhttp&zx=pxrtlayj9ig9&t=2:0
[20795815ms] [ERROR] Failed to load resource: net::ERR_NETWORK_CHANGED @ https://signaler-pa.clients6.google.com/punctual/multi-watch/channel?VER=8&gsessionid=kc5VXUxV25PDobaOSPn-7fVatnvC-eNlmd2JgAi6-ps&key=AIzaSyCIMH2ks6VPAfRC2lqU_Snz1Lo76XGdnlc&RID=rpc&SID=tgdS56nVVopGLNVGDPoy-g&AID=0&CI=0&TYPE=xmlhttp&zx=7xxso6cyzplc&t=1:0
[20796156ms] [ERROR] Failed to load resource: net::ERR_INTERNET_DISCONNECTED @ https://www.google.com/images/cleardot.gif?zx=rf9vtm287vcq:0
[20796241ms] [ERROR] Failed to load resource: net::ERR_NAME_NOT_RESOLVED @ https://signaler-pa.clients6.google.com/punctual/multi-watch/channel?VER=8&gsessionid=kc5VXUxV25PDobaOSPn-7fVatnvC-eNlmd2JgAi6-ps&key=AIzaSyCIMH2ks6VPAfRC2lqU_Snz1Lo76XGdnlc&RID=rpc&SID=tgdS56nVVopGLNVGDPoy-g&AID=13&CI=0&TYPE=xmlhttp&zx=lrvecqjotsgr&t=2:0
[20796653ms] [ERROR] Failed to load resource: net::ERR_INTERNET_DISCONNECTED @ https://ssl.gstatic.com/ui/v1/icons/mail/images/cleardot.gif?zx=lsc2vhxy8y61:0
[20798301ms] [ERROR] Failed to load resource: net::ERR_INTERNET_DISCONNECTED @ https://appsgenaiserver-pa.clients6.google.com/v1/genai/quotaSummary?key=AIzaSyCDPcz68z1ZGJA8IVimM9m5AvP64-gbfiA:0
[20798302ms] [ERROR] Failed to load resource: net::ERR_INTERNET_DISCONNECTED @ https://appsgenaiserver-pa.clients6.google.com/v1/genai/quotaSummary?key=AIzaSyCDPcz68z1ZGJA8IVimM9m5AvP64-gbfiA:0
[20798302ms] [ERROR] Failed to load resource: net::ERR_INTERNET_DISCONNECTED @ https://appsgenaiserver-pa.clients6.google.com/v1/genai/quotaSummary?key=AIzaSyCDPcz68z1ZGJA8IVimM9m5AvP64-gbfiA:0
[20798302ms] [ERROR] Failed to load resource: net::ERR_INTERNET_DISCONNECTED @ https://appsgenaiserver-pa.clients6.google.com/v1/genai/quotaSummary?key=AIzaSyCDPcz68z1ZGJA8IVimM9m5AvP64-gbfiA:0
[20798407ms] [ERROR] Failed to load resource: net::ERR_INTERNET_DISCONNECTED @ https://mail.google.com/mail/u/0/jserror?script=https%3A%2F%2Fmail.google.com%2Fmail%2Fu%2F0%2F&line=Not%20available&error_in_body=1:0
[20798408ms] [ERROR] Failed to load resource: net::ERR_INTERNET_DISCONNECTED @ https://mail.google.com/mail/u/0/jserror?script=https%3A%2F%2Fmail.google.com%2Fmail%2Fu%2F0%2F&line=Not%20available&error_in_body=1:0
[20798410ms] [ERROR] Failed to load resource: net::ERR_INTERNET_DISCONNECTED @ https://mail.google.com/mail/u/0/jserror?script=https%3A%2F%2Fmail.google.com%2Fmail%2Fu%2F0%2F&line=Not%20available&error_in_body=1:0
[20798411ms] [ERROR] Failed to load resource: net::ERR_INTERNET_DISCONNECTED @ https://mail.google.com/mail/u/0/jserror?script=https%3A%2F%2Fmail.google.com%2Fmail%2Fu%2F0%2F&line=Not%20available&error_in_body=1:0
[20798516ms] [ERROR] Failed to load resource: net::ERR_INTERNET_DISCONNECTED @ https://mail.google.com/mail/u/0/jserror?script=https%3A%2F%2Fmail.google.com%2Fmail%2Fu%2F0%2F&line=Not%20available&error_in_body=1:0
[20798517ms] [ERROR] Failed to load resource: net::ERR_INTERNET_DISCONNECTED @ https://mail.google.com/mail/u/0/jserror?script=https%3A%2F%2Fmail.google.com%2Fmail%2Fu%2F0%2F&line=Not%20available&error_in_body=1:0
[20799530ms] [ERROR] Failed to load resource: net::ERR_INTERNET_DISCONNECTED @ https://mail.google.com/mail/u/0/jserror?script=https%3A%2F%2Fmail.google.com%2Fmail%2Fu%2F0%2F&line=Not%20available&error_in_body=1:0
[20799531ms] [ERROR] Failed to load resource: net::ERR_INTERNET_DISCONNECTED @ https://mail.google.com/mail/u/0/jserror?script=https%3A%2F%2Fmail.google.com%2Fmail%2Fu%2F0%2F&line=Not%20available&error_in_body=1:0
[20802121ms] [ERROR] Failed to load resource: net::ERR_INTERNET_DISCONNECTED @ https://www.google.com/images/cleardot.gif?zx=5rbb2kza9ww4:0
[20807594ms] [ERROR] Failed to load resource: net::ERR_INTERNET_DISCONNECTED @ https://play.google.com/log?format=json&hasfast=true&authuser=0:0
[20807844ms] [ERROR] Failed to load resource: net::ERR_INTERNET_DISCONNECTED @ https://ssl.gstatic.com/ui/v1/icons/mail/images/cleardot.gif?zx=e7m0b4cm5wqj:0
[20808399ms] [ERROR] Failed to load resource: net::ERR_INTERNET_DISCONNECTED @ https://mail.google.com/mail/u/0/jserror?script=https%3A%2F%2Fmail.google.com%2Fmail%2Fu%2F0%2F&line=Not%20available&error_in_body=1:0
[20808416ms] [ERROR] Failed to load resource: net::ERR_INTERNET_DISCONNECTED @ https://mail.google.com/mail/u/0/jserror?script=https%3A%2F%2Fmail.google.com%2Fmail%2Fu%2F0%2F&line=Not%20available&error_in_body=1:0
[20808522ms] [ERROR] Failed to load resource: net::ERR_INTERNET_DISCONNECTED @ https://mail.google.com/mail/u/0/jserror?script=https%3A%2F%2Fmail.google.com%2Fmail%2Fu%2F0%2F&line=Not%20available&error_in_body=1:0
[20809467ms] [ERROR] Failed to load resource: net::ERR_INTERNET_DISCONNECTED @ https://signaler-pa.clients6.google.com/punctual/multi-watch/channel?VER=8&gsessionid=kc5VXUxV25PDobaOSPn-7fVatnvC-eNlmd2JgAi6-ps&key=AIzaSyCIMH2ks6VPAfRC2lqU_Snz1Lo76XGdnlc&RID=rpc&SID=tgdS56nVVopGLNVGDPoy-g&AID=13&CI=0&TYPE=xmlhttp&zx=e8tmqrp2svrl&t=3:0
[20809530ms] [ERROR] Failed to load resource: net::ERR_INTERNET_DISCONNECTED @ https://mail.google.com/mail/u/0/jserror?script=https%3A%2F%2Fmail.google.com%2Fmail%2Fu%2F0%2F&line=Not%20available&error_in_body=1:0
[20817853ms] [ERROR] Failed to load resource: net::ERR_INTERNET_DISCONNECTED @ https://ssl.gstatic.com/ui/v1/icons/mail/images/cleardot.gif?zx=d5zhb5er8tcn:0
[20827864ms] [ERROR] Failed to load resource: net::ERR_INTERNET_DISCONNECTED @ https://ssl.gstatic.com/ui/v1/icons/mail/images/cleardot.gif?zx=vbjspr9f5nnq:0
[20831365ms] [ERROR] Failed to load resource: net::ERR_INTERNET_DISCONNECTED @ https://signaler-pa.clients6.google.com/punctual/multi-watch/channel?VER=8&gsessionid=kc5VXUxV25PDobaOSPn-7fVatnvC-eNlmd2JgAi6-ps&key=AIzaSyCIMH2ks6VPAfRC2lqU_Snz1Lo76XGdnlc&RID=rpc&SID=tgdS56nVVopGLNVGDPoy-g&AID=13&CI=0&TYPE=xmlhttp&zx=cj731k43uc5h&t=4:0
[20831376ms] [ERROR] Failed to load resource: net::ERR_INTERNET_DISCONNECTED @ https://www.google.com/images/cleardot.gif?zx=17x3fvvnhvr0:0
[20831380ms] [ERROR] Failed to load resource: net::ERR_INTERNET_DISCONNECTED @ https://signaler-pa.clients6.google.com/punctual/v1/chooseServer?key=AIzaSyCIMH2ks6VPAfRC2lqU_Snz1Lo76XGdnlc:0
[20831827ms] [ERROR] Failed to load resource: net::ERR_INTERNET_DISCONNECTED @ https://signaler-pa.clients6.google.com/punctual/v1/chooseServer?key=AIzaSyCIMH2ks6VPAfRC2lqU_Snz1Lo76XGdnlc:0
[20832713ms] [ERROR] Failed to load resource: net::ERR_INTERNET_DISCONNECTED @ https://signaler-pa.clients6.google.com/punctual/v1/chooseServer?key=AIzaSyCIMH2ks6VPAfRC2lqU_Snz1Lo76XGdnlc:0
[20834393ms] [ERROR] Failed to load resource: net::ERR_INTERNET_DISCONNECTED @ https://signaler-pa.clients6.google.com/punctual/v1/chooseServer?key=AIzaSyCIMH2ks6VPAfRC2lqU_Snz1Lo76XGdnlc:0
[20837636ms] [ERROR] Failed to load resource: net::ERR_INTERNET_DISCONNECTED @ https://signaler-pa.clients6.google.com/punctual/v1/chooseServer?key=AIzaSyCIMH2ks6VPAfRC2lqU_Snz1Lo76XGdnlc:0
[20837873ms] [ERROR] Failed to load resource: net::ERR_INTERNET_DISCONNECTED @ https://ssl.gstatic.com/ui/v1/icons/mail/images/cleardot.gif?zx=3vtm1uu4btun:0
[20887730ms] [ERROR] Failed to load resource: net::ERR_INTERNET_DISCONNECTED @ https://signaler-pa.clients6.google.com/punctual/v1/chooseServer?key=AIzaSyCIMH2ks6VPAfRC2lqU_Snz1Lo76XGdnlc:0
[20890982ms] [ERROR] Failed to load resource: net::ERR_INTERNET_DISCONNECTED @ https://ssl.gstatic.com/ui/v1/icons/mail/images/cleardot.gif?zx=7uc0tdleegqf:0
[20900990ms] [ERROR] Failed to load resource: net::ERR_INTERNET_DISCONNECTED @ https://ssl.gstatic.com/ui/v1/icons/mail/images/cleardot.gif?zx=hmp3qxz244ra:0
[20903122ms] [ERROR] Failed to load resource: net::ERR_INTERNET_DISCONNECTED @ https://signaler-pa.clients6.google.com/punctual/v1/chooseServer?key=AIzaSyCIMH2ks6VPAfRC2lqU_Snz1Lo76XGdnlc:0
[20911006ms] [ERROR] Failed to load resource: net::ERR_INTERNET_DISCONNECTED @ https://ssl.gstatic.com/ui/v1/icons/mail/images/cleardot.gif?zx=8kkstfo7yc9x:0
[20924443ms] [ERROR] Failed to load resource: net::ERR_NAME_NOT_RESOLVED @ https://ssl.gstatic.com/ui/v1/icons/mail/images/cleardot.gif?zx=c7it3rt7s98e:0
[20924957ms] [ERROR] Failed to load resource: net::ERR_NAME_NOT_RESOLVED @ https://keep-pa.clients6.google.com/v1/notes:getNoteChanges?key=AIzaSyBpHbNXC7zzWT2Pt4MiVi15ofZYhNURiSc&alt=json:0
[20925578ms] [ERROR] Failed to load resource: net::ERR_NAME_NOT_RESOLVED @ https://tasks.google.com/_/TasksWebEmbedUi/data/batchexecute?rpcids=SOV0tb&source-path=%2Fembed%2F&f.sid=1655645182736966673&bl=boq_taskswebuiserver_20260614.08_p0&hl=en&soc-app=617&soc-platform=1&soc-device=1&_reqid=776608&rt=c:0
[20925650ms] [ERROR] Failed to load resource: net::ERR_NAME_NOT_RESOLVED @ https://keep-pa.clients6.google.com/v1/notes:getNoteChanges?key=AIzaSyBpHbNXC7zzWT2Pt4MiVi15ofZYhNURiSc&alt=json:0
[20926476ms] [ERROR] Failed to load resource: net::ERR_NAME_NOT_RESOLVED @ https://keep-pa.clients6.google.com/v1/notes:getNoteChanges?key=AIzaSyBpHbNXC7zzWT2Pt4MiVi15ofZYhNURiSc&alt=json:0
[20926563ms] [ERROR] Failed to load resource: net::ERR_NAME_NOT_RESOLVED @ https://play.google.com/log?format=json&hasfast=true&authuser=0:0
[20927035ms] [ERROR] Failed to load resource: net::ERR_NAME_NOT_RESOLVED @ https://tasks.google.com/_/TasksWebEmbedUi/data/batchexecute?rpcids=SOV0tb&source-path=%2Fembed%2F&f.sid=1655645182736966673&bl=boq_taskswebuiserver_20260614.08_p0&hl=en&soc-app=617&soc-platform=1&soc-device=1&_reqid=876608&rt=c:0
[20928487ms] [ERROR] Failed to load resource: net::ERR_NAME_NOT_RESOLVED @ https://keep-pa.clients6.google.com/v1/notes:getNoteChanges?key=AIzaSyBpHbNXC7zzWT2Pt4MiVi15ofZYhNURiSc&alt=json:0
[20930953ms] [ERROR] Failed to load resource: net::ERR_NAME_NOT_RESOLVED @ https://tasks.google.com/_/TasksWebEmbedUi/data/batchexecute?rpcids=SOV0tb&source-path=%2Fembed%2F&f.sid=1655645182736966673&bl=boq_taskswebuiserver_20260614.08_p0&hl=en&soc-app=617&soc-platform=1&soc-device=1&_reqid=976608&rt=c:0
[20943324ms] [ERROR] Failed to load resource: net::ERR_INTERNET_DISCONNECTED @ https://ssl.gstatic.com/ui/v1/icons/mail/images/cleardot.gif?zx=fa3tntiht9s:0
[20943324ms] [ERROR] Failed to load resource: net::ERR_INTERNET_DISCONNECTED @ https://www.google.com/images/cleardot.gif?zx=xqb761iwzryw:0
[20943626ms] [ERROR] Failed to load resource: net::ERR_INTERNET_DISCONNECTED @ https://play.google.com/log?format=json&hasfast=true&authuser=0:0
[20943771ms] [ERROR] Failed to load resource: net::ERR_INTERNET_DISCONNECTED @ https://signaler-pa.clients6.google.com/punctual/v1/chooseServer?key=AIzaSyCIMH2ks6VPAfRC2lqU_Snz1Lo76XGdnlc:0
[20944606ms] [ERROR] Failed to load resource: net::ERR_INTERNET_DISCONNECTED @ https://play.google.com/log?format=json&hasfast=true&authuser=0:0
[20945403ms] [ERROR] Failed to load resource: net::ERR_INTERNET_DISCONNECTED @ https://play.google.com/log?format=json&hasfast=true&authuser=0:0
[20948416ms] [ERROR] Failed to load resource: net::ERR_INTERNET_DISCONNECTED @ https://www.google.com/images/cleardot.gif?zx=cu7huq87glvs:0
[25646281ms] [ERROR] Failed to load resource: net::ERR_QUIC_PROTOCOL_ERROR.QUIC_PUBLIC_RESET @ https://signaler-pa.clients6.google.com/punctual/multi-watch/channel?VER=8&gsessionid=8R-VzhRPIRAAN8jvvHxk-ikgs_jrd30r5WnXM9k8RfM&key=AIzaSyCIMH2ks6VPAfRC2lqU_Snz1Lo76XGdnlc&RID=rpc&SID=RBzCa7tQ2MvEanQJBos3Jw&AID=0&CI=0&TYPE=xmlhttp&zx=srk70wmcfk78&t=1:0
[25646716ms] [ERROR] Failed to load resource: the server responded with a status of 400 () @ https://signaler-pa.clients6.google.com/punctual/multi-watch/channel?VER=8&gsessionid=8R-VzhRPIRAAN8jvvHxk-ikgs_jrd30r5WnXM9k8RfM&key=AIzaSyCIMH2ks6VPAfRC2lqU_Snz1Lo76XGdnlc&RID=rpc&SID=RBzCa7tQ2MvEanQJBos3Jw&AID=13&CI=0&TYPE=xmlhttp&zx=9459rbzet00&t=2:0
[30003708ms] [ERROR] Failed to load resource: net::ERR_QUIC_PROTOCOL_ERROR.QUIC_PUBLIC_RESET @ https://signaler-pa.clients6.google.com/punctual/multi-watch/channel?VER=8&gsessionid=xvw-DFwawUQ2HK-1ceG9zlZshT6doXYT3oXCqMMIlzU&key=AIzaSyCIMH2ks6VPAfRC2lqU_Snz1Lo76XGdnlc&RID=rpc&SID=x5ek9QtUWWd9yzauFgCwOw&AID=0&CI=0&TYPE=xmlhttp&zx=t3jk3lpl4jpj&t=1:0
[30004876ms] [ERROR] Failed to load resource: the server responded with a status of 400 () @ https://signaler-pa.clients6.google.com/punctual/multi-watch/channel?VER=8&gsessionid=xvw-DFwawUQ2HK-1ceG9zlZshT6doXYT3oXCqMMIlzU&key=AIzaSyCIMH2ks6VPAfRC2lqU_Snz1Lo76XGdnlc&RID=rpc&SID=x5ek9QtUWWd9yzauFgCwOw&AID=17&CI=0&TYPE=xmlhttp&zx=qm9j6nk72xug&t=2:0
[32186110ms] [ERROR] Failed to load resource: net::ERR_QUIC_PROTOCOL_ERROR.QUIC_PUBLIC_RESET @ https://signaler-pa.clients6.google.com/punctual/multi-watch/channel?VER=8&gsessionid=0S7_gXjr1pegaq0FzUPypIowaUGx4IpB14bEmlkVXAk&key=AIzaSyCIMH2ks6VPAfRC2lqU_Snz1Lo76XGdnlc&RID=rpc&SID=_x_Kr3-gR8hUhkmCar4B1g&AID=0&CI=0&TYPE=xmlhttp&zx=4v2uzqpw8sem&t=1:0
[32186726ms] [ERROR] Failed to load resource: the server responded with a status of 400 () @ https://signaler-pa.clients6.google.com/punctual/multi-watch/channel?VER=8&gsessionid=0S7_gXjr1pegaq0FzUPypIowaUGx4IpB14bEmlkVXAk&key=AIzaSyCIMH2ks6VPAfRC2lqU_Snz1Lo76XGdnlc&RID=rpc&SID=_x_Kr3-gR8hUhkmCar4B1g&AID=13&CI=0&TYPE=xmlhttp&zx=avrdafcwzr5d&t=2:0
[33333481ms] [ERROR] Failed to load resource: net::ERR_QUIC_PROTOCOL_ERROR.QUIC_PUBLIC_RESET @ https://signaler-pa.clients6.google.com/punctual/multi-watch/channel?VER=8&gsessionid=6CwEOYVkW-wIkLf2Nmwb2hNlQMe9jMB8ZwvhQWQrD5A&key=AIzaSyCIMH2ks6VPAfRC2lqU_Snz1Lo76XGdnlc&RID=rpc&SID=xCMlNv3UFfqrm_FCVmr1Hw&AID=0&CI=0&TYPE=xmlhttp&zx=9clbixog4rs8&t=1:0
[33333920ms] [ERROR] Failed to load resource: the server responded with a status of 400 () @ https://signaler-pa.clients6.google.com/punctual/multi-watch/channel?VER=8&gsessionid=6CwEOYVkW-wIkLf2Nmwb2hNlQMe9jMB8ZwvhQWQrD5A&key=AIzaSyCIMH2ks6VPAfRC2lqU_Snz1Lo76XGdnlc&RID=rpc&SID=xCMlNv3UFfqrm_FCVmr1Hw&AID=15&CI=0&TYPE=xmlhttp&zx=6m3w6woey43g&t=2:0
[34317758ms] [ERROR] Failed to load resource: net::ERR_QUIC_PROTOCOL_ERROR.QUIC_PUBLIC_RESET @ https://signaler-pa.clients6.google.com/punctual/multi-watch/channel?VER=8&gsessionid=gSuP6Pq_0QNzqmouCohD9dSk4cHd7yjKba3KoOvxR44&key=AIzaSyCIMH2ks6VPAfRC2lqU_Snz1Lo76XGdnlc&RID=rpc&SID=JFh9r0gJppTKaCui0JBYYw&AID=0&CI=0&TYPE=xmlhttp&zx=t16r39t2c0qh&t=1:0
[34318285ms] [ERROR] Failed to load resource: the server responded with a status of 400 () @ https://signaler-pa.clients6.google.com/punctual/multi-watch/channel?VER=8&gsessionid=gSuP6Pq_0QNzqmouCohD9dSk4cHd7yjKba3KoOvxR44&key=AIzaSyCIMH2ks6VPAfRC2lqU_Snz1Lo76XGdnlc&RID=rpc&SID=JFh9r0gJppTKaCui0JBYYw&AID=13&CI=0&TYPE=xmlhttp&zx=mw7g2tsgotj3&t=2:0
[35323729ms] [ERROR] Failed to load resource: the server responded with a status of 400 () @ https://signaler-pa.clients6.google.com/punctual/multi-watch/channel?VER=8&gsessionid=gTeCbYcg74ccCpfRm6ABwUOJDhtJl3TmcS4sd464h9c&key=AIzaSyCIMH2ks6VPAfRC2lqU_Snz1Lo76XGdnlc&RID=rpc&SID=jFc5r5dUxkzabOn5_9YG5g&AID=0&CI=1&TYPE=xmlhttp&zx=goyqz5vaq3mc&t=1:0
[36998477ms] [ERROR] Failed to load resource: net::ERR_QUIC_PROTOCOL_ERROR.QUIC_PUBLIC_RESET @ https://signaler-pa.clients6.google.com/punctual/multi-watch/channel?VER=8&gsessionid=utuK5Nx1b55sh6DRRx6bMmunkZx0f4qTKTL4n1wwBkY&key=AIzaSyCIMH2ks6VPAfRC2lqU_Snz1Lo76XGdnlc&RID=rpc&SID=AbeK8j_u9Wuc6kRUlrKDZw&AID=0&CI=0&TYPE=xmlhttp&zx=a5o94ies36vq&t=1:0
[36999069ms] [ERROR] Failed to load resource: the server responded with a status of 400 () @ https://signaler-pa.clients6.google.com/punctual/multi-watch/channel?VER=8&gsessionid=utuK5Nx1b55sh6DRRx6bMmunkZx0f4qTKTL4n1wwBkY&key=AIzaSyCIMH2ks6VPAfRC2lqU_Snz1Lo76XGdnlc&RID=rpc&SID=AbeK8j_u9Wuc6kRUlrKDZw&AID=13&CI=0&TYPE=xmlhttp&zx=qfdwbqdjb4d&t=2:0
[40157619ms] [ERROR] Failed to load resource: net::ERR_QUIC_PROTOCOL_ERROR.QUIC_PUBLIC_RESET @ https://signaler-pa.clients6.google.com/punctual/multi-watch/channel?VER=8&gsessionid=zqqf4M5TGz62zzd42HyoKErUOS3ec1ccpTcjalm_LJw&key=AIzaSyCIMH2ks6VPAfRC2lqU_Snz1Lo76XGdnlc&RID=rpc&SID=SPU6mItrxTPrX0VRIqbA_g&AID=0&CI=0&TYPE=xmlhttp&zx=hbunkwd5nmel&t=1:0
[40650173ms] [ERROR] Failed to load resource: the server responded with a status of 400 () @ https://signaler-pa.clients6.google.com/punctual/multi-watch/channel?VER=8&gsessionid=zqqf4M5TGz62zzd42HyoKErUOS3ec1ccpTcjalm_LJw&key=AIzaSyCIMH2ks6VPAfRC2lqU_Snz1Lo76XGdnlc&RID=rpc&SID=SPU6mItrxTPrX0VRIqbA_g&AID=19&CI=0&TYPE=xmlhttp&zx=i7uahpbxf9ys&t=2:0
[42861640ms] [ERROR] Failed to load resource: net::ERR_QUIC_PROTOCOL_ERROR.QUIC_PUBLIC_RESET @ https://signaler-pa.clients6.google.com/punctual/multi-watch/channel?VER=8&gsessionid=PkFhV67fy2zGyjdGdijZtIza-hL-lcjW9WESEwycwew&key=AIzaSyCIMH2ks6VPAfRC2lqU_Snz1Lo76XGdnlc&RID=rpc&SID=TCz481e9rBe7E5_NuQyrLg&AID=0&CI=0&TYPE=xmlhttp&zx=vrxkp11g9v8b&t=1:0
[42862891ms] [ERROR] Failed to load resource: the server responded with a status of 400 () @ https://signaler-pa.clients6.google.com/punctual/multi-watch/channel?VER=8&gsessionid=PkFhV67fy2zGyjdGdijZtIza-hL-lcjW9WESEwycwew&key=AIzaSyCIMH2ks6VPAfRC2lqU_Snz1Lo76XGdnlc&RID=rpc&SID=TCz481e9rBe7E5_NuQyrLg&AID=18&CI=0&TYPE=xmlhttp&zx=fe655gdry9av&t=2:0
[44316029ms] [ERROR] Failed to load resource: net::ERR_CONNECTION_RESET @ https://signaler-pa.clients6.google.com/punctual/multi-watch/channel?VER=8&gsessionid=qxtkjymKFlu-7OSzq7hJZFvPU1_Gjc-3qhS70EhIcvk&key=AIzaSyCIMH2ks6VPAfRC2lqU_Snz1Lo76XGdnlc&RID=rpc&SID=eZqgLUbdCm-bO26t9t51mg&AID=0&CI=0&TYPE=xmlhttp&zx=q48az5qf2y6g&t=1:0
[44316273ms] [ERROR] Failed to load resource: the server responded with a status of 400 () @ https://signaler-pa.clients6.google.com/punctual/multi-watch/channel?VER=8&gsessionid=qxtkjymKFlu-7OSzq7hJZFvPU1_Gjc-3qhS70EhIcvk&key=AIzaSyCIMH2ks6VPAfRC2lqU_Snz1Lo76XGdnlc&SID=eZqgLUbdCm-bO26t9t51mg&RID=51479&AID=8&zx=347fyrrjhhwj&t=1:0
[47963527ms] [ERROR] Failed to load resource: net::ERR_NETWORK_IO_SUSPENDED @ https://signaler-pa.clients6.google.com/punctual/multi-watch/channel?VER=8&gsessionid=VM9btmjiWaH7FBwHkJc4slqtdG8otAg5PcWLiYAi0yk&key=AIzaSyCIMH2ks6VPAfRC2lqU_Snz1Lo76XGdnlc&RID=rpc&SID=FUMRYodaPwrPUtkbGH8tgQ&AID=0&CI=0&TYPE=xmlhttp&zx=bio37m59nyz2&t=1:0
[47966924ms] [ERROR] Failed to load resource: the server responded with a status of 400 () @ https://signaler-pa.clients6.google.com/punctual/multi-watch/channel?VER=8&gsessionid=VM9btmjiWaH7FBwHkJc4slqtdG8otAg5PcWLiYAi0yk&key=AIzaSyCIMH2ks6VPAfRC2lqU_Snz1Lo76XGdnlc&RID=rpc&SID=FUMRYodaPwrPUtkbGH8tgQ&AID=7&CI=0&TYPE=xmlhttp&zx=wjc0b1dljdr0&t=2:0
[49023518ms] [ERROR] Failed to load resource: the server responded with a status of 400 () @ https://signaler-pa.clients6.google.com/punctual/multi-watch/channel?VER=8&gsessionid=yjlRbO7Dw8dIpQyVqEYUJgjHLkiRDjPkbW9NvVBGkkk&key=AIzaSyCIMH2ks6VPAfRC2lqU_Snz1Lo76XGdnlc&RID=rpc&SID=YQfG4kN3pqG8oAFJqbS6Kg&AID=0&CI=1&TYPE=xmlhttp&zx=jl8itjszag8p&t=1:0
[50062054ms] [ERROR] Failed to load resource: net::ERR_CONNECTION_RESET @ https://signaler-pa.clients6.google.com/punctual/multi-watch/channel?VER=8&gsessionid=o0lYs-sgjhuxfF7F0cWL5SDjkd52IZZOHxBd1OA9C08&key=AIzaSyCIMH2ks6VPAfRC2lqU_Snz1Lo76XGdnlc&RID=rpc&SID=-2MXGOatLr2Qv6RWS4uFgw&AID=0&CI=0&TYPE=xmlhttp&zx=7v7hgd29p18u&t=1:0
[50062058ms] [ERROR] Failed to load resource: the server responded with a status of 400 () @ https://signaler-pa.clients6.google.com/punctual/multi-watch/channel?VER=8&gsessionid=o0lYs-sgjhuxfF7F0cWL5SDjkd52IZZOHxBd1OA9C08&key=AIzaSyCIMH2ks6VPAfRC2lqU_Snz1Lo76XGdnlc&SID=-2MXGOatLr2Qv6RWS4uFgw&RID=13873&AID=8&zx=oeb0981700ag&t=1:0
[53067030ms] [ERROR] Failed to load resource: net::ERR_CONNECTION_RESET @ https://signaler-pa.clients6.google.com/punctual/multi-watch/channel?VER=8&gsessionid=D1iHDnwEGosZO9214VN2DeEiX1-bF2hB4pXWv8HWtGs&key=AIzaSyCIMH2ks6VPAfRC2lqU_Snz1Lo76XGdnlc&RID=rpc&SID=pz9L6kyca9n26k0JoMTbcw&AID=0&CI=0&TYPE=xmlhttp&zx=v18h7u6r5t7&t=1:0
[56241042ms] [ERROR] Failed to load resource: the server responded with a status of 400 () @ https://signaler-pa.clients6.google.com/punctual/multi-watch/channel?VER=8&gsessionid=D1iHDnwEGosZO9214VN2DeEiX1-bF2hB4pXWv8HWtGs&key=AIzaSyCIMH2ks6VPAfRC2lqU_Snz1Lo76XGdnlc&RID=rpc&SID=pz9L6kyca9n26k0JoMTbcw&AID=5&CI=0&TYPE=xmlhttp&zx=39uriqgkd4lu&t=3:0
[58860816ms] [ERROR] Failed to load resource: net::ERR_CONNECTION_RESET @ https://signaler-pa.clients6.google.com/punctual/multi-watch/channel?VER=8&gsessionid=53_N8KmcULiTdsD5gqr7CaBfhyQ-OxdGYHaGT78erbM&key=AIzaSyCIMH2ks6VPAfRC2lqU_Snz1Lo76XGdnlc&RID=rpc&SID=xd0_NFAQNJ7ezgztkZLFcA&AID=0&CI=0&TYPE=xmlhttp&zx=yutf64xu0mnk&t=1:0
[58861530ms] [ERROR] Failed to load resource: the server responded with a status of 400 () @ https://signaler-pa.clients6.google.com/punctual/multi-watch/channel?VER=8&gsessionid=53_N8KmcULiTdsD5gqr7CaBfhyQ-OxdGYHaGT78erbM&key=AIzaSyCIMH2ks6VPAfRC2lqU_Snz1Lo76XGdnlc&RID=rpc&SID=xd0_NFAQNJ7ezgztkZLFcA&AID=13&CI=0&TYPE=xmlhttp&zx=xlnk8r6sd4xu&t=2:0
[59690037ms] [ERROR] Failed to load resource: net::ERR_CONNECTION_RESET @ https://signaler-pa.clients6.google.com/punctual/multi-watch/channel?VER=8&gsessionid=CyYbXvba9znWPCOcLkTYbJM2GNnMvRtl2-KXZxWMppM&key=AIzaSyCIMH2ks6VPAfRC2lqU_Snz1Lo76XGdnlc&RID=rpc&SID=ljek_ngPdpkHODDN_LJokw&AID=0&CI=0&TYPE=xmlhttp&zx=oh9xlr5bygg&t=1:0
[59693258ms] [ERROR] Failed to load resource: the server responded with a status of 400 () @ https://signaler-pa.clients6.google.com/punctual/multi-watch/channel?VER=8&gsessionid=CyYbXvba9znWPCOcLkTYbJM2GNnMvRtl2-KXZxWMppM&key=AIzaSyCIMH2ks6VPAfRC2lqU_Snz1Lo76XGdnlc&RID=rpc&SID=ljek_ngPdpkHODDN_LJokw&AID=13&CI=0&TYPE=xmlhttp&zx=i3p58c4rg33a&t=2:0
[62487567ms] [ERROR] Failed to load resource: net::ERR_QUIC_PROTOCOL_ERROR.QUIC_PUBLIC_RESET @ https://signaler-pa.clients6.google.com/punctual/multi-watch/channel?VER=8&gsessionid=FMYH1sHYFAzrOq7iYJg76tIMe7gS3lAJS4KG-C56Kow&key=AIzaSyCIMH2ks6VPAfRC2lqU_Snz1Lo76XGdnlc&RID=rpc&SID=zQ6KPHiGnRqq6s1V59YZWQ&AID=39&CI=0&TYPE=xmlhttp&zx=3xd4udxyb9sk&t=1:0
[62488031ms] [ERROR] Failed to load resource: the server responded with a status of 400 () @ https://signaler-pa.clients6.google.com/punctual/multi-watch/channel?VER=8&gsessionid=FMYH1sHYFAzrOq7iYJg76tIMe7gS3lAJS4KG-C56Kow&key=AIzaSyCIMH2ks6VPAfRC2lqU_Snz1Lo76XGdnlc&RID=rpc&SID=zQ6KPHiGnRqq6s1V59YZWQ&AID=47&CI=0&TYPE=xmlhttp&zx=6lhadnrzpwkn&t=2:0
[65541542ms] [ERROR] Failed to load resource: net::ERR_QUIC_PROTOCOL_ERROR.QUIC_PUBLIC_RESET @ https://signaler-pa.clients6.google.com/punctual/multi-watch/channel?VER=8&gsessionid=luLAcACZ6tWT6FLmLjDi7VTpHv0yhVriGwQgKf1k9vU&key=AIzaSyCIMH2ks6VPAfRC2lqU_Snz1Lo76XGdnlc&RID=rpc&SID=ctmmmx8XDw8ASBWHl0xN1A&AID=0&CI=0&TYPE=xmlhttp&zx=3n4ap8zw1yu&t=1:0
[65541941ms] [ERROR] Failed to load resource: the server responded with a status of 400 () @ https://signaler-pa.clients6.google.com/punctual/multi-watch/channel?VER=8&gsessionid=luLAcACZ6tWT6FLmLjDi7VTpHv0yhVriGwQgKf1k9vU&key=AIzaSyCIMH2ks6VPAfRC2lqU_Snz1Lo76XGdnlc&RID=rpc&SID=ctmmmx8XDw8ASBWHl0xN1A&AID=13&CI=0&TYPE=xmlhttp&zx=s9i3e7ngcr4c&t=2:0
[66962439ms] [ERROR] Failed to load resource: net::ERR_QUIC_PROTOCOL_ERROR.QUIC_PUBLIC_RESET @ https://signaler-pa.clients6.google.com/punctual/multi-watch/channel?VER=8&gsessionid=pFDXgH3dYbE7vOaMgLbaCFdAt7sIcG33LpK0T-M49X4&key=AIzaSyCIMH2ks6VPAfRC2lqU_Snz1Lo76XGdnlc&RID=rpc&SID=EYzZ8sbLRBy_8B9CAJxp2Q&AID=0&CI=0&TYPE=xmlhttp&zx=pb7sfooo1175&t=1:0
[66963112ms] [ERROR] Failed to load resource: the server responded with a status of 400 () @ https://signaler-pa.clients6.google.com/punctual/multi-watch/channel?VER=8&gsessionid=pFDXgH3dYbE7vOaMgLbaCFdAt7sIcG33LpK0T-M49X4&key=AIzaSyCIMH2ks6VPAfRC2lqU_Snz1Lo76XGdnlc&RID=rpc&SID=EYzZ8sbLRBy_8B9CAJxp2Q&AID=13&CI=0&TYPE=xmlhttp&zx=cxl5ss3hhs3&t=2:0
[67312838ms] [ERROR] Failed to load resource: the server responded with a status of 500 () @ https://addons-pa.clients6.google.com/$rpc/google.internal.apps.addons.v1.AddOnService/ListInstallations:0
[69204725ms] [ERROR] Failed to load resource: net::ERR_QUIC_PROTOCOL_ERROR.QUIC_TOO_MANY_RTOS @ https://signaler-pa.clients6.google.com/punctual/multi-watch/channel?VER=8&gsessionid=DKmU1pd_VpYtiJkTSGfOiqmNAyiCktWeQScVYqjjTtw&key=AIzaSyCIMH2ks6VPAfRC2lqU_Snz1Lo76XGdnlc&RID=rpc&SID=MH8L8Ohj1sUQpEdkz6VbPg&AID=44&CI=0&TYPE=xmlhttp&zx=3vxaooj9dx3&t=1:0
[69205170ms] [ERROR] Failed to load resource: the server responded with a status of 400 () @ https://signaler-pa.clients6.google.com/punctual/multi-watch/channel?VER=8&gsessionid=DKmU1pd_VpYtiJkTSGfOiqmNAyiCktWeQScVYqjjTtw&key=AIzaSyCIMH2ks6VPAfRC2lqU_Snz1Lo76XGdnlc&RID=rpc&SID=MH8L8Ohj1sUQpEdkz6VbPg&AID=51&CI=0&TYPE=xmlhttp&zx=19kvraaofv1e&t=2:0
[69311281ms] [ERROR] Failed to load resource: net::ERR_NAME_NOT_RESOLVED @ https://ssl.gstatic.com/ui/v1/icons/mail/images/cleardot.gif?zx=cbaab2c99cca:0
[69317557ms] [ERROR] Failed to load resource: net::ERR_QUIC_PROTOCOL_ERROR.QUIC_PACKET_WRITE_ERROR @ https://signaler-pa.clients6.google.com/punctual/multi-watch/channel?VER=8&gsessionid=mFSoJf2BFsk93AV0GfhULR2LUBTW3IyZvC5TSb0XyIs&key=AIzaSyCIMH2ks6VPAfRC2lqU_Snz1Lo76XGdnlc&RID=rpc&SID=AbkAZqj9ZCp3NdxcyERYbA&AID=0&CI=0&TYPE=xmlhttp&zx=c7mhpe5kir66&t=1:0
[69341549ms] [ERROR] Failed to load resource: net::ERR_NETWORK_CHANGED @ https://mail.google.com/sync/u/0/i/bv?hl=en&c=100&rt=r&pt=ji:0
[69341568ms] [ERROR] Failed to load resource: net::ERR_NETWORK_CHANGED @ https://ssl.gstatic.com/ui/v1/icons/mail/images/cleardot.gif?zx=hksksawal67v:0
[69341568ms] [ERROR] Failed to load resource: net::ERR_NETWORK_CHANGED @ https://ssl.gstatic.com/ui/v1/icons/mail/images/cleardot.gif?zx=qk6sx37asc0y:0
[69341569ms] [ERROR] Failed to load resource: net::ERR_NETWORK_CHANGED @ https://ssl.gstatic.com/ui/v1/icons/mail/images/cleardot.gif?zx=mav7jyshdav3:0
[69341569ms] [ERROR] Failed to load resource: net::ERR_NETWORK_CHANGED @ https://tasks.google.com/_/TasksWebEmbedUi/gen204/?tmambps=0.00046782409641712725&rtembps=-1&rttms=8.502152256590808&ct=undefined:0
[69341598ms] [ERROR] Failed to load resource: net::ERR_NETWORK_CHANGED @ https://play.google.com/log?format=json&hasfast=true&authuser=0:0
[69341673ms] [ERROR] Failed to load resource: net::ERR_NETWORK_CHANGED @ https://play.google.com/log?format=json&hasfast=true&authuser=0:0
[69341674ms] [ERROR] Failed to load resource: net::ERR_NETWORK_CHANGED @ https://play.google.com/log?format=json&hasfast=true&authuser=0:0
[69341784ms] [ERROR] Failed to load resource: net::ERR_NETWORK_CHANGED @ https://tasks.google.com/_/TasksWebEmbedUi/data/batchexecute?rpcids=SOV0tb&source-path=%2Fembed%2F&f.sid=1655645182736966673&bl=boq_taskswebuiserver_20260614.08_p0&hl=en&soc-app=617&soc-platform=1&soc-device=1&_reqid=2876608&rt=c:0
[69341795ms] [ERROR] Failed to load resource: net::ERR_NETWORK_CHANGED @ https://signaler-pa.clients6.google.com/punctual/multi-watch/channel?VER=8&gsessionid=mFSoJf2BFsk93AV0GfhULR2LUBTW3IyZvC5TSb0XyIs&key=AIzaSyCIMH2ks6VPAfRC2lqU_Snz1Lo76XGdnlc&RID=rpc&SID=AbkAZqj9ZCp3NdxcyERYbA&AID=10&CI=0&TYPE=xmlhttp&zx=q99628vq7s4w&t=2:0
[70114975ms] [ERROR] Failed to load resource: net::ERR_QUIC_PROTOCOL_ERROR.QUIC_PACKET_WRITE_ERROR @ https://signaler-pa.clients6.google.com/punctual/multi-watch/channel?VER=8&gsessionid=mFSoJf2BFsk93AV0GfhULR2LUBTW3IyZvC5TSb0XyIs&key=AIzaSyCIMH2ks6VPAfRC2lqU_Snz1Lo76XGdnlc&RID=rpc&SID=AbkAZqj9ZCp3NdxcyERYbA&AID=40&CI=0&TYPE=xmlhttp&zx=olurns12eso9&t=1:0
[73595496ms] [ERROR] Failed to load resource: net::ERR_QUIC_PROTOCOL_ERROR.QUIC_PUBLIC_RESET @ https://signaler-pa.clients6.google.com/punctual/multi-watch/channel?VER=8&gsessionid=-OArK7tGVPsFZrnldaJ4ATPD4xmPZoqErMosPucXg_w&key=AIzaSyCIMH2ks6VPAfRC2lqU_Snz1Lo76XGdnlc&RID=rpc&SID=QIVepeqXP8aDBk5frfjLng&AID=17&CI=0&TYPE=xmlhttp&zx=sisjfc4bp38e&t=1:0
[73595926ms] [ERROR] Failed to load resource: the server responded with a status of 400 () @ https://signaler-pa.clients6.google.com/punctual/multi-watch/channel?VER=8&gsessionid=-OArK7tGVPsFZrnldaJ4ATPD4xmPZoqErMosPucXg_w&key=AIzaSyCIMH2ks6VPAfRC2lqU_Snz1Lo76XGdnlc&RID=rpc&SID=QIVepeqXP8aDBk5frfjLng&AID=18&CI=0&TYPE=xmlhttp&zx=31w93ovrm41s&t=2:0
[76266229ms] [ERROR] Failed to load resource: net::ERR_QUIC_PROTOCOL_ERROR.QUIC_PUBLIC_RESET @ https://signaler-pa.clients6.google.com/punctual/multi-watch/channel?VER=8&gsessionid=FM8M_YUabfUXSlcdtrDtxFPwFImlGan1qEOF0qIhHPs&key=AIzaSyCIMH2ks6VPAfRC2lqU_Snz1Lo76XGdnlc&RID=rpc&SID=qHx0N8JqWn6esCqtGFm1Xg&AID=0&CI=0&TYPE=xmlhttp&zx=nwxdc5b0iz9r&t=1:0
[76266627ms] [ERROR] Failed to load resource: the server responded with a status of 400 () @ https://signaler-pa.clients6.google.com/punctual/multi-watch/channel?VER=8&gsessionid=FM8M_YUabfUXSlcdtrDtxFPwFImlGan1qEOF0qIhHPs&key=AIzaSyCIMH2ks6VPAfRC2lqU_Snz1Lo76XGdnlc&RID=rpc&SID=qHx0N8JqWn6esCqtGFm1Xg&AID=10&CI=0&TYPE=xmlhttp&zx=eerux9l81p2j&t=2:0
[78977469ms] [ERROR] Failed to load resource: net::ERR_QUIC_PROTOCOL_ERROR.QUIC_PUBLIC_RESET @ https://signaler-pa.clients6.google.com/punctual/multi-watch/channel?VER=8&gsessionid=OvumC6HznukaYALlIoEg_X4lXb31P2dMVr1Pm2n6z0A&key=AIzaSyCIMH2ks6VPAfRC2lqU_Snz1Lo76XGdnlc&RID=rpc&SID=upG0iC4gNaZPIkA9YcqQ4A&AID=0&CI=0&TYPE=xmlhttp&zx=s5ffnjjkmaps&t=1:0
[78977926ms] [ERROR] Failed to load resource: the server responded with a status of 400 () @ https://signaler-pa.clients6.google.com/punctual/multi-watch/channel?VER=8&gsessionid=OvumC6HznukaYALlIoEg_X4lXb31P2dMVr1Pm2n6z0A&key=AIzaSyCIMH2ks6VPAfRC2lqU_Snz1Lo76XGdnlc&RID=rpc&SID=upG0iC4gNaZPIkA9YcqQ4A&AID=16&CI=0&TYPE=xmlhttp&zx=x23huj3v6xnl&t=2:0
[81987926ms] [ERROR] Failed to load resource: net::ERR_QUIC_PROTOCOL_ERROR.QUIC_PUBLIC_RESET @ https://signaler-pa.clients6.google.com/punctual/multi-watch/channel?VER=8&gsessionid=1IFNkGFkAevPaOtN7KRy5CBoxpBi03gIklpywMEKiTU&key=AIzaSyCIMH2ks6VPAfRC2lqU_Snz1Lo76XGdnlc&RID=rpc&SID=M893BjvJLkeYVfJfKMMctg&AID=18&CI=1&TYPE=xmlhttp&zx=wcr3fhulljwr&t=1:0
[81988348ms] [ERROR] Failed to load resource: the server responded with a status of 400 () @ https://signaler-pa.clients6.google.com/punctual/multi-watch/channel?VER=8&gsessionid=1IFNkGFkAevPaOtN7KRy5CBoxpBi03gIklpywMEKiTU&key=AIzaSyCIMH2ks6VPAfRC2lqU_Snz1Lo76XGdnlc&RID=rpc&SID=M893BjvJLkeYVfJfKMMctg&AID=19&CI=1&TYPE=xmlhttp&zx=45qqf9crylwx&t=2:0
[82649826ms] [ERROR] Failed to load resource: net::ERR_QUIC_PROTOCOL_ERROR.QUIC_PUBLIC_RESET @ https://signaler-pa.clients6.google.com/punctual/multi-watch/channel?VER=8&gsessionid=Tsp4B4hGqcJXnwhgLGhpz8kRLAqHKxGTObNpToFHRp4&key=AIzaSyCIMH2ks6VPAfRC2lqU_Snz1Lo76XGdnlc&RID=rpc&SID=k98W4e3vyiPCDc2QGk_2MA&AID=0&CI=0&TYPE=xmlhttp&zx=cqsn0hdsryxr&t=1:0
[82650225ms] [ERROR] Failed to load resource: the server responded with a status of 400 () @ https://signaler-pa.clients6.google.com/punctual/multi-watch/channel?VER=8&gsessionid=Tsp4B4hGqcJXnwhgLGhpz8kRLAqHKxGTObNpToFHRp4&key=AIzaSyCIMH2ks6VPAfRC2lqU_Snz1Lo76XGdnlc&RID=rpc&SID=k98W4e3vyiPCDc2QGk_2MA&AID=10&CI=0&TYPE=xmlhttp&zx=1u3m5nn14dv5&t=2:0
[83001603ms] [ERROR] Failed to load resource: net::ERR_QUIC_PROTOCOL_ERROR.QUIC_PUBLIC_RESET @ https://signaler-pa.clients6.google.com/punctual/multi-watch/channel?VER=8&gsessionid=6uGTYJ6hhokH7a11ayp_Cj8AVQ75vRIAZlPDdGbUbwA&key=AIzaSyCIMH2ks6VPAfRC2lqU_Snz1Lo76XGdnlc&RID=rpc&SID=Jq6JDvb2VTkomPcg2vQU4Q&AID=0&CI=0&TYPE=xmlhttp&zx=3lt6p3pxd39y&t=1:0
[83002109ms] [ERROR] Failed to load resource: the server responded with a status of 400 () @ https://signaler-pa.clients6.google.com/punctual/multi-watch/channel?VER=8&gsessionid=6uGTYJ6hhokH7a11ayp_Cj8AVQ75vRIAZlPDdGbUbwA&key=AIzaSyCIMH2ks6VPAfRC2lqU_Snz1Lo76XGdnlc&RID=rpc&SID=Jq6JDvb2VTkomPcg2vQU4Q&AID=14&CI=0&TYPE=xmlhttp&zx=myobw185rlpp&t=2:0
[85649846ms] [ERROR] Failed to load resource: net::ERR_QUIC_PROTOCOL_ERROR.QUIC_PUBLIC_RESET @ https://signaler-pa.clients6.google.com/punctual/multi-watch/channel?VER=8&gsessionid=r_eqyhhKJ8AzEEcf36nmGRkPfI85uo1yk2h_xugwiVM&key=AIzaSyCIMH2ks6VPAfRC2lqU_Snz1Lo76XGdnlc&RID=rpc&SID=hyKswiry76Ekx0qrrMSLww&AID=31&CI=0&TYPE=xmlhttp&zx=ywog7q4aewr7&t=1:0
[85650645ms] [ERROR] Failed to load resource: the server responded with a status of 400 () @ https://signaler-pa.clients6.google.com/punctual/multi-watch/channel?VER=8&gsessionid=r_eqyhhKJ8AzEEcf36nmGRkPfI85uo1yk2h_xugwiVM&key=AIzaSyCIMH2ks6VPAfRC2lqU_Snz1Lo76XGdnlc&RID=rpc&SID=hyKswiry76Ekx0qrrMSLww&AID=32&CI=0&TYPE=xmlhttp&zx=ce5m9quv29fw&t=2:0
[86762551ms] [ERROR] Failed to load resource: net::ERR_QUIC_PROTOCOL_ERROR.QUIC_PUBLIC_RESET @ https://signaler-pa.clients6.google.com/punctual/multi-watch/channel?VER=8&gsessionid=y1bHZEJ5957FeAmkRiyA1QUnZ2ewKQGyaqysCvgxl88&key=AIzaSyCIMH2ks6VPAfRC2lqU_Snz1Lo76XGdnlc&RID=rpc&SID=M0NILp8Zc1deLPh0sSYqKQ&AID=24&CI=0&TYPE=xmlhttp&zx=3fgbz1gf6dke&t=1:0
[86762998ms] [ERROR] Failed to load resource: the server responded with a status of 400 () @ https://signaler-pa.clients6.google.com/punctual/multi-watch/channel?VER=8&gsessionid=y1bHZEJ5957FeAmkRiyA1QUnZ2ewKQGyaqysCvgxl88&key=AIzaSyCIMH2ks6VPAfRC2lqU_Snz1Lo76XGdnlc&RID=rpc&SID=M0NILp8Zc1deLPh0sSYqKQ&AID=35&CI=0&TYPE=xmlhttp&zx=wiqqwu9ta69x&t=2:0
[89239768ms] [ERROR] Failed to load resource: the server responded with a status of 400 () @ https://signaler-pa.clients6.google.com/punctual/multi-watch/channel?VER=8&gsessionid=hTOtyguLC5YXs1-xRTFTPAtN7tW70bXpzxDLhOw6Gcg&key=AIzaSyCIMH2ks6VPAfRC2lqU_Snz1Lo76XGdnlc&RID=rpc&SID=yBH63lXwWXzD5tb_E6k6UA&AID=17&CI=0&TYPE=xmlhttp&zx=vgd4c2eqqox8&t=1:0
[89483215ms] [ERROR] Failed to load resource: net::ERR_QUIC_PROTOCOL_ERROR.QUIC_PUBLIC_RESET @ https://signaler-pa.clients6.google.com/punctual/multi-watch/channel?VER=8&gsessionid=h3l5VYkP5WDDvMZLx30kSSzDKmUFuCS74Ak_V6HALGg&key=AIzaSyCIMH2ks6VPAfRC2lqU_Snz1Lo76XGdnlc&RID=rpc&SID=8U6e7fKKogDv-f8FXa42xg&AID=0&CI=0&TYPE=xmlhttp&zx=35abl942ip7k&t=1:0
[93254734ms] [ERROR] Failed to load resource: net::ERR_QUIC_PROTOCOL_ERROR.QUIC_PUBLIC_RESET @ https://signaler-pa.clients6.google.com/punctual/multi-watch/channel?VER=8&gsessionid=h3l5VYkP5WDDvMZLx30kSSzDKmUFuCS74Ak_V6HALGg&key=AIzaSyCIMH2ks6VPAfRC2lqU_Snz1Lo76XGdnlc&RID=rpc&SID=8U6e7fKKogDv-f8FXa42xg&AID=63&CI=0&TYPE=xmlhttp&zx=usex8hqu3ddr&t=1:0
[93255173ms] [ERROR] Failed to load resource: the server responded with a status of 400 () @ https://signaler-pa.clients6.google.com/punctual/multi-watch/channel?VER=8&gsessionid=h3l5VYkP5WDDvMZLx30kSSzDKmUFuCS74Ak_V6HALGg&key=AIzaSyCIMH2ks6VPAfRC2lqU_Snz1Lo76XGdnlc&RID=rpc&SID=8U6e7fKKogDv-f8FXa42xg&AID=64&CI=0&TYPE=xmlhttp&zx=g1ro544lfgev&t=2:0
[96120118ms] [ERROR] Failed to load resource: net::ERR_QUIC_PROTOCOL_ERROR.QUIC_PUBLIC_RESET @ https://signaler-pa.clients6.google.com/punctual/multi-watch/channel?VER=8&gsessionid=kB36YzJU2QTz4LpNT4Efa321LF1NBjuEadfnIZeKvvY&key=AIzaSyCIMH2ks6VPAfRC2lqU_Snz1Lo76XGdnlc&RID=rpc&SID=qfRqGMBKvBmBzTzjlQztuw&AID=0&CI=0&TYPE=xmlhttp&zx=sggp9gvnxj79&t=1:0
[96120556ms] [ERROR] Failed to load resource: the server responded with a status of 400 () @ https://signaler-pa.clients6.google.com/punctual/multi-watch/channel?VER=8&gsessionid=kB36YzJU2QTz4LpNT4Efa321LF1NBjuEadfnIZeKvvY&key=AIzaSyCIMH2ks6VPAfRC2lqU_Snz1Lo76XGdnlc&RID=rpc&SID=qfRqGMBKvBmBzTzjlQztuw&AID=10&CI=0&TYPE=xmlhttp&zx=sfqt6da7atvq&t=2:0
[97492467ms] [ERROR] Failed to load resource: net::ERR_QUIC_PROTOCOL_ERROR.QUIC_PUBLIC_RESET @ https://signaler-pa.clients6.google.com/punctual/multi-watch/channel?VER=8&gsessionid=OY5zFSFwC67p-AEtjPD4uollFCiJgk423jFqUSwWwGg&key=AIzaSyCIMH2ks6VPAfRC2lqU_Snz1Lo76XGdnlc&RID=rpc&SID=Dcss8q0eWlOGd1ayUh4nwA&AID=0&CI=0&TYPE=xmlhttp&zx=hc8dz2kcp3kp&t=1:0
[97492894ms] [ERROR] Failed to load resource: the server responded with a status of 400 () @ https://signaler-pa.clients6.google.com/punctual/multi-watch/channel?VER=8&gsessionid=OY5zFSFwC67p-AEtjPD4uollFCiJgk423jFqUSwWwGg&key=AIzaSyCIMH2ks6VPAfRC2lqU_Snz1Lo76XGdnlc&RID=rpc&SID=Dcss8q0eWlOGd1ayUh4nwA&AID=10&CI=0&TYPE=xmlhttp&zx=es7w4brn0qj4&t=2:0
[98489605ms] [ERROR] Failed to load resource: net::ERR_QUIC_PROTOCOL_ERROR.QUIC_PUBLIC_RESET @ https://signaler-pa.clients6.google.com/punctual/multi-watch/channel?VER=8&gsessionid=4MsmovU_A_-5nkgvkQTZR9esRrXNRNYOJF_ETX3meIY&key=AIzaSyCIMH2ks6VPAfRC2lqU_Snz1Lo76XGdnlc&RID=rpc&SID=8V_B30VnRCazYALWUXs7OA&AID=0&CI=0&TYPE=xmlhttp&zx=7q763ci78y2&t=1:0
[98490238ms] [ERROR] Failed to load resource: the server responded with a status of 400 () @ https://signaler-pa.clients6.google.com/punctual/multi-watch/channel?VER=8&gsessionid=4MsmovU_A_-5nkgvkQTZR9esRrXNRNYOJF_ETX3meIY&key=AIzaSyCIMH2ks6VPAfRC2lqU_Snz1Lo76XGdnlc&RID=rpc&SID=8V_B30VnRCazYALWUXs7OA&AID=11&CI=0&TYPE=xmlhttp&zx=f76dchfp42wg&t=2:0
[99396349ms] [ERROR] Failed to load resource: net::ERR_CONNECTION_RESET @ https://tasks.google.com/_/TasksWebEmbedUi/data/batchexecute?rpcids=SOV0tb&source-path=%2Fembed%2F&f.sid=1655645182736966673&bl=boq_taskswebuiserver_20260614.08_p0&hl=en&soc-app=617&soc-platform=1&soc-device=1&_reqid=4076608&rt=c:0
[99396622ms] [ERROR] Failed to load resource: net::ERR_QUIC_PROTOCOL_ERROR.QUIC_PUBLIC_RESET @ https://signaler-pa.clients6.google.com/punctual/multi-watch/channel?VER=8&gsessionid=0QQWfpY4ShdO14bIvfxgQ96JuKgujADklCCfThkPavE&key=AIzaSyCIMH2ks6VPAfRC2lqU_Snz1Lo76XGdnlc&RID=rpc&SID=wdEyruoNWRFn2Jh150Ttdw&AID=0&CI=0&TYPE=xmlhttp&zx=1b954igqwp0a&t=1:0
[99398117ms] [ERROR] Failed to load resource: the server responded with a status of 400 () @ https://signaler-pa.clients6.google.com/punctual/multi-watch/channel?VER=8&gsessionid=0QQWfpY4ShdO14bIvfxgQ96JuKgujADklCCfThkPavE&key=AIzaSyCIMH2ks6VPAfRC2lqU_Snz1Lo76XGdnlc&RID=rpc&SID=wdEyruoNWRFn2Jh150Ttdw&AID=10&CI=0&TYPE=xmlhttp&zx=e4x980spk2tz&t=2:0
[101400874ms] [ERROR] Failed to load resource: net::ERR_CONNECTION_RESET @ https://signaler-pa.clients6.google.com/punctual/multi-watch/channel?VER=8&gsessionid=Eku-b1lH17M3NXXNorYy13L0z2d8D0tnxRHM-CbmjAU&key=AIzaSyCIMH2ks6VPAfRC2lqU_Snz1Lo76XGdnlc&RID=rpc&SID=otMCLZawUu0R74QNMrEBoA&AID=0&CI=0&TYPE=xmlhttp&zx=8760suxni1yd&t=1:0
[101401331ms] [ERROR] Failed to load resource: the server responded with a status of 400 () @ https://signaler-pa.clients6.google.com/punctual/multi-watch/channel?VER=8&gsessionid=Eku-b1lH17M3NXXNorYy13L0z2d8D0tnxRHM-CbmjAU&key=AIzaSyCIMH2ks6VPAfRC2lqU_Snz1Lo76XGdnlc&RID=rpc&SID=otMCLZawUu0R74QNMrEBoA&AID=10&CI=0&TYPE=xmlhttp&zx=rtd1t4obwk6&t=2:0
[106407520ms] [ERROR] Failed to load resource: net::ERR_CONNECTION_RESET @ https://signaler-pa.clients6.google.com/punctual/multi-watch/channel?VER=8&gsessionid=iy2ng9Ji7jstiiVqG_2-M1eyr0Ob6vviOpVB4OikzJg&key=AIzaSyCIMH2ks6VPAfRC2lqU_Snz1Lo76XGdnlc&RID=rpc&SID=YkdXFQ1-85tqOEXHjTrtfw&AID=0&CI=0&TYPE=xmlhttp&zx=843sv8quxfw8&t=1:0
[106407962ms] [ERROR] Failed to load resource: the server responded with a status of 400 () @ https://signaler-pa.clients6.google.com/punctual/multi-watch/channel?VER=8&gsessionid=iy2ng9Ji7jstiiVqG_2-M1eyr0Ob6vviOpVB4OikzJg&key=AIzaSyCIMH2ks6VPAfRC2lqU_Snz1Lo76XGdnlc&RID=rpc&SID=YkdXFQ1-85tqOEXHjTrtfw&AID=10&CI=0&TYPE=xmlhttp&zx=t8kl9a7o82n5&t=2:0
[107159107ms] [ERROR] Failed to load resource: net::ERR_INTERNET_DISCONNECTED @ https://ssl.gstatic.com/ui/v1/icons/mail/images/cleardot.gif?zx=m44cur476v0o:0
[107169051ms] [ERROR] Failed to load resource: net::ERR_INTERNET_DISCONNECTED @ https://signaler-pa.clients6.google.com/punctual/v1/chooseServer?key=AIzaSyCIMH2ks6VPAfRC2lqU_Snz1Lo76XGdnlc:0
[107169174ms] [ERROR] Failed to load resource: net::ERR_INTERNET_DISCONNECTED @ https://play.google.com/log?format=json&hasfast=true&authuser=0:0
[107169186ms] [ERROR] Failed to load resource: net::ERR_INTERNET_DISCONNECTED @ https://ssl.gstatic.com/ui/v1/icons/mail/images/cleardot.gif?zx=meeep4z14im8:0
[107179200ms] [ERROR] Failed to load resource: net::ERR_INTERNET_DISCONNECTED @ https://ssl.gstatic.com/ui/v1/icons/mail/images/cleardot.gif?zx=2rm1jjdxnp4f:0
[107189213ms] [ERROR] Failed to load resource: net::ERR_INTERNET_DISCONNECTED @ https://ssl.gstatic.com/ui/v1/icons/mail/images/cleardot.gif?zx=rbbmy6evn9fr:0
[107196596ms] [ERROR] Failed to load resource: net::ERR_INTERNET_DISCONNECTED @ https://signaler-pa.clients6.google.com/punctual/v1/chooseServer?key=AIzaSyCIMH2ks6VPAfRC2lqU_Snz1Lo76XGdnlc:0
[107199224ms] [ERROR] Failed to load resource: net::ERR_INTERNET_DISCONNECTED @ https://ssl.gstatic.com/ui/v1/icons/mail/images/cleardot.gif?zx=3t5baadzm8f:0
[107255614ms] [ERROR] Failed to load resource: net::ERR_INTERNET_DISCONNECTED @ https://ssl.gstatic.com/ui/v1/icons/mail/images/cleardot.gif?zx=u83dvcp5k4gh:0
[107265632ms] [ERROR] Failed to load resource: net::ERR_INTERNET_DISCONNECTED @ https://ssl.gstatic.com/ui/v1/icons/mail/images/cleardot.gif?zx=184r8tokdogz:0
[107275647ms] [ERROR] Failed to load resource: net::ERR_INTERNET_DISCONNECTED @ https://ssl.gstatic.com/ui/v1/icons/mail/images/cleardot.gif?zx=7a4alnr4piqx:0
[107285666ms] [ERROR] Failed to load resource: net::ERR_INTERNET_DISCONNECTED @ https://ssl.gstatic.com/ui/v1/icons/mail/images/cleardot.gif?zx=pd0b9a6b8qk0:0
[107295478ms] [ERROR] Failed to load resource: net::ERR_NAME_NOT_RESOLVED @ https://ssl.gstatic.com/ui/v1/icons/mail/images/cleardot.gif?zx=nh2lpjjtdcgh:0
[107329851ms] [ERROR] Failed to load resource: net::ERR_NAME_NOT_RESOLVED @ https://signaler-pa.clients6.google.com/punctual/v1/chooseServer?key=AIzaSyCIMH2ks6VPAfRC2lqU_Snz1Lo76XGdnlc:0
[107330454ms] [ERROR] Failed to load resource: net::ERR_INTERNET_DISCONNECTED @ https://ssl.gstatic.com/ui/v1/icons/mail/images/cleardot.gif?zx=rdv7smrwenvk:0
[107331403ms] [ERROR] Failed to load resource: net::ERR_INTERNET_DISCONNECTED @ https://tasks.google.com/_/TasksWebEmbedUi/data/batchexecute?rpcids=SOV0tb&source-path=%2Fembed%2F&f.sid=1655645182736966673&bl=boq_taskswebuiserver_20260614.08_p0&hl=en&soc-app=617&soc-platform=1&soc-device=1&_reqid=4476608&rt=c:0
[107334165ms] [ERROR] Failed to load resource: net::ERR_INTERNET_DISCONNECTED @ https://tasks.google.com/_/TasksWebEmbedUi/data/batchexecute?rpcids=SOV0tb&source-path=%2Fembed%2F&f.sid=1655645182736966673&bl=boq_taskswebuiserver_20260614.08_p0&hl=en&soc-app=617&soc-platform=1&soc-device=1&_reqid=4576608&rt=c:0
[107434050ms] [ERROR] Failed to load resource: net::ERR_NETWORK_CHANGED @ https://tasks.google.com/_/TasksWebEmbedUi/gen204/?tmambps=0.000418367280292682&rtembps=-1&rttms=44.60918264014791&ct=undefined:0
[107434073ms] [ERROR] Failed to load resource: net::ERR_NETWORK_CHANGED @ https://addons-pa.clients6.google.com/$rpc/google.internal.apps.addons.v1.AddOnService/ListInstallations:0
[107434084ms] [ERROR] Failed to load resource: net::ERR_NETWORK_CHANGED @ https://ssl.gstatic.com/ui/v1/icons/mail/images/cleardot.gif?zx=ws2tkwrv0axo:0
[107434386ms] [ERROR] Failed to load resource: net::ERR_INTERNET_DISCONNECTED @ https://ssl.gstatic.com/ui/v1/icons/mail/images/cleardot.gif?zx=c6hlw21o5zju:0
[107439108ms] [ERROR] Failed to load resource: net::ERR_INTERNET_DISCONNECTED @ https://play.google.com/log?format=json&hasfast=true&authuser=0:0
[107444411ms] [ERROR] Failed to load resource: net::ERR_INTERNET_DISCONNECTED @ https://ssl.gstatic.com/ui/v1/icons/mail/images/cleardot.gif?zx=p8dydv8hu8k:0
[109481573ms] [ERROR] Failed to load resource: net::ERR_INTERNET_DISCONNECTED @ https://ssl.gstatic.com/ui/v1/icons/mail/images/cleardot.gif?zx=tjlm49ae70tn:0
[110449016ms] [ERROR] Failed to load resource: net::ERR_INTERNET_DISCONNECTED @ https://waa-pa.clients6.google.com/$rpc/google.internal.waa.v1.Waa/Ping:0
[110449017ms] [ERROR] Failed to load resource: net::ERR_INTERNET_DISCONNECTED @ https://play.google.com/log?format=json&hasfast=true&authuser=0:0
[110449017ms] [ERROR] Failed to load resource: net::ERR_INTERNET_DISCONNECTED @ https://play.google.com/log?hasfast=true&auth=SAPISIDHASH+300191a61238bce5b1ba4c67635d15171ecd7237+SAPISID1PHASH+300191a61238bce5b1ba4c67635d15171ecd7237+SAPISID3PHASH+300191a61238bce5b1ba4c67635d15171ecd7237&authuser=0&format=json:0
[110450024ms] [ERROR] Failed to load resource: net::ERR_INTERNET_DISCONNECTED @ https://waa-pa.googleapis.com/$rpc/google.internal.waa.v1.Waa/Ping:0
[111486945ms] [ERROR] Failed to load resource: net::ERR_INTERNET_DISCONNECTED @ https://ssl.gstatic.com/ui/v1/icons/mail/images/cleardot.gif?zx=u4ct6xxoz83:0
[111715324ms] [ERROR] Failed to load resource: net::ERR_INTERNET_DISCONNECTED @ https://signaler-pa.clients6.google.com/punctual/v1/chooseServer?key=AIzaSyCIMH2ks6VPAfRC2lqU_Snz1Lo76XGdnlc:0
[111716461ms] [ERROR] Failed to load resource: net::ERR_INTERNET_DISCONNECTED @ https://ssl.gstatic.com/ui/v1/icons/mail/images/cleardot.gif?zx=6yutbsyvkcw:0
[111716588ms] [ERROR] Failed to load resource: net::ERR_INTERNET_DISCONNECTED @ https://play.google.com/log?format=json&hasfast=true&authuser=0:0
[124579669ms] [ERROR] Failed to load resource: net::ERR_QUIC_PROTOCOL_ERROR.QUIC_PUBLIC_RESET @ https://signaler-pa.clients6.google.com/punctual/multi-watch/channel?VER=8&gsessionid=CLYE_xGpei_nnRmHOY7R9R_KJ-3FSPsNE2IGnPZ3YEA&key=AIzaSyCIMH2ks6VPAfRC2lqU_Snz1Lo76XGdnlc&RID=rpc&SID=kTAECkSKUliUhyOC_hYUTA&AID=0&CI=0&TYPE=xmlhttp&zx=ck60k3p4mjge&t=1:0
[124580085ms] [ERROR] Failed to load resource: the server responded with a status of 400 () @ https://signaler-pa.clients6.google.com/punctual/multi-watch/channel?VER=8&gsessionid=CLYE_xGpei_nnRmHOY7R9R_KJ-3FSPsNE2IGnPZ3YEA&key=AIzaSyCIMH2ks6VPAfRC2lqU_Snz1Lo76XGdnlc&RID=rpc&SID=kTAECkSKUliUhyOC_hYUTA&AID=11&CI=0&TYPE=xmlhttp&zx=wwztsbybrxfp&t=2:0
[148255797ms] [ERROR] Failed to load resource: net::ERR_QUIC_PROTOCOL_ERROR.QUIC_PUBLIC_RESET @ https://signaler-pa.clients6.google.com/punctual/multi-watch/channel?VER=8&gsessionid=zWrAetIoGkwoRfGraWZ8Gwsff82VbTDDhMsxcHjDHc0&key=AIzaSyCIMH2ks6VPAfRC2lqU_Snz1Lo76XGdnlc&RID=rpc&SID=jja6nKK08eZRLEuYZtGLKg&AID=0&CI=0&TYPE=xmlhttp&zx=7bs8vf8hs959&t=1:0
[148256290ms] [ERROR] Failed to load resource: the server responded with a status of 400 () @ https://signaler-pa.clients6.google.com/punctual/multi-watch/channel?VER=8&gsessionid=zWrAetIoGkwoRfGraWZ8Gwsff82VbTDDhMsxcHjDHc0&key=AIzaSyCIMH2ks6VPAfRC2lqU_Snz1Lo76XGdnlc&RID=rpc&SID=jja6nKK08eZRLEuYZtGLKg&AID=10&CI=0&TYPE=xmlhttp&zx=gayi8owlqbze&t=2:0
[173876817ms] [ERROR] Failed to load resource: net::ERR_QUIC_PROTOCOL_ERROR.QUIC_PUBLIC_RESET @ https://signaler-pa.clients6.google.com/punctual/multi-watch/channel?VER=8&gsessionid=lZIyNPzUZv1hhHAvEowsjYEcQNsSlWWe8Sn3CZwsKaQ&key=AIzaSyCIMH2ks6VPAfRC2lqU_Snz1Lo76XGdnlc&RID=rpc&SID=R-9QUbk-hd1SS2DglJ47xA&AID=0&CI=0&TYPE=xmlhttp&zx=m4rugmfc7vsq&t=1:0
[173877256ms] [ERROR] Failed to load resource: the server responded with a status of 400 () @ https://signaler-pa.clients6.google.com/punctual/multi-watch/channel?VER=8&gsessionid=lZIyNPzUZv1hhHAvEowsjYEcQNsSlWWe8Sn3CZwsKaQ&key=AIzaSyCIMH2ks6VPAfRC2lqU_Snz1Lo76XGdnlc&RID=rpc&SID=R-9QUbk-hd1SS2DglJ47xA&AID=10&CI=0&TYPE=xmlhttp&zx=fm5mornn59a2&t=2:0
[193589767ms] [ERROR] Failed to load resource: net::ERR_INTERNET_DISCONNECTED @ https://ssl.gstatic.com/ui/v1/icons/mail/images/cleardot.gif?zx=n3i929mzyt14:0
[193590685ms] [ERROR] Failed to load resource: net::ERR_INTERNET_DISCONNECTED @ https://play.google.com/log?format=json&hasfast=true&authuser=0:0
[193600228ms] [ERROR] Failed to load resource: net::ERR_INTERNET_DISCONNECTED @ https://play.google.com/log?format=json&hasfast=true&authuser=0:0
[193600378ms] [ERROR] Failed to load resource: net::ERR_INTERNET_DISCONNECTED @ https://ssl.gstatic.com/ui/v1/icons/mail/images/cleardot.gif?zx=pgtikgdqf0el:0
[193610403ms] [ERROR] Failed to load resource: net::ERR_INTERNET_DISCONNECTED @ https://ssl.gstatic.com/ui/v1/icons/mail/images/cleardot.gif?zx=afqnmom1wiq3:0
[193613140ms] [ERROR] Failed to load resource: net::ERR_INTERNET_DISCONNECTED @ https://addons-pa.clients6.google.com/$rpc/google.internal.apps.addons.v1.AddOnService/ListInstallations:0
[193620429ms] [ERROR] Failed to load resource: net::ERR_INTERNET_DISCONNECTED @ https://ssl.gstatic.com/ui/v1/icons/mail/images/cleardot.gif?zx=1jyjjka42elw:0
[193630440ms] [ERROR] Failed to load resource: net::ERR_INTERNET_DISCONNECTED @ https://ssl.gstatic.com/ui/v1/icons/mail/images/cleardot.gif?zx=iz34fb1pg1yb:0
[193690071ms] [ERROR] Failed to load resource: net::ERR_INTERNET_DISCONNECTED @ https://tasks.google.com/_/TasksWebEmbedUi/gen204/?tmambps=0.0005043985051395144&rtembps=-1&rttms=25.00536475189951&ct=undefined:0
[193691992ms] [ERROR] Failed to load resource: net::ERR_INTERNET_DISCONNECTED @ https://ssl.gstatic.com/ui/v1/icons/mail/images/cleardot.gif?zx=rtotslv1gku4:0
[193702004ms] [ERROR] Failed to load resource: net::ERR_INTERNET_DISCONNECTED @ https://ssl.gstatic.com/ui/v1/icons/mail/images/cleardot.gif?zx=vitqg6rxsv9c:0
[193712020ms] [ERROR] Failed to load resource: net::ERR_INTERNET_DISCONNECTED @ https://ssl.gstatic.com/ui/v1/icons/mail/images/cleardot.gif?zx=pumcx2d8oqa6:0
[193722032ms] [ERROR] Failed to load resource: net::ERR_INTERNET_DISCONNECTED @ https://ssl.gstatic.com/ui/v1/icons/mail/images/cleardot.gif?zx=gasp3mlyayzm:0
[193732185ms] [ERROR] Failed to load resource: net::ERR_NAME_NOT_RESOLVED @ https://ssl.gstatic.com/ui/v1/icons/mail/images/cleardot.gif?zx=urflo04tmf5l:0
[195359625ms] [ERROR] Failed to load resource: net::ERR_QUIC_PROTOCOL_ERROR.QUIC_PUBLIC_RESET @ https://signaler-pa.clients6.google.com/punctual/multi-watch/channel?VER=8&gsessionid=UetU51y3FvgAMp17PQ7WcULDsofxa7RfjB7RjVzJGj0&key=AIzaSyCIMH2ks6VPAfRC2lqU_Snz1Lo76XGdnlc&RID=rpc&SID=jSmnkzfnr_2S3q0xuHVJzQ&AID=0&CI=0&TYPE=xmlhttp&zx=1yb52eclpufj&t=1:0
[195360027ms] [ERROR] Failed to load resource: the server responded with a status of 400 () @ https://signaler-pa.clients6.google.com/punctual/multi-watch/channel?VER=8&gsessionid=UetU51y3FvgAMp17PQ7WcULDsofxa7RfjB7RjVzJGj0&key=AIzaSyCIMH2ks6VPAfRC2lqU_Snz1Lo76XGdnlc&RID=rpc&SID=jSmnkzfnr_2S3q0xuHVJzQ&AID=12&CI=0&TYPE=xmlhttp&zx=pbzlf75hdqh5&t=2:0
[223284405ms] [ERROR] Failed to load resource: net::ERR_QUIC_PROTOCOL_ERROR.QUIC_PUBLIC_RESET @ https://signaler-pa.clients6.google.com/punctual/multi-watch/channel?VER=8&gsessionid=djXYOmZFypLBo_l4MFRs_KvNL73WyvaRwXeX3e_oUgY&key=AIzaSyCIMH2ks6VPAfRC2lqU_Snz1Lo76XGdnlc&RID=rpc&SID=vc5hBjaiyE5U1cMDs385jQ&AID=0&CI=0&TYPE=xmlhttp&zx=r2xqufezsvjv&t=1:0
[223284846ms] [ERROR] Failed to load resource: the server responded with a status of 400 () @ https://signaler-pa.clients6.google.com/punctual/multi-watch/channel?VER=8&gsessionid=djXYOmZFypLBo_l4MFRs_KvNL73WyvaRwXeX3e_oUgY&key=AIzaSyCIMH2ks6VPAfRC2lqU_Snz1Lo76XGdnlc&RID=rpc&SID=vc5hBjaiyE5U1cMDs385jQ&AID=10&CI=0&TYPE=xmlhttp&zx=7z1vwmssjqdx&t=2:0
[237973277ms] [ERROR] Failed to load resource: net::ERR_QUIC_PROTOCOL_ERROR.QUIC_PUBLIC_RESET @ https://signaler-pa.clients6.google.com/punctual/multi-watch/channel?VER=8&gsessionid=QJHmIzxN-un6D3ndK04eMTu3BPKecr7UU9CBVdMKppc&key=AIzaSyCIMH2ks6VPAfRC2lqU_Snz1Lo76XGdnlc&RID=rpc&SID=a-RA3KA7oAkw_oD7AyK3AQ&AID=0&CI=0&TYPE=xmlhttp&zx=4yw4qlicm76w&t=1:0
[237973753ms] [ERROR] Failed to load resource: the server responded with a status of 400 () @ https://signaler-pa.clients6.google.com/punctual/multi-watch/channel?VER=8&gsessionid=QJHmIzxN-un6D3ndK04eMTu3BPKecr7UU9CBVdMKppc&key=AIzaSyCIMH2ks6VPAfRC2lqU_Snz1Lo76XGdnlc&RID=rpc&SID=a-RA3KA7oAkw_oD7AyK3AQ&AID=14&CI=0&TYPE=xmlhttp&zx=g7sju5gw1cso&t=2:0
[238554539ms] [ERROR] Failed to load resource: net::ERR_QUIC_PROTOCOL_ERROR.QUIC_PUBLIC_RESET @ https://signaler-pa.clients6.google.com/punctual/multi-watch/channel?VER=8&gsessionid=OLjFxkSRtxouSZQ0KJ2-8qKwwD5JUqkTo-O3vl3n8M0&key=AIzaSyCIMH2ks6VPAfRC2lqU_Snz1Lo76XGdnlc&RID=rpc&SID=CwTHMgJTDzNZ3MAvmqNdoQ&AID=0&CI=0&TYPE=xmlhttp&zx=2y6kcktrblbl&t=1:0
[238554973ms] [ERROR] Failed to load resource: the server responded with a status of 400 () @ https://signaler-pa.clients6.google.com/punctual/multi-watch/channel?VER=8&gsessionid=OLjFxkSRtxouSZQ0KJ2-8qKwwD5JUqkTo-O3vl3n8M0&key=AIzaSyCIMH2ks6VPAfRC2lqU_Snz1Lo76XGdnlc&RID=rpc&SID=CwTHMgJTDzNZ3MAvmqNdoQ&AID=10&CI=0&TYPE=xmlhttp&zx=6ebuov6lwkxc&t=2:0
[241562875ms] [ERROR] Failed to load resource: net::ERR_QUIC_PROTOCOL_ERROR.QUIC_PUBLIC_RESET @ https://signaler-pa.clients6.google.com/punctual/multi-watch/channel?VER=8&gsessionid=g6A237kMAq4TNFOO_vNhuMGi0mxkuka-I0re-WM89tc&key=AIzaSyCIMH2ks6VPAfRC2lqU_Snz1Lo76XGdnlc&RID=rpc&SID=vO5NTA9RWu61chbqjNkUkQ&AID=0&CI=0&TYPE=xmlhttp&zx=5ui71l3tgsrp&t=1:0
[241563311ms] [ERROR] Failed to load resource: the server responded with a status of 400 () @ https://signaler-pa.clients6.google.com/punctual/multi-watch/channel?VER=8&gsessionid=g6A237kMAq4TNFOO_vNhuMGi0mxkuka-I0re-WM89tc&key=AIzaSyCIMH2ks6VPAfRC2lqU_Snz1Lo76XGdnlc&RID=rpc&SID=vO5NTA9RWu61chbqjNkUkQ&AID=12&CI=0&TYPE=xmlhttp&zx=ws2c8igv8kp0&t=2:0
[242226878ms] [ERROR] Failed to load resource: net::ERR_QUIC_PROTOCOL_ERROR.QUIC_PUBLIC_RESET @ https://signaler-pa.clients6.google.com/punctual/multi-watch/channel?VER=8&gsessionid=pnfAiRPV0sB5Czz4Zn6_jo8OcoxFFYqXxLFV7DEaMxo&key=AIzaSyCIMH2ks6VPAfRC2lqU_Snz1Lo76XGdnlc&RID=rpc&SID=_0XP6u4-1tz6Il9_ypB8Eg&AID=0&CI=0&TYPE=xmlhttp&zx=kkagbuejaunh&t=1:0
[242227308ms] [ERROR] Failed to load resource: the server responded with a status of 400 () @ https://signaler-pa.clients6.google.com/punctual/multi-watch/channel?VER=8&gsessionid=pnfAiRPV0sB5Czz4Zn6_jo8OcoxFFYqXxLFV7DEaMxo&key=AIzaSyCIMH2ks6VPAfRC2lqU_Snz1Lo76XGdnlc&RID=rpc&SID=_0XP6u4-1tz6Il9_ypB8Eg&AID=10&CI=0&TYPE=xmlhttp&zx=l0khfxtcoixg&t=2:0
[244972296ms] [ERROR] Failed to load resource: net::ERR_QUIC_PROTOCOL_ERROR.QUIC_PUBLIC_RESET @ https://signaler-pa.clients6.google.com/punctual/multi-watch/channel?VER=8&gsessionid=sAo36hNBUJxhVBUCh0UE1qhB398BMqSKNeH-SldDWUk&key=AIzaSyCIMH2ks6VPAfRC2lqU_Snz1Lo76XGdnlc&RID=rpc&SID=E33gz-OTN02InyCSanbopA&AID=0&CI=0&TYPE=xmlhttp&zx=wtxu0vk80vl5&t=1:0
[244972746ms] [ERROR] Failed to load resource: the server responded with a status of 400 () @ https://signaler-pa.clients6.google.com/punctual/multi-watch/channel?VER=8&gsessionid=sAo36hNBUJxhVBUCh0UE1qhB398BMqSKNeH-SldDWUk&key=AIzaSyCIMH2ks6VPAfRC2lqU_Snz1Lo76XGdnlc&RID=rpc&SID=E33gz-OTN02InyCSanbopA&AID=15&CI=0&TYPE=xmlhttp&zx=b123pb458htf&t=2:0
[245882384ms] [ERROR] Failed to load resource: net::ERR_QUIC_PROTOCOL_ERROR.QUIC_PUBLIC_RESET @ https://signaler-pa.clients6.google.com/punctual/multi-watch/channel?VER=8&gsessionid=Fi63_aDQMP57DFKPc4LkhxAJDWMl-ZmNs0-OnzjRXTo&key=AIzaSyCIMH2ks6VPAfRC2lqU_Snz1Lo76XGdnlc&RID=rpc&SID=Oe2M9J5T-UbkprT57h-Mog&AID=0&CI=0&TYPE=xmlhttp&zx=li45yxnolwje&t=1:0
[245882836ms] [ERROR] Failed to load resource: the server responded with a status of 400 () @ https://signaler-pa.clients6.google.com/punctual/multi-watch/channel?VER=8&gsessionid=Fi63_aDQMP57DFKPc4LkhxAJDWMl-ZmNs0-OnzjRXTo&key=AIzaSyCIMH2ks6VPAfRC2lqU_Snz1Lo76XGdnlc&RID=rpc&SID=Oe2M9J5T-UbkprT57h-Mog&AID=15&CI=0&TYPE=xmlhttp&zx=m7e5pb7nnjui&t=2:0
[247056550ms] [ERROR] Failed to load resource: net::ERR_QUIC_PROTOCOL_ERROR.QUIC_PUBLIC_RESET @ https://signaler-pa.clients6.google.com/punctual/multi-watch/channel?VER=8&gsessionid=ZNhJLPjfYKhuv-1wCXgDd_yBiLPuDdJh6jub16RBx68&key=AIzaSyCIMH2ks6VPAfRC2lqU_Snz1Lo76XGdnlc&RID=rpc&SID=sR2xGo5RwKp-cXiSYfD18g&AID=0&CI=0&TYPE=xmlhttp&zx=vp9ok7p10z1s&t=1:0
[247056996ms] [ERROR] Failed to load resource: the server responded with a status of 400 () @ https://signaler-pa.clients6.google.com/punctual/multi-watch/channel?VER=8&gsessionid=ZNhJLPjfYKhuv-1wCXgDd_yBiLPuDdJh6jub16RBx68&key=AIzaSyCIMH2ks6VPAfRC2lqU_Snz1Lo76XGdnlc&RID=rpc&SID=sR2xGo5RwKp-cXiSYfD18g&AID=12&CI=0&TYPE=xmlhttp&zx=u0c6gjbyhjvt&t=2:0
[248819040ms] [ERROR] Failed to load resource: net::ERR_QUIC_PROTOCOL_ERROR.QUIC_PUBLIC_RESET @ https://signaler-pa.clients6.google.com/punctual/multi-watch/channel?VER=8&gsessionid=SLmNcFxEBRHJLfEGecAxjbbzDv662C81Oui4F_EALgY&key=AIzaSyCIMH2ks6VPAfRC2lqU_Snz1Lo76XGdnlc&RID=rpc&SID=yZwEXAx04KOil5903hQFXQ&AID=0&CI=0&TYPE=xmlhttp&zx=e8ae6jcsdmes&t=1:0
[248820455ms] [ERROR] Failed to load resource: the server responded with a status of 400 () @ https://signaler-pa.clients6.google.com/punctual/multi-watch/channel?VER=8&gsessionid=SLmNcFxEBRHJLfEGecAxjbbzDv662C81Oui4F_EALgY&key=AIzaSyCIMH2ks6VPAfRC2lqU_Snz1Lo76XGdnlc&RID=rpc&SID=yZwEXAx04KOil5903hQFXQ&AID=5&CI=0&TYPE=xmlhttp&zx=9n2gwhu7qjxe&t=2:0
[249658238ms] [ERROR] Failed to load resource: net::ERR_QUIC_PROTOCOL_ERROR.QUIC_TOO_MANY_RTOS @ https://signaler-pa.clients6.google.com/punctual/multi-watch/channel?VER=8&gsessionid=r-wzvO-6eznHvrRkv8i41dAXnVOqiycmiglchVnTYOg&key=AIzaSyCIMH2ks6VPAfRC2lqU_Snz1Lo76XGdnlc&RID=rpc&SID=QQ-l7a8NQaX3hYmE2p521A&AID=48&CI=0&TYPE=xmlhttp&zx=lmzzx6j38fdq&t=1:0
[252297460ms] [ERROR] Failed to load resource: net::ERR_QUIC_PROTOCOL_ERROR.QUIC_PUBLIC_RESET @ https://signaler-pa.clients6.google.com/punctual/multi-watch/channel?VER=8&gsessionid=9P-A2aauAndcUOy92FmcLJSr3B9xAYAK9ZgvCA9hc_Q&key=AIzaSyCIMH2ks6VPAfRC2lqU_Snz1Lo76XGdnlc&RID=rpc&SID=_XbgvdoHO_8cPvR3qxjLKw&AID=43&CI=0&TYPE=xmlhttp&zx=eqajdgjudxm4&t=1:0
[252298050ms] [ERROR] Failed to load resource: the server responded with a status of 400 () @ https://signaler-pa.clients6.google.com/punctual/multi-watch/channel?VER=8&gsessionid=9P-A2aauAndcUOy92FmcLJSr3B9xAYAK9ZgvCA9hc_Q&key=AIzaSyCIMH2ks6VPAfRC2lqU_Snz1Lo76XGdnlc&RID=rpc&SID=_XbgvdoHO_8cPvR3qxjLKw&AID=55&CI=0&TYPE=xmlhttp&zx=yfrjeo7fx7x6&t=2:0
[253107404ms] [ERROR] Failed to load resource: net::ERR_QUIC_PROTOCOL_ERROR.QUIC_PUBLIC_RESET @ https://signaler-pa.clients6.google.com/punctual/multi-watch/channel?VER=8&gsessionid=AdgZB8VVVoac-LxZpoob3m9dwSu8dMXkXW4jhWSndCo&key=AIzaSyCIMH2ks6VPAfRC2lqU_Snz1Lo76XGdnlc&RID=rpc&SID=vit6SoJAQ-XUhPD7vUSRyw&AID=0&CI=0&TYPE=xmlhttp&zx=zftdl5ridrol&t=1:0
[253108628ms] [ERROR] Failed to load resource: the server responded with a status of 400 () @ https://signaler-pa.clients6.google.com/punctual/multi-watch/channel?VER=8&gsessionid=AdgZB8VVVoac-LxZpoob3m9dwSu8dMXkXW4jhWSndCo&key=AIzaSyCIMH2ks6VPAfRC2lqU_Snz1Lo76XGdnlc&RID=rpc&SID=vit6SoJAQ-XUhPD7vUSRyw&AID=17&CI=0&TYPE=xmlhttp&zx=tbfr3ll58d2g&t=2:0
[253502116ms] [ERROR] Failed to load resource: net::ERR_QUIC_PROTOCOL_ERROR.QUIC_TOO_MANY_RTOS @ https://signaler-pa.clients6.google.com/punctual/multi-watch/channel?VER=8&gsessionid=6mrf1AutXnj8_8zi92J502CRnL7hpUQweMcP3D83j4Y&key=AIzaSyCIMH2ks6VPAfRC2lqU_Snz1Lo76XGdnlc&RID=rpc&SID=m90QeCieteB5YkhDffkL1A&AID=23&CI=0&TYPE=xmlhttp&zx=ysyy9nyadmu1&t=1:0
[253859937ms] [ERROR] Failed to load resource: net::ERR_QUIC_PROTOCOL_ERROR.QUIC_TOO_MANY_RTOS @ https://signaler-pa.clients6.google.com/punctual/multi-watch/channel?VER=8&gsessionid=6mrf1AutXnj8_8zi92J502CRnL7hpUQweMcP3D83j4Y&key=AIzaSyCIMH2ks6VPAfRC2lqU_Snz1Lo76XGdnlc&RID=rpc&SID=m90QeCieteB5YkhDffkL1A&AID=29&CI=0&TYPE=xmlhttp&zx=c55eu8m6vh7q&t=2:0
[253860594ms] [ERROR] Failed to load resource: the server responded with a status of 400 () @ https://signaler-pa.clients6.google.com/punctual/multi-watch/channel?VER=8&gsessionid=6mrf1AutXnj8_8zi92J502CRnL7hpUQweMcP3D83j4Y&key=AIzaSyCIMH2ks6VPAfRC2lqU_Snz1Lo76XGdnlc&RID=rpc&SID=m90QeCieteB5YkhDffkL1A&AID=42&CI=0&TYPE=xmlhttp&zx=qtfcuav8ue9c&t=3:0
[254938799ms] [ERROR] Failed to load resource: the server responded with a status of 400 () @ https://signaler-pa.clients6.google.com/punctual/multi-watch/channel?VER=8&gsessionid=dxJEzitPcFfEiuEX419T-qJQZN6X0rWmTq6cQQTx0xA&key=AIzaSyCIMH2ks6VPAfRC2lqU_Snz1Lo76XGdnlc&RID=rpc&SID=h16UFCRpH16hP0QPAOJPFA&AID=0&CI=0&TYPE=xmlhttp&zx=2z509klykfv2&t=1:0
[257980625ms] [ERROR] Failed to load resource: net::ERR_QUIC_PROTOCOL_ERROR.QUIC_PUBLIC_RESET @ https://signaler-pa.clients6.google.com/punctual/multi-watch/channel?VER=8&gsessionid=hmjazMwAF1bPnHJuWWqtLsDxjqhfoAD13l2SRLq-Kmg&key=AIzaSyCIMH2ks6VPAfRC2lqU_Snz1Lo76XGdnlc&RID=rpc&SID=13YLDHv4mq4YzNeQS02DhA&AID=0&CI=0&TYPE=xmlhttp&zx=8e273ukzxig7&t=1:0
[257981168ms] [ERROR] Failed to load resource: the server responded with a status of 400 () @ https://signaler-pa.clients6.google.com/punctual/multi-watch/channel?VER=8&gsessionid=hmjazMwAF1bPnHJuWWqtLsDxjqhfoAD13l2SRLq-Kmg&key=AIzaSyCIMH2ks6VPAfRC2lqU_Snz1Lo76XGdnlc&RID=rpc&SID=13YLDHv4mq4YzNeQS02DhA&AID=10&CI=0&TYPE=xmlhttp&zx=lmpdiv3hqre8&t=2:0
[260982071ms] [ERROR] Failed to load resource: net::ERR_QUIC_PROTOCOL_ERROR.QUIC_PUBLIC_RESET @ https://signaler-pa.clients6.google.com/punctual/multi-watch/channel?VER=8&gsessionid=2n59l-2l3CfVBFyJiX0WWspzbFU2ha4DeK0n0Ht7lGs&key=AIzaSyCIMH2ks6VPAfRC2lqU_Snz1Lo76XGdnlc&RID=rpc&SID=lFcuJaLLul4DgZYwnqaS_w&AID=0&CI=0&TYPE=xmlhttp&zx=fd76voqbvfrf&t=1:0
[260982548ms] [ERROR] Failed to load resource: the server responded with a status of 400 () @ https://signaler-pa.clients6.google.com/punctual/multi-watch/channel?VER=8&gsessionid=2n59l-2l3CfVBFyJiX0WWspzbFU2ha4DeK0n0Ht7lGs&key=AIzaSyCIMH2ks6VPAfRC2lqU_Snz1Lo76XGdnlc&RID=rpc&SID=lFcuJaLLul4DgZYwnqaS_w&AID=10&CI=0&TYPE=xmlhttp&zx=aa1ylyk1z5zu&t=2:0
[263993485ms] [ERROR] Failed to load resource: net::ERR_QUIC_PROTOCOL_ERROR.QUIC_PUBLIC_RESET @ https://signaler-pa.clients6.google.com/punctual/multi-watch/channel?VER=8&gsessionid=svpdEO1dMA3QLPjSJuQa8xPwgoksUXCCh3aiQRSNK3E&key=AIzaSyCIMH2ks6VPAfRC2lqU_Snz1Lo76XGdnlc&RID=rpc&SID=tX_yDW66ymtOmtyGHnArgw&AID=0&CI=0&TYPE=xmlhttp&zx=3ys2vtklyqqb&t=1:0
[263993936ms] [ERROR] Failed to load resource: the server responded with a status of 400 () @ https://signaler-pa.clients6.google.com/punctual/multi-watch/channel?VER=8&gsessionid=svpdEO1dMA3QLPjSJuQa8xPwgoksUXCCh3aiQRSNK3E&key=AIzaSyCIMH2ks6VPAfRC2lqU_Snz1Lo76XGdnlc&RID=rpc&SID=tX_yDW66ymtOmtyGHnArgw&AID=13&CI=0&TYPE=xmlhttp&zx=ug3s2kwi35vf&t=2:0
[264786726ms] [ERROR] Failed to load resource: net::ERR_QUIC_PROTOCOL_ERROR.QUIC_PUBLIC_RESET @ https://signaler-pa.clients6.google.com/punctual/multi-watch/channel?VER=8&gsessionid=f5WYNRneRZlGYSXydq7_HIoevOF8caiFYFpgTTT9bVQ&key=AIzaSyCIMH2ks6VPAfRC2lqU_Snz1Lo76XGdnlc&RID=rpc&SID=Yz2WO5a8b1ZUsWe5khHndw&AID=0&CI=0&TYPE=xmlhttp&zx=sxpljs8r8yhq&t=1:0
[264787153ms] [ERROR] Failed to load resource: the server responded with a status of 400 () @ https://signaler-pa.clients6.google.com/punctual/multi-watch/channel?VER=8&gsessionid=f5WYNRneRZlGYSXydq7_HIoevOF8caiFYFpgTTT9bVQ&key=AIzaSyCIMH2ks6VPAfRC2lqU_Snz1Lo76XGdnlc&RID=rpc&SID=Yz2WO5a8b1ZUsWe5khHndw&AID=10&CI=0&TYPE=xmlhttp&zx=bpg8uqxmeel1&t=2:0
[265841194ms] [ERROR] Failed to load resource: net::ERR_QUIC_PROTOCOL_ERROR.QUIC_PUBLIC_RESET @ https://signaler-pa.clients6.google.com/punctual/multi-watch/channel?VER=8&gsessionid=nVxJEFkAPrBBqs_w47nTOWenxbRdHgAGXZRV5X6uqYg&key=AIzaSyCIMH2ks6VPAfRC2lqU_Snz1Lo76XGdnlc&RID=rpc&SID=AbZgt1vwTpPxLo4bTbuWaw&AID=0&CI=0&TYPE=xmlhttp&zx=owwe6yz0w3yg&t=1:0
[265841610ms] [ERROR] Failed to load resource: the server responded with a status of 400 () @ https://signaler-pa.clients6.google.com/punctual/multi-watch/channel?VER=8&gsessionid=nVxJEFkAPrBBqs_w47nTOWenxbRdHgAGXZRV5X6uqYg&key=AIzaSyCIMH2ks6VPAfRC2lqU_Snz1Lo76XGdnlc&RID=rpc&SID=AbZgt1vwTpPxLo4bTbuWaw&AID=11&CI=0&TYPE=xmlhttp&zx=dxo7ff3am6k2&t=2:0
[268438295ms] [ERROR] Failed to load resource: net::ERR_QUIC_PROTOCOL_ERROR.QUIC_PUBLIC_RESET @ https://signaler-pa.clients6.google.com/punctual/multi-watch/channel?VER=8&gsessionid=mM1qgX083C0N6mhR8h_89xqq4yPFI7lBjgD92eX3rXg&key=AIzaSyCIMH2ks6VPAfRC2lqU_Snz1Lo76XGdnlc&RID=rpc&SID=tiQgxUPjyDlGqO7ty0zDcA&AID=0&CI=0&TYPE=xmlhttp&zx=hhq66jl4t5fk&t=1:0
[268438511ms] [ERROR] Failed to load resource: the server responded with a status of 400 () @ https://signaler-pa.clients6.google.com/punctual/multi-watch/channel?VER=8&gsessionid=mM1qgX083C0N6mhR8h_89xqq4yPFI7lBjgD92eX3rXg&key=AIzaSyCIMH2ks6VPAfRC2lqU_Snz1Lo76XGdnlc&SID=tiQgxUPjyDlGqO7ty0zDcA&RID=72164&AID=6&zx=vmmfdxwxpwft&t=1:0
[270609753ms] [ERROR] Failed to load resource: net::ERR_QUIC_PROTOCOL_ERROR.QUIC_PUBLIC_RESET @ https://signaler-pa.clients6.google.com/punctual/multi-watch/channel?VER=8&gsessionid=B62NNfFRQ1gk_bA6Eb90Xn6StrnfKp-PPY1JbGJpMvE&key=AIzaSyCIMH2ks6VPAfRC2lqU_Snz1Lo76XGdnlc&RID=rpc&SID=CD7WFg_zVrL79h0niXy6KA&AID=0&CI=0&TYPE=xmlhttp&zx=6amebnimkgrf&t=1:0
[270610229ms] [ERROR] Failed to load resource: the server responded with a status of 400 () @ https://signaler-pa.clients6.google.com/punctual/multi-watch/channel?VER=8&gsessionid=B62NNfFRQ1gk_bA6Eb90Xn6StrnfKp-PPY1JbGJpMvE&key=AIzaSyCIMH2ks6VPAfRC2lqU_Snz1Lo76XGdnlc&RID=rpc&SID=CD7WFg_zVrL79h0niXy6KA&AID=6&CI=0&TYPE=xmlhttp&zx=dqn0oiau1hu5&t=2:0
[271685888ms] [ERROR] Failed to load resource: the server responded with a status of 400 () @ https://signaler-pa.clients6.google.com/punctual/multi-watch/channel?VER=8&gsessionid=LTx4kUQmRToVwr2mg8LY_I7hBp0Eqz1sSswieTD3X3Y&key=AIzaSyCIMH2ks6VPAfRC2lqU_Snz1Lo76XGdnlc&RID=rpc&SID=Z09aVDDAgSSayZcVaUdAAA&AID=0&CI=0&TYPE=xmlhttp&zx=63nmi38k9mvw&t=1:0
[279945085ms] [ERROR] Failed to load resource: net::ERR_NETWORK_CHANGED @ https://signaler-pa.clients6.google.com/punctual/multi-watch/channel?VER=8&gsessionid=vfRz3W3jnk1mJYwrVeKQZhJQVVovPRxGlHh-fa2qQqg&key=AIzaSyCIMH2ks6VPAfRC2lqU_Snz1Lo76XGdnlc&RID=rpc&SID=Mh3I-FphlYpoexpTSEEwhg&AID=10&CI=0&TYPE=xmlhttp&zx=pctdbpeg9egg&t=2:0
[279949633ms] [ERROR] Failed to load resource: net::ERR_INTERNET_DISCONNECTED @ https://ssl.gstatic.com/ui/v1/icons/mail/images/cleardot.gif?zx=9j2kegm71byn:0
[279957782ms] [ERROR] Failed to load resource: net::ERR_INTERNET_DISCONNECTED @ https://signaler-pa.clients6.google.com/punctual/multi-watch/channel?VER=8&gsessionid=vfRz3W3jnk1mJYwrVeKQZhJQVVovPRxGlHh-fa2qQqg&key=AIzaSyCIMH2ks6VPAfRC2lqU_Snz1Lo76XGdnlc&RID=rpc&SID=Mh3I-FphlYpoexpTSEEwhg&AID=10&CI=0&TYPE=xmlhttp&zx=u6j3oer2jw0g&t=3:0
[279960283ms] [ERROR] Failed to load resource: net::ERR_INTERNET_DISCONNECTED @ https://play.google.com/log?format=json&hasfast=true&authuser=0:0
[279960285ms] [ERROR] Failed to load resource: net::ERR_INTERNET_DISCONNECTED @ https://ssl.gstatic.com/ui/v1/icons/mail/images/cleardot.gif?zx=nza0xg7nyulq:0
[279970308ms] [ERROR] Failed to load resource: net::ERR_INTERNET_DISCONNECTED @ https://ssl.gstatic.com/ui/v1/icons/mail/images/cleardot.gif?zx=kncbk4g9y1ge:0
[279980318ms] [ERROR] Failed to load resource: net::ERR_INTERNET_DISCONNECTED @ https://ssl.gstatic.com/ui/v1/icons/mail/images/cleardot.gif?zx=nmx7bn7u0mut:0
[279987447ms] [ERROR] Failed to load resource: net::ERR_INTERNET_DISCONNECTED @ https://signaler-pa.clients6.google.com/punctual/multi-watch/channel?VER=8&gsessionid=vfRz3W3jnk1mJYwrVeKQZhJQVVovPRxGlHh-fa2qQqg&key=AIzaSyCIMH2ks6VPAfRC2lqU_Snz1Lo76XGdnlc&RID=rpc&SID=Mh3I-FphlYpoexpTSEEwhg&AID=10&CI=0&TYPE=xmlhttp&zx=2q9w5ss5m9p4&t=4:0
[279987458ms] [ERROR] Failed to load resource: net::ERR_INTERNET_DISCONNECTED @ https://www.google.com/images/cleardot.gif?zx=axwsxodu6kl:0
[279987465ms] [ERROR] Failed to load resource: net::ERR_INTERNET_DISCONNECTED @ https://signaler-pa.clients6.google.com/punctual/v1/chooseServer?key=AIzaSyCIMH2ks6VPAfRC2lqU_Snz1Lo76XGdnlc:0
[279987911ms] [ERROR] Failed to load resource: net::ERR_INTERNET_DISCONNECTED @ https://signaler-pa.clients6.google.com/punctual/v1/chooseServer?key=AIzaSyCIMH2ks6VPAfRC2lqU_Snz1Lo76XGdnlc:0
[279988899ms] [ERROR] Failed to load resource: net::ERR_INTERNET_DISCONNECTED @ https://signaler-pa.clients6.google.com/punctual/v1/chooseServer?key=AIzaSyCIMH2ks6VPAfRC2lqU_Snz1Lo76XGdnlc:0
[279990327ms] [ERROR] Failed to load resource: net::ERR_INTERNET_DISCONNECTED @ https://ssl.gstatic.com/ui/v1/icons/mail/images/cleardot.gif?zx=ody2lxj4i5c0:0
[280038298ms] [ERROR] Failed to load resource: net::ERR_INTERNET_DISCONNECTED @ https://signaler-pa.clients6.google.com/punctual/v1/chooseServer?key=AIzaSyCIMH2ks6VPAfRC2lqU_Snz1Lo76XGdnlc:0
[280042512ms] [ERROR] Failed to load resource: net::ERR_INTERNET_DISCONNECTED @ https://signaler-pa.clients6.google.com/punctual/v1/chooseServer?key=AIzaSyCIMH2ks6VPAfRC2lqU_Snz1Lo76XGdnlc:0
[280048279ms] [ERROR] Failed to load resource: net::ERR_NAME_NOT_RESOLVED @ https://ssl.gstatic.com/ui/v1/icons/mail/images/cleardot.gif?zx=xulnwzee77l3:0
[280049557ms] [ERROR] Failed to load resource: net::ERR_NAME_NOT_RESOLVED @ https://ssl.gstatic.com/ui/v1/icons/mail/images/cleardot.gif?zx=6bynn6j6ae87:0
[280049943ms] [ERROR] Failed to load resource: net::ERR_NAME_NOT_RESOLVED @ https://mail.google.com/sync/u/0/i/bv?hl=en&c=227&rt=r&pt=ji:0
[280049953ms] [ERROR] Failed to load resource: net::ERR_NAME_NOT_RESOLVED @ https://mail.google.com/sync/u/0/i/bv?hl=en&c=226&rt=r&pt=ji:0
[280050030ms] [ERROR] Failed to load resource: net::ERR_NAME_NOT_RESOLVED @ https://mail.google.com/sync/u/0/i/bv?hl=en&c=226&rt=r&pt=ji:0
[280050064ms] [ERROR] Failed to load resource: net::ERR_NAME_NOT_RESOLVED @ https://mail.google.com/sync/u/0/i/bv?hl=en&c=227&rt=r&pt=ji:0
[280050115ms] [ERROR] Failed to load resource: net::ERR_NAME_NOT_RESOLVED @ https://signaler-pa.clients6.google.com/punctual/v1/chooseServer?key=AIzaSyCIMH2ks6VPAfRC2lqU_Snz1Lo76XGdnlc:0
[280054595ms] [ERROR] Failed to load resource: net::ERR_NAME_NOT_RESOLVED @ https://tasks.google.com/_/TasksWebEmbedUi/data/batchexecute?rpcids=SOV0tb&source-path=%2Fembed%2F&f.sid=1655645182736966673&bl=boq_taskswebuiserver_20260614.08_p0&hl=en&soc-app=617&soc-platform=1&soc-device=1&_reqid=7276608&rt=c:0
[280055163ms] [ERROR] Failed to load resource: net::ERR_NAME_NOT_RESOLVED @ https://mail.google.com/sync/u/0/i/bv?hl=en&c=226&rt=r&pt=ji:0
[280055193ms] [ERROR] Failed to load resource: net::ERR_NAME_NOT_RESOLVED @ https://mail.google.com/sync/u/0/i/bv?hl=en&c=227&rt=r&pt=ji:0
[280055775ms] [ERROR] Failed to load resource: net::ERR_NAME_NOT_RESOLVED @ https://mail.google.com/mail/u/0/jserror?script=https%3A%2F%2Fmail.google.com%2Fmail%2Fu%2F0%2F&line=Not%20available&error_in_body=1:0
[280055811ms] [ERROR] Failed to load resource: net::ERR_NAME_NOT_RESOLVED @ https://mail.google.com/mail/u/0/jserror?script=https%3A%2F%2Fmail.google.com%2Fmail%2Fu%2F0%2F&line=Not%20available&error_in_body=1:0
[280056015ms] [ERROR] Failed to load resource: net::ERR_NAME_NOT_RESOLVED @ https://mail.google.com/mail/u/0/jserror?script=https%3A%2F%2Fmail.google.com%2Fmail%2Fu%2F0%2F&line=Not%20available&error_in_body=1:0
[280057101ms] [ERROR] Failed to load resource: net::ERR_NAME_NOT_RESOLVED @ https://mail.google.com/mail/u/0/jserror?script=https%3A%2F%2Fmail.google.com%2Fmail%2Fu%2F0%2F&line=Not%20available&error_in_body=1:0
[280057240ms] [ERROR] Failed to load resource: net::ERR_NAME_NOT_RESOLVED @ https://tasks.google.com/_/TasksWebEmbedUi/data/batchexecute?rpcids=SOV0tb&source-path=%2Fembed%2F&f.sid=1655645182736966673&bl=boq_taskswebuiserver_20260614.08_p0&hl=en&soc-app=617&soc-platform=1&soc-device=1&_reqid=7376608&rt=c:0
[280060977ms] [ERROR] Failed to load resource: net::ERR_NAME_NOT_RESOLVED @ https://ssl.gstatic.com/ui/v1/icons/mail/images/cleardot.gif?zx=ptqvq4vfzeme:0
[280062559ms] [ERROR] Failed to load resource: net::ERR_NAME_NOT_RESOLVED @ https://tasks.google.com/_/TasksWebEmbedUi/data/batchexecute?rpcids=SOV0tb&source-path=%2Fembed%2F&f.sid=1655645182736966673&bl=boq_taskswebuiserver_20260614.08_p0&hl=en&soc-app=617&soc-platform=1&soc-device=1&_reqid=7476608&rt=c:0
[280063196ms] [ERROR] Failed to load resource: net::ERR_NAME_NOT_RESOLVED @ https://play.google.com/log?format=json&hasfast=true&authuser=0:0
[280065582ms] [ERROR] Failed to load resource: net::ERR_NAME_NOT_RESOLVED @ https://signaler-pa.clients6.google.com/punctual/v1/chooseServer?key=AIzaSyCIMH2ks6VPAfRC2lqU_Snz1Lo76XGdnlc:0
[280071013ms] [ERROR] Failed to load resource: net::ERR_NAME_NOT_RESOLVED @ https://ssl.gstatic.com/ui/v1/icons/mail/images/cleardot.gif?zx=kep8g964hm5n:0
[280073313ms] [ERROR] Failed to load resource: net::ERR_NAME_NOT_RESOLVED @ https://tasks.google.com/_/TasksWebEmbedUi/data/batchexecute?rpcids=SOV0tb&source-path=%2Fembed%2F&f.sid=1655645182736966673&bl=boq_taskswebuiserver_20260614.08_p0&hl=en&soc-app=617&soc-platform=1&soc-device=1&_reqid=7576608&rt=c:0
[280081048ms] [ERROR] Failed to load resource: net::ERR_NAME_NOT_RESOLVED @ https://ssl.gstatic.com/ui/v1/icons/mail/images/cleardot.gif?zx=ld3earjxa04z:0
[280145186ms] [ERROR] Failed to load resource: net::ERR_NETWORK_CHANGED @ https://play.google.com/log?format=json&hasfast=true&authuser=0:0
[280145188ms] [ERROR] Failed to load resource: net::ERR_NETWORK_CHANGED @ https://play.google.com/log?format=json&hasfast=true&authuser=0:0
[280145667ms] [ERROR] Failed to load resource: net::ERR_INTERNET_DISCONNECTED @ https://ssl.gstatic.com/ui/v1/icons/mail/images/cleardot.gif?zx=gh2h53tuvct1:0
[280151854ms] [ERROR] Failed to load resource: net::ERR_INTERNET_DISCONNECTED @ https://signaler-pa.clients6.google.com/punctual/v1/chooseServer?key=AIzaSyCIMH2ks6VPAfRC2lqU_Snz1Lo76XGdnlc:0
[280154988ms] [ERROR] Failed to load resource: net::ERR_INTERNET_DISCONNECTED @ https://tasks.google.com/_/TasksWebEmbedUi/data/batchexecute?rpcids=SOV0tb&source-path=%2Fembed%2F&f.sid=1655645182736966673&bl=boq_taskswebuiserver_20260614.08_p0&hl=en&soc-app=617&soc-platform=1&soc-device=1&_reqid=7676608&rt=c:0
[280155712ms] [ERROR] Failed to load resource: net::ERR_INTERNET_DISCONNECTED @ https://ssl.gstatic.com/ui/v1/icons/mail/images/cleardot.gif?zx=bws4wesot924:0
[280165763ms] [ERROR] Failed to load resource: net::ERR_INTERNET_DISCONNECTED @ https://ssl.gstatic.com/ui/v1/icons/mail/images/cleardot.gif?zx=cb6cyav29w05:0
[280175775ms] [ERROR] Failed to load resource: net::ERR_INTERNET_DISCONNECTED @ https://ssl.gstatic.com/ui/v1/icons/mail/images/cleardot.gif?zx=x6eqpxc6m0gb:0
[280185803ms] [ERROR] Failed to load resource: net::ERR_INTERNET_DISCONNECTED @ https://ssl.gstatic.com/ui/v1/icons/mail/images/cleardot.gif?zx=fgt2hcx3afxy:0
[280242057ms] [ERROR] Failed to load resource: net::ERR_INTERNET_DISCONNECTED @ https://ssl.gstatic.com/ui/v1/icons/mail/images/cleardot.gif?zx=289k6grdfwx3:0
[280244511ms] [ERROR] Failed to load resource: net::ERR_INTERNET_DISCONNECTED @ https://play.google.com/log?format=json&hasfast=true&authuser=0:0
[282094745ms] [ERROR] Failed to load resource: net::ERR_CONNECTION_RESET @ https://signaler-pa.clients6.google.com/punctual/multi-watch/channel?VER=8&gsessionid=WM1qRDGcIYNlAZzPXZ7NJRBznwfPcdQBf5-kwVkmEy8&key=AIzaSyCIMH2ks6VPAfRC2lqU_Snz1Lo76XGdnlc&RID=rpc&SID=HldGyKFJuq_Ba3Hjidy3sw&AID=0&CI=0&TYPE=xmlhttp&zx=3crzol12x71e&t=1:0
[282095187ms] [ERROR] Failed to load resource: the server responded with a status of 400 () @ https://signaler-pa.clients6.google.com/punctual/multi-watch/channel?VER=8&gsessionid=WM1qRDGcIYNlAZzPXZ7NJRBznwfPcdQBf5-kwVkmEy8&key=AIzaSyCIMH2ks6VPAfRC2lqU_Snz1Lo76XGdnlc&RID=rpc&SID=HldGyKFJuq_Ba3Hjidy3sw&AID=11&CI=0&TYPE=xmlhttp&zx=1tgvivvjhdhi&t=2:0
[286387928ms] [ERROR] Failed to load resource: the server responded with a status of 400 () @ https://signaler-pa.clients6.google.com/punctual/multi-watch/channel?VER=8&gsessionid=KdO9izj2vK07tot6nCWpZ1v1aTrSNIoNjk1owchnNVA&key=AIzaSyCIMH2ks6VPAfRC2lqU_Snz1Lo76XGdnlc&RID=rpc&SID=0IdnS9fEZgi8An1p71yyeQ&AID=0&CI=1&TYPE=xmlhttp&zx=134xx7kvrs3n&t=1:0
[310878354ms] [ERROR] Failed to load resource: net::ERR_CONNECTION_RESET @ https://signaler-pa.clients6.google.com/punctual/multi-watch/channel?VER=8&gsessionid=_6GbqcW1wh25tXk3Anxlu8t4XdLC0JUoBC2FK_OaVF4&key=AIzaSyCIMH2ks6VPAfRC2lqU_Snz1Lo76XGdnlc&RID=rpc&SID=UpsElOYMWjJya7q6a4Ba3w&AID=0&CI=0&TYPE=xmlhttp&zx=416c2xnpfjmb&t=1:0
[310878962ms] [ERROR] Failed to load resource: the server responded with a status of 400 () @ https://signaler-pa.clients6.google.com/punctual/multi-watch/channel?VER=8&gsessionid=_6GbqcW1wh25tXk3Anxlu8t4XdLC0JUoBC2FK_OaVF4&key=AIzaSyCIMH2ks6VPAfRC2lqU_Snz1Lo76XGdnlc&RID=rpc&SID=UpsElOYMWjJya7q6a4Ba3w&AID=16&CI=0&TYPE=xmlhttp&zx=89yz2dy04jrx&t=2:0
[310977134ms] [ERROR] Failed to load resource: net::ERR_QUIC_PROTOCOL_ERROR.QUIC_TOO_MANY_RTOS @ https://signaler-pa.clients6.google.com/punctual/multi-watch/channel?VER=8&gsessionid=gQKMU5EjSB8oYm42XsdK2lqmarh1NHXBcoOi-N0EXxg&key=AIzaSyCIMH2ks6VPAfRC2lqU_Snz1Lo76XGdnlc&RID=rpc&SID=Q8tUAY36Fqf5E4eIG_UN8Q&AID=0&CI=0&TYPE=xmlhttp&zx=uh1bgj2dl867&t=1:0
[312799983ms] [ERROR] Failed to load resource: net::ERR_QUIC_PROTOCOL_ERROR.QUIC_PUBLIC_RESET @ https://signaler-pa.clients6.google.com/punctual/multi-watch/channel?VER=8&gsessionid=gQKMU5EjSB8oYm42XsdK2lqmarh1NHXBcoOi-N0EXxg&key=AIzaSyCIMH2ks6VPAfRC2lqU_Snz1Lo76XGdnlc&RID=rpc&SID=Q8tUAY36Fqf5E4eIG_UN8Q&AID=11&CI=0&TYPE=xmlhttp&zx=t0ej6w57z2n7&t=2:0
[312800422ms] [ERROR] Failed to load resource: the server responded with a status of 400 () @ https://signaler-pa.clients6.google.com/punctual/multi-watch/channel?VER=8&gsessionid=gQKMU5EjSB8oYm42XsdK2lqmarh1NHXBcoOi-N0EXxg&key=AIzaSyCIMH2ks6VPAfRC2lqU_Snz1Lo76XGdnlc&RID=rpc&SID=Q8tUAY36Fqf5E4eIG_UN8Q&AID=21&CI=0&TYPE=xmlhttp&zx=reyk9tk95qgt&t=3:0
[313799458ms] [ERROR] Failed to load resource: net::ERR_QUIC_PROTOCOL_ERROR.QUIC_PUBLIC_RESET @ https://signaler-pa.clients6.google.com/punctual/multi-watch/channel?VER=8&gsessionid=6bAnMdR-qaN-VzmzqqBo-Wdz-nhK--NeFAzpxKbCDjM&key=AIzaSyCIMH2ks6VPAfRC2lqU_Snz1Lo76XGdnlc&RID=rpc&SID=QpPfEgL5G6RofgEHBVrFAw&AID=0&CI=0&TYPE=xmlhttp&zx=zgpk8mo5ygb3&t=1:0
[313799891ms] [ERROR] Failed to load resource: the server responded with a status of 400 () @ https://signaler-pa.clients6.google.com/punctual/multi-watch/channel?VER=8&gsessionid=6bAnMdR-qaN-VzmzqqBo-Wdz-nhK--NeFAzpxKbCDjM&key=AIzaSyCIMH2ks6VPAfRC2lqU_Snz1Lo76XGdnlc&RID=rpc&SID=QpPfEgL5G6RofgEHBVrFAw&AID=14&CI=0&TYPE=xmlhttp&zx=ih4v0bz93341&t=2:0
[314537487ms] [ERROR] Failed to load resource: net::ERR_QUIC_PROTOCOL_ERROR.QUIC_PUBLIC_RESET @ https://signaler-pa.clients6.google.com/punctual/multi-watch/channel?VER=8&gsessionid=_zkrU2wpU2XRGASSlcTG9FFhdD9gBFoZin-uPsFlnvE&key=AIzaSyCIMH2ks6VPAfRC2lqU_Snz1Lo76XGdnlc&RID=rpc&SID=GdR1lbSuPzHNeY36fWUzxQ&AID=0&CI=0&TYPE=xmlhttp&zx=67j0vmo0azpj&t=1:0
[314537890ms] [ERROR] Failed to load resource: the server responded with a status of 400 () @ https://signaler-pa.clients6.google.com/punctual/multi-watch/channel?VER=8&gsessionid=_zkrU2wpU2XRGASSlcTG9FFhdD9gBFoZin-uPsFlnvE&key=AIzaSyCIMH2ks6VPAfRC2lqU_Snz1Lo76XGdnlc&RID=rpc&SID=GdR1lbSuPzHNeY36fWUzxQ&AID=10&CI=0&TYPE=xmlhttp&zx=v1jemitpim4f&t=2:0
[315496871ms] [ERROR] Failed to load resource: net::ERR_QUIC_PROTOCOL_ERROR.QUIC_PUBLIC_RESET @ https://signaler-pa.clients6.google.com/punctual/multi-watch/channel?VER=8&gsessionid=JoioR9-ilWp-TpLP_akqhjh-I8N_qeF3RYZhDSpo548&key=AIzaSyCIMH2ks6VPAfRC2lqU_Snz1Lo76XGdnlc&RID=rpc&SID=CLCC6ZCKUm8b65_Zhpb_Pw&AID=0&CI=0&TYPE=xmlhttp&zx=umka3g57yrj1&t=1:0
[315497342ms] [ERROR] Failed to load resource: the server responded with a status of 400 () @ https://signaler-pa.clients6.google.com/punctual/multi-watch/channel?VER=8&gsessionid=JoioR9-ilWp-TpLP_akqhjh-I8N_qeF3RYZhDSpo548&key=AIzaSyCIMH2ks6VPAfRC2lqU_Snz1Lo76XGdnlc&RID=rpc&SID=CLCC6ZCKUm8b65_Zhpb_Pw&AID=11&CI=0&TYPE=xmlhttp&zx=endmfw6eietx&t=2:0
[318189308ms] [ERROR] Failed to load resource: net::ERR_QUIC_PROTOCOL_ERROR.QUIC_PUBLIC_RESET @ https://signaler-pa.clients6.google.com/punctual/multi-watch/channel?VER=8&gsessionid=sJC3PKtaZL5Hm9Si2da0S-a-JCfI8m9RsnTbcbAEC1g&key=AIzaSyCIMH2ks6VPAfRC2lqU_Snz1Lo76XGdnlc&RID=rpc&SID=3niBlE7YMpysjlz1KV8r2g&AID=0&CI=0&TYPE=xmlhttp&zx=r7iwvl55pc5g&t=1:0
[318189514ms] [ERROR] Failed to load resource: the server responded with a status of 400 () @ https://signaler-pa.clients6.google.com/punctual/multi-watch/channel?VER=8&gsessionid=sJC3PKtaZL5Hm9Si2da0S-a-JCfI8m9RsnTbcbAEC1g&key=AIzaSyCIMH2ks6VPAfRC2lqU_Snz1Lo76XGdnlc&SID=3niBlE7YMpysjlz1KV8r2g&RID=95537&AID=6&zx=zaultypzd6yn&t=1:0
[320213349ms] [ERROR] Failed to load resource: net::ERR_QUIC_PROTOCOL_ERROR.QUIC_PUBLIC_RESET @ https://signaler-pa.clients6.google.com/punctual/multi-watch/channel?VER=8&gsessionid=awkyz64oYzmWHXYqyju8R2EOreBgNFe5bSHfdVqh_rw&key=AIzaSyCIMH2ks6VPAfRC2lqU_Snz1Lo76XGdnlc&RID=rpc&SID=e4Etgxi7v_2FDpiI4Ark6A&AID=0&CI=0&TYPE=xmlhttp&zx=j0clbedglqn2&t=1:0
[320213975ms] [ERROR] Failed to load resource: the server responded with a status of 400 () @ https://signaler-pa.clients6.google.com/punctual/multi-watch/channel?VER=8&gsessionid=awkyz64oYzmWHXYqyju8R2EOreBgNFe5bSHfdVqh_rw&key=AIzaSyCIMH2ks6VPAfRC2lqU_Snz1Lo76XGdnlc&RID=rpc&SID=e4Etgxi7v_2FDpiI4Ark6A&AID=10&CI=0&TYPE=xmlhttp&zx=quvytevg1w2t&t=2:0
[321852253ms] [ERROR] Failed to load resource: net::ERR_QUIC_PROTOCOL_ERROR.QUIC_PUBLIC_RESET @ https://signaler-pa.clients6.google.com/punctual/multi-watch/channel?VER=8&gsessionid=Q6XKitzT537A2HcOkPBpmt8cSZLhDMdH4Hv8galBRsg&key=AIzaSyCIMH2ks6VPAfRC2lqU_Snz1Lo76XGdnlc&RID=rpc&SID=Hqspx-cqAMcIbKfgzFQ-7A&AID=0&CI=0&TYPE=xmlhttp&zx=m0mcankcqg9r&t=1:0
[321852722ms] [ERROR] Failed to load resource: the server responded with a status of 400 () @ https://signaler-pa.clients6.google.com/punctual/multi-watch/channel?VER=8&gsessionid=Q6XKitzT537A2HcOkPBpmt8cSZLhDMdH4Hv8galBRsg&key=AIzaSyCIMH2ks6VPAfRC2lqU_Snz1Lo76XGdnlc&RID=rpc&SID=Hqspx-cqAMcIbKfgzFQ-7A&AID=10&CI=0&TYPE=xmlhttp&zx=p8rx4jq37qis&t=2:0
[324787296ms] [ERROR] Failed to load resource: net::ERR_QUIC_PROTOCOL_ERROR.QUIC_PUBLIC_RESET @ https://signaler-pa.clients6.google.com/punctual/multi-watch/channel?VER=8&gsessionid=dGTfe-wC5w6I7-fecZSM2jvaRxTZtzvhbvJzLi70i48&key=AIzaSyCIMH2ks6VPAfRC2lqU_Snz1Lo76XGdnlc&RID=rpc&SID=4H_rNEXxUnZ6viATJZtCKw&AID=0&CI=0&TYPE=xmlhttp&zx=ywg8552pdc4h&t=1:0
[324787980ms] [ERROR] Failed to load resource: the server responded with a status of 400 () @ https://signaler-pa.clients6.google.com/punctual/multi-watch/channel?VER=8&gsessionid=dGTfe-wC5w6I7-fecZSM2jvaRxTZtzvhbvJzLi70i48&key=AIzaSyCIMH2ks6VPAfRC2lqU_Snz1Lo76XGdnlc&RID=rpc&SID=4H_rNEXxUnZ6viATJZtCKw&AID=12&CI=0&TYPE=xmlhttp&zx=u20abnuocbbo&t=2:0
[325518573ms] [ERROR] Failed to load resource: net::ERR_QUIC_PROTOCOL_ERROR.QUIC_PUBLIC_RESET @ https://signaler-pa.clients6.google.com/punctual/multi-watch/channel?VER=8&gsessionid=XWxWuSoLRYWUtsTFcWN_j5EcwA6HY5D4tDttPKRe4kQ&key=AIzaSyCIMH2ks6VPAfRC2lqU_Snz1Lo76XGdnlc&RID=rpc&SID=yvNE1DRjftxswCGYMjbTkA&AID=0&CI=0&TYPE=xmlhttp&zx=4au1qts8szb&t=1:0
[325519003ms] [ERROR] Failed to load resource: the server responded with a status of 400 () @ https://signaler-pa.clients6.google.com/punctual/multi-watch/channel?VER=8&gsessionid=XWxWuSoLRYWUtsTFcWN_j5EcwA6HY5D4tDttPKRe4kQ&key=AIzaSyCIMH2ks6VPAfRC2lqU_Snz1Lo76XGdnlc&RID=rpc&SID=yvNE1DRjftxswCGYMjbTkA&AID=10&CI=0&TYPE=xmlhttp&zx=3blcnhrxvu06&t=2:0
[326537346ms] [ERROR] Failed to load resource: net::ERR_QUIC_PROTOCOL_ERROR.QUIC_PUBLIC_RESET @ https://signaler-pa.clients6.google.com/punctual/multi-watch/channel?VER=8&gsessionid=Gn3VVmigLgWpbY_JQi2W0kJU-MQWrB909Jpw79o1YQ8&key=AIzaSyCIMH2ks6VPAfRC2lqU_Snz1Lo76XGdnlc&RID=rpc&SID=sVqgMTEpe2f_4S73IXvp1Q&AID=0&CI=0&TYPE=xmlhttp&zx=9xvfu6ws9g2y&t=1:0
[326537775ms] [ERROR] Failed to load resource: the server responded with a status of 400 () @ https://signaler-pa.clients6.google.com/punctual/multi-watch/channel?VER=8&gsessionid=Gn3VVmigLgWpbY_JQi2W0kJU-MQWrB909Jpw79o1YQ8&key=AIzaSyCIMH2ks6VPAfRC2lqU_Snz1Lo76XGdnlc&RID=rpc&SID=sVqgMTEpe2f_4S73IXvp1Q&AID=11&CI=0&TYPE=xmlhttp&zx=j63ffsjxsg45&t=2:0
[327553110ms] [ERROR] Failed to load resource: the server responded with a status of 400 () @ https://signaler-pa.clients6.google.com/punctual/multi-watch/channel?VER=8&gsessionid=PTRZANPeAvR4nz2ya2fcrHvvgl3akKWd78Vp7GV3JJQ&key=AIzaSyCIMH2ks6VPAfRC2lqU_Snz1Lo76XGdnlc&RID=rpc&SID=OAaoPOI389ivM9LH2oFxrw&AID=0&CI=1&TYPE=xmlhttp&zx=ynt6144evyfu&t=1:0
[329173473ms] [ERROR] Failed to load resource: net::ERR_QUIC_PROTOCOL_ERROR.QUIC_PUBLIC_RESET @ https://signaler-pa.clients6.google.com/punctual/multi-watch/channel?VER=8&gsessionid=ghmEf9InA_Y3L2M_iyjyAZFiMiCBTOS51pTDRTPLuoE&key=AIzaSyCIMH2ks6VPAfRC2lqU_Snz1Lo76XGdnlc&RID=rpc&SID=Jxb-ywJJ0MsA_lZabG6Ibw&AID=0&CI=0&TYPE=xmlhttp&zx=uy1eozmoay8c&t=1:0
[329173932ms] [ERROR] Failed to load resource: the server responded with a status of 400 () @ https://signaler-pa.clients6.google.com/punctual/multi-watch/channel?VER=8&gsessionid=ghmEf9InA_Y3L2M_iyjyAZFiMiCBTOS51pTDRTPLuoE&key=AIzaSyCIMH2ks6VPAfRC2lqU_Snz1Lo76XGdnlc&RID=rpc&SID=Jxb-ywJJ0MsA_lZabG6Ibw&AID=10&CI=0&TYPE=xmlhttp&zx=qbzsxnxb0zar&t=2:0
[330300288ms] [ERROR] Failed to load resource: net::ERR_QUIC_PROTOCOL_ERROR.QUIC_PUBLIC_RESET @ https://signaler-pa.clients6.google.com/punctual/multi-watch/channel?VER=8&gsessionid=Yv3z6-dQUnRxWUtMAqYE8ImrXCs9TZac3O0GYYGi1WY&key=AIzaSyCIMH2ks6VPAfRC2lqU_Snz1Lo76XGdnlc&RID=rpc&SID=WeRbZOAjQEqH3QGJ3jqT0g&AID=0&CI=0&TYPE=xmlhttp&zx=uzb1i4i6ehkx&t=1:0
[330300755ms] [ERROR] Failed to load resource: the server responded with a status of 400 () @ https://signaler-pa.clients6.google.com/punctual/multi-watch/channel?VER=8&gsessionid=Yv3z6-dQUnRxWUtMAqYE8ImrXCs9TZac3O0GYYGi1WY&key=AIzaSyCIMH2ks6VPAfRC2lqU_Snz1Lo76XGdnlc&RID=rpc&SID=WeRbZOAjQEqH3QGJ3jqT0g&AID=14&CI=0&TYPE=xmlhttp&zx=8aani1n4g4sv&t=2:0
[331595206ms] [ERROR] Failed to load resource: net::ERR_INTERNET_DISCONNECTED @ https://ssl.gstatic.com/ui/v1/icons/mail/images/cleardot.gif?zx=blqxnwd067na:0
[331596911ms] [ERROR] Failed to load resource: net::ERR_INTERNET_DISCONNECTED @ https://play.google.com/log?format=json&hasfast=true&authuser=0:0
[331600877ms] [ERROR] Failed to load resource: net::ERR_QUIC_PROTOCOL_ERROR.QUIC_PUBLIC_RESET @ https://signaler-pa.clients6.google.com/punctual/multi-watch/channel?VER=8&gsessionid=-dMA8ODI3IXQFxhdvFKEmn-fgZdihr8hFP7rdf7lG9c&key=AIzaSyCIMH2ks6VPAfRC2lqU_Snz1Lo76XGdnlc&RID=rpc&SID=OZN8PoZ-6rdfWpfioPmOow&AID=0&CI=0&TYPE=xmlhttp&zx=7le8bdju0l44&t=1:0
[331602612ms] [ERROR] Failed to load resource: the server responded with a status of 400 () @ https://signaler-pa.clients6.google.com/punctual/multi-watch/channel?VER=8&gsessionid=-dMA8ODI3IXQFxhdvFKEmn-fgZdihr8hFP7rdf7lG9c&key=AIzaSyCIMH2ks6VPAfRC2lqU_Snz1Lo76XGdnlc&RID=rpc&SID=OZN8PoZ-6rdfWpfioPmOow&AID=10&CI=0&TYPE=xmlhttp&zx=cymaudposs37&t=2:0
[331638697ms] [ERROR] Failed to load resource: net::ERR_INTERNET_DISCONNECTED @ https://ssl.gstatic.com/ui/v1/icons/mail/images/cleardot.gif?zx=t4my4btnnrps:0
[331639426ms] [ERROR] Failed to load resource: net::ERR_QUIC_PROTOCOL_ERROR.QUIC_PACKET_WRITE_ERROR @ https://signaler-pa.clients6.google.com/punctual/multi-watch/channel?VER=8&gsessionid=frKtqas9UoeT79nv_SlQBXt0WIbTi33pyADdqu0tLnM&key=AIzaSyCIMH2ks6VPAfRC2lqU_Snz1Lo76XGdnlc&RID=rpc&SID=8fAyQcRHFqFNKu2LHDeXZw&AID=0&CI=0&TYPE=xmlhttp&zx=j9igsqy8uyix&t=1:0
[331639434ms] [ERROR] Failed to load resource: net::ERR_INTERNET_DISCONNECTED @ https://signaler-pa.clients6.google.com/punctual/multi-watch/channel?VER=8&gsessionid=frKtqas9UoeT79nv_SlQBXt0WIbTi33pyADdqu0tLnM&key=AIzaSyCIMH2ks6VPAfRC2lqU_Snz1Lo76XGdnlc&RID=rpc&SID=8fAyQcRHFqFNKu2LHDeXZw&AID=12&CI=0&TYPE=xmlhttp&zx=6r8cloggvlbc&t=2:0
[331690914ms] [ERROR] Failed to load resource: net::ERR_INTERNET_DISCONNECTED @ https://signaler-pa.clients6.google.com/punctual/multi-watch/channel?VER=8&gsessionid=frKtqas9UoeT79nv_SlQBXt0WIbTi33pyADdqu0tLnM&key=AIzaSyCIMH2ks6VPAfRC2lqU_Snz1Lo76XGdnlc&RID=rpc&SID=8fAyQcRHFqFNKu2LHDeXZw&AID=12&CI=0&TYPE=xmlhttp&zx=nyvp7hcn11g5&t=3:0
[331719092ms] [ERROR] Failed to load resource: net::ERR_INTERNET_DISCONNECTED @ https://ssl.gstatic.com/ui/v1/icons/mail/images/cleardot.gif?zx=xoea8l7s6yjv:0
[331721787ms] [ERROR] Failed to load resource: net::ERR_QUIC_PROTOCOL_ERROR.QUIC_PACKET_WRITE_ERROR @ https://signaler-pa.clients6.google.com/punctual/multi-watch/channel?VER=8&gsessionid=frKtqas9UoeT79nv_SlQBXt0WIbTi33pyADdqu0tLnM&key=AIzaSyCIMH2ks6VPAfRC2lqU_Snz1Lo76XGdnlc&RID=rpc&SID=8fAyQcRHFqFNKu2LHDeXZw&AID=12&CI=0&TYPE=xmlhttp&zx=he3qbjxckvtc&t=4:0
[331721802ms] [ERROR] Failed to load resource: net::ERR_INTERNET_DISCONNECTED @ https://signaler-pa.clients6.google.com/punctual/multi-watch/channel?VER=8&gsessionid=frKtqas9UoeT79nv_SlQBXt0WIbTi33pyADdqu0tLnM&key=AIzaSyCIMH2ks6VPAfRC2lqU_Snz1Lo76XGdnlc&RID=rpc&SID=8fAyQcRHFqFNKu2LHDeXZw&AID=17&CI=0&TYPE=xmlhttp&zx=jc9ohaqeww87&t=5:0
[333815712ms] [ERROR] Failed to load resource: net::ERR_QUIC_PROTOCOL_ERROR.QUIC_PUBLIC_RESET @ https://signaler-pa.clients6.google.com/punctual/multi-watch/channel?VER=8&gsessionid=frKtqas9UoeT79nv_SlQBXt0WIbTi33pyADdqu0tLnM&key=AIzaSyCIMH2ks6VPAfRC2lqU_Snz1Lo76XGdnlc&RID=rpc&SID=8fAyQcRHFqFNKu2LHDeXZw&AID=17&CI=0&TYPE=xmlhttp&zx=6ors25gand96&t=6:0
[333816127ms] [ERROR] Failed to load resource: the server responded with a status of 400 () @ https://signaler-pa.clients6.google.com/punctual/multi-watch/channel?VER=8&gsessionid=frKtqas9UoeT79nv_SlQBXt0WIbTi33pyADdqu0tLnM&key=AIzaSyCIMH2ks6VPAfRC2lqU_Snz1Lo76XGdnlc&RID=rpc&SID=8fAyQcRHFqFNKu2LHDeXZw&AID=19&CI=0&TYPE=xmlhttp&zx=hpkd36cpk7q1&t=7:0
[336459199ms] [ERROR] Failed to load resource: net::ERR_QUIC_PROTOCOL_ERROR.QUIC_PUBLIC_RESET @ https://signaler-pa.clients6.google.com/punctual/multi-watch/channel?VER=8&gsessionid=MkFq759vrzmXfi0Xz9Hj95gI8XlNgRSwu62mGUQRzuc&key=AIzaSyCIMH2ks6VPAfRC2lqU_Snz1Lo76XGdnlc&RID=rpc&SID=HOxvqYvNkaSfale4t5YIvw&AID=0&CI=0&TYPE=xmlhttp&zx=altxwpkoddzx&t=1:0
[336459622ms] [ERROR] Failed to load resource: the server responded with a status of 400 () @ https://signaler-pa.clients6.google.com/punctual/multi-watch/channel?VER=8&gsessionid=MkFq759vrzmXfi0Xz9Hj95gI8XlNgRSwu62mGUQRzuc&key=AIzaSyCIMH2ks6VPAfRC2lqU_Snz1Lo76XGdnlc&RID=rpc&SID=HOxvqYvNkaSfale4t5YIvw&AID=10&CI=0&TYPE=xmlhttp&zx=4ishgbz42i4i&t=2:0
[339486395ms] [ERROR] Failed to load resource: net::ERR_QUIC_PROTOCOL_ERROR.QUIC_PUBLIC_RESET @ https://signaler-pa.clients6.google.com/punctual/multi-watch/channel?VER=8&gsessionid=lbtmi0iuy14x6Sng_vbmhUETvGUZPA_RK31pPDe6q5U&key=AIzaSyCIMH2ks6VPAfRC2lqU_Snz1Lo76XGdnlc&RID=rpc&SID=y6ePApCIpnfi-tuXSSXanw&AID=0&CI=0&TYPE=xmlhttp&zx=lbrxm3lnm3gp&t=1:0
[339486960ms] [ERROR] Failed to load resource: the server responded with a status of 400 () @ https://signaler-pa.clients6.google.com/punctual/multi-watch/channel?VER=8&gsessionid=lbtmi0iuy14x6Sng_vbmhUETvGUZPA_RK31pPDe6q5U&key=AIzaSyCIMH2ks6VPAfRC2lqU_Snz1Lo76XGdnlc&RID=rpc&SID=y6ePApCIpnfi-tuXSSXanw&AID=13&CI=0&TYPE=xmlhttp&zx=49ywl6o4oued&t=2:0
[340130596ms] [ERROR] Failed to load resource: net::ERR_QUIC_PROTOCOL_ERROR.QUIC_PUBLIC_RESET @ https://signaler-pa.clients6.google.com/punctual/multi-watch/channel?VER=8&gsessionid=SJPQ9jBoFLwd1utt5h9J360zXxx-Y7iDJ3_v2Hc2qmk&key=AIzaSyCIMH2ks6VPAfRC2lqU_Snz1Lo76XGdnlc&RID=rpc&SID=8iu_OT7r2tBO0edNEzIqLQ&AID=0&CI=0&TYPE=xmlhttp&zx=23iph98vs8dg&t=1:0
[340131072ms] [ERROR] Failed to load resource: the server responded with a status of 400 () @ https://signaler-pa.clients6.google.com/punctual/multi-watch/channel?VER=8&gsessionid=SJPQ9jBoFLwd1utt5h9J360zXxx-Y7iDJ3_v2Hc2qmk&key=AIzaSyCIMH2ks6VPAfRC2lqU_Snz1Lo76XGdnlc&RID=rpc&SID=8iu_OT7r2tBO0edNEzIqLQ&AID=10&CI=0&TYPE=xmlhttp&zx=8y9snpbedd4g&t=2:0
[340188753ms] [ERROR] Failed to load resource: net::ERR_QUIC_PROTOCOL_ERROR.QUIC_TOO_MANY_RTOS @ https://signaler-pa.clients6.google.com/punctual/multi-watch/channel?VER=8&gsessionid=Wpv0_d9Wn7UkuHoXcJ9Cfzo46PA-v7bx2UzLUHpz2bE&key=AIzaSyCIMH2ks6VPAfRC2lqU_Snz1Lo76XGdnlc&RID=rpc&SID=NTRE9DjAAbUrBRctP4PEWA&AID=0&CI=0&TYPE=xmlhttp&zx=6w9zrshtyqd&t=1:0
