[     689ms] [WARNING] requestKey (false), successKey (true), failKey (false) ARE EXPECTED @ https://www.united.com/main.af65c62e2c4c97da84a4.js:1
[     689ms] [WARNING] requestKey (false), successKey (true), failKey (false) ARE EXPECTED @ https://www.united.com/main.af65c62e2c4c97da84a4.js:1
[     690ms] [WARNING] requestKey (false), successKey (true), failKey (false) ARE EXPECTED @ https://www.united.com/main.af65c62e2c4c97da84a4.js:1
[     700ms] [LOG] window.__versionHash af65c62e2c4c97da84a4 @ https://www.united.com/main.af65c62e2c4c97da84a4.js:1
[     717ms] [LOG] OptimizelyProvider datafile revision 2416 1781961349.94709318 @ https://www.united.com/main.af65c62e2c4c97da84a4.js:1
[     718ms] [WARNING] [OPTIMIZELY] - WARN  2026-06-20T13:15:48.637Z Invalid eventBatchSize undefined, defaulting to 10 @ https://www.united.com/19421.5c34910ff8dbfd925dc5.js:1
[     718ms] [WARNING] [OPTIMIZELY] - WARN  2026-06-20T13:15:48.638Z Invalid eventFlushInterval undefined, defaulting to 1000 @ https://www.united.com/19421.5c34910ff8dbfd925dc5.js:1
[     721ms] [LOG] Optimizely Experiment: %s , activated variation: %s, attributes: %o km_confiant_boltive_ads_throttle variation_2 {language: en, region: US, redirect: false, browser: chrome, device: desktop} @ https://www.united.com/main.af65c62e2c4c97da84a4.js:1
[    1012ms] [LOG] Optimizely Experiment: %s , activated variation: %s, attributes: %o cookie_banner_throttle variation_1 {language: en, region: US, redirect: false, browser: chrome, device: desktop} @ https://www.united.com/main.af65c62e2c4c97da84a4.js:1
[    1012ms] [LOG] Optimizely Experiment: %s , activated variation: %s, attributes: %o hp_hamburger_menu null {language: en, region: US, redirect: false, browser: chrome, device: desktop} @ https://www.united.com/main.af65c62e2c4c97da84a4.js:1
[    1036ms] [WARNING] [QuantumMetric] QuantumMetricAPI not found on window @ https://www.united.com/40828.67e07717534f288145a8.chunk.js:0
[    1044ms] [LOG] Optimizely Experiment: %s , activated variation: %s, attributes: %o ti_signin_modal null {language: en, region: US, redirect: false, browser: chrome, device: desktop} @ https://www.united.com/main.af65c62e2c4c97da84a4.js:1
[    1699ms] [LOG] [RUM][Dynatrace] Script loaded for environment: production @ https://www.united.com/main.af65c62e2c4c97da84a4.js:1
[    1823ms] [WARNING] [GPT] PubAdsService.setTargeting is deprecated, use googletag.setConfig({targeting: ...}) instead.
https://goo.gle/gpt-message#170 @ https://securepubads.g.doubleclick.net/pagead/managed/js/gpt/m202606170101/pubads_impl.js?cb=31099254:18
[    1834ms] [WARNING] [GPT] Slot.getTargeting is deprecated, use Slot.getConfig('targeting') instead.
https://goo.gle/gpt-message#201 @ https://securepubads.g.doubleclick.net/pagead/managed/js/gpt/m202606170101/pubads_impl.js?cb=31099254:18
[    1902ms] [LOG] ext JS_in init @ https://cdn.lpsnmedia.net/api/account/84608747/taglets/scopes/default/onpageload:0
[    1902ms] [LOG] ext JS_in addexternalscript @ https://cdn.lpsnmedia.net/api/account/84608747/taglets/scopes/default/onpageload:0
[    1902ms] [LOG] ext JS_in valid check @ https://cdn.lpsnmedia.net/api/account/84608747/taglets/scopes/default/onpageload:0
[    1902ms] [LOG] ext JS_in_if function @ https://cdn.lpsnmedia.net/api/account/84608747/taglets/scopes/default/onpageload:0
[    1903ms] [LOG] ext JS_after add @ https://cdn.lpsnmedia.net/api/account/84608747/taglets/scopes/default/onpageload:0
[    2065ms] [WARNING] Failed to execute 'postMessage' on 'DOMWindow': The target origin provided ('https://a9972578858.cdn.optimizely.com') does not match the recipient window's origin ('https://www.united.com'). @ https://cdn.optimizely.com/js/27764480084.js:1
[    2065ms] [WARNING] Failed to execute 'postMessage' on 'DOMWindow': The target origin provided ('https://a9972578858.cdn.optimizely.com') does not match the recipient window's origin ('https://www.united.com'). @ https://cdn.optimizely.com/js/27764480084.js:1
[    2065ms] [WARNING] Failed to execute 'postMessage' on 'DOMWindow': The target origin provided ('https://a9972578858.cdn.optimizely.com') does not match the recipient window's origin ('https://www.united.com'). @ https://cdn.optimizely.com/js/27764480084.js:1
[    2065ms] [WARNING] Failed to execute 'postMessage' on 'DOMWindow': The target origin provided ('https://a9972578858.cdn.optimizely.com') does not match the recipient window's origin ('https://www.united.com'). @ https://cdn.optimizely.com/js/27764480084.js:1
[    2065ms] [WARNING] Failed to execute 'postMessage' on 'DOMWindow': The target origin provided ('https://a9972578858.cdn.optimizely.com') does not match the recipient window's origin ('https://www.united.com'). @ https://cdn.optimizely.com/js/27764480084.js:1
[    2065ms] [WARNING] Failed to execute 'postMessage' on 'DOMWindow': The target origin provided ('https://a9972578858.cdn.optimizely.com') does not match the recipient window's origin ('https://www.united.com'). @ https://cdn.optimizely.com/js/27764480084.js:1
[    2065ms] [WARNING] Failed to execute 'postMessage' on 'DOMWindow': The target origin provided ('https://a9972578858.cdn.optimizely.com') does not match the recipient window's origin ('https://www.united.com'). @ https://cdn.optimizely.com/js/27764480084.js:1
[    2065ms] [WARNING] Failed to execute 'postMessage' on 'DOMWindow': The target origin provided ('https://a9972578858.cdn.optimizely.com') does not match the recipient window's origin ('https://www.united.com'). @ https://cdn.optimizely.com/js/27764480084.js:1
[    2065ms] [WARNING] Failed to execute 'postMessage' on 'DOMWindow': The target origin provided ('https://a9972578858.cdn.optimizely.com') does not match the recipient window's origin ('https://www.united.com'). @ https://cdn.optimizely.com/js/27764480084.js:1
[    3065ms] [WARNING] Failed to execute 'postMessage' on 'DOMWindow': The target origin provided ('https://a9972578858.cdn.optimizely.com') does not match the recipient window's origin ('https://www.united.com'). @ https://cdn.optimizely.com/js/27764480084.js:1
[    3066ms] [WARNING] Failed to execute 'postMessage' on 'DOMWindow': The target origin provided ('https://a9972578858.cdn.optimizely.com') does not match the recipient window's origin ('https://www.united.com'). @ https://cdn.optimizely.com/js/27764480084.js:1
[    3209ms] [LOG] script blocked {"categories":"Analytics and customization cookies","consent":"NOT_GRANTED","resourceType":"script","resource":"https://www.googletagmanager.com/gtag/js?id=G-FYCK6D7HD0"} @ https://cdn.quantummetric.com/qscripts/quantum-united.js:127
[    3386ms] [WARNING] Failed to execute 'postMessage' on 'DOMWindow': The target origin provided ('https://a9972578858.cdn.optimizely.com') does not match the recipient window's origin ('https://www.united.com'). @ https://cdn.optimizely.com/js/27764480084.js:1
[    3590ms] [LOG] script UNBLOCKED {"categories":"Analytics and customization cookies","consent":"GRANTED","resourceType":"script","resource":"https://www.googletagmanager.com/gtag/js?id=G-FYCK6D7HD0"} @ https://cdn.quantummetric.com/qscripts/quantum-united.js:127
[20760255ms] [ERROR] Failed to load resource: net::ERR_INTERNET_DISCONNECTED @ https://c.go-mpulse.net/api/config.json?key=AQZRX-VXQB5-F7UMP-G9UYD-LGHKM&d=www.united.com&t=5939876&v=1.766.0&sl=1&si=a68e4553-485f-49e9-890d-507c0593bba0-tgxm6c&r=&bcn=%2F%2F684d0d41.akstat.io%2F&acao=&ak.ai=203860:0
[20763818ms] [ERROR] Failed to load resource: net::ERR_INTERNET_DISCONNECTED @ https://bf80269wzu.bf.dynatrace.com/bf?sc=5&ty=js&pv=4&ai=17e3a5492f21ffc1&en=i5ecemss&cr=1781904759993&av=1.337.12&cy=event&bc=658667182&co=snappy&si=v_4_srv_1_sn_SCLMSTNC6DON5ELGHMNTJB8HL7RVFGK5_app-3A17e3a5492f21ffc1_1_ol_0_perc_100000_mul_1&st=1781962674003&ss=0&qc=3087524691&end=1:0
[20765850ms] [ERROR] Failed to load resource: net::ERR_INTERNET_DISCONNECTED @ https://bf80269wzu.bf.dynatrace.com/bf?sc=5&ty=js&pv=4&ai=17e3a5492f21ffc1&en=i5ecemss&cr=1781904759993&av=1.337.12&cy=event&bc=4011060014&co=snappy&si=v_4_srv_1_sn_SCLMSTNC6DON5ELGHMNTJB8HL7RVFGK5_app-3A17e3a5492f21ffc1_1_ol_0_perc_100000_mul_1&st=1781962676032&rc=1&rr=offline&ss=0&qc=3580727037&end=1:0
[20766080ms] [ERROR] Failed to load resource: net::ERR_INTERNET_DISCONNECTED @ https://ingest.quantummetric.com/horizon/united?T=B&u=https%3A%2F%2Fwww.united.com%2Fen%2Fus%2Fflightstatus&t=1781961351862&v=1781962676066&H=8892366a6e1b7ba7b89892ea&s=ec902583c5365fc2aa55c258a5a2563e&N=51&Q=2&S=10355&b=7&z=1:0
[20767589ms] [ERROR] Failed to load resource: net::ERR_INTERNET_DISCONNECTED @ https://ingest.quantummetric.com/horizon/united?T=B&u=https%3A%2F%2Fwww.united.com%2Fen%2Fus%2Fflightstatus&t=1781961351862&v=1781962676066&H=8892366a6e1b7ba7b89892ea&s=ec902583c5365fc2aa55c258a5a2563e&N=51&Q=2&S=10355&b=7&z=1&E=1:0
[20769878ms] [ERROR] Failed to load resource: net::ERR_INTERNET_DISCONNECTED @ https://bf80269wzu.bf.dynatrace.com/bf?sc=5&ty=js&pv=4&ai=17e3a5492f21ffc1&en=i5ecemss&cr=1781904759993&av=1.337.12&cy=event&bc=4011060014&co=snappy&si=v_4_srv_1_sn_SCLMSTNC6DON5ELGHMNTJB8HL7RVFGK5_app-3A17e3a5492f21ffc1_1_ol_0_perc_100000_mul_1&st=1781962680061&rc=2&rr=offline&ss=0&qc=3264284994&end=1:0
[20770596ms] [ERROR] Failed to load resource: net::ERR_INTERNET_DISCONNECTED @ https://ingest.quantummetric.com/horizon/united?T=B&u=https%3A%2F%2Fwww.united.com%2Fen%2Fus%2Fflightstatus&t=1781961351862&v=1781962676066&H=8892366a6e1b7ba7b89892ea&s=ec902583c5365fc2aa55c258a5a2563e&N=51&Q=2&S=10355&b=7&z=1&E=2:0
[20775103ms] [ERROR] Failed to load resource: net::ERR_INTERNET_DISCONNECTED @ https://ingest.quantummetric.com/horizon/united?T=B&u=https%3A%2F%2Fwww.united.com%2Fen%2Fus%2Fflightstatus&t=1781961351862&v=1781962676066&H=8892366a6e1b7ba7b89892ea&s=ec902583c5365fc2aa55c258a5a2563e&N=51&Q=2&S=10355&b=7&z=1&E=3:0
[20781114ms] [ERROR] Failed to load resource: net::ERR_INTERNET_DISCONNECTED @ https://ingest.quantummetric.com/horizon/united?T=B&u=https%3A%2F%2Fwww.united.com%2Fen%2Fus%2Fflightstatus&t=1781961351862&v=1781962676066&H=8892366a6e1b7ba7b89892ea&s=ec902583c5365fc2aa55c258a5a2563e&N=51&Q=2&S=10355&b=7&z=1&E=4:0
[20788623ms] [ERROR] Failed to load resource: net::ERR_INTERNET_DISCONNECTED @ https://ingest.quantummetric.com/horizon/united?T=B&u=https%3A%2F%2Fwww.united.com%2Fen%2Fus%2Fflightstatus&t=1781961351862&v=1781962676066&H=8892366a6e1b7ba7b89892ea&s=ec902583c5365fc2aa55c258a5a2563e&N=51&Q=2&S=10355&b=7&z=1&E=5:0
[20797591ms] [ERROR] Failed to load resource: net::ERR_INTERNET_DISCONNECTED @ https://ingest.quantummetric.com/horizon/united?T=B&u=https%3A%2F%2Fwww.united.com%2Fen%2Fus%2Fflightstatus&t=1781961351862&v=1781962707583&H=8892366a6e1b7ba7b89892ea&s=ec902583c5365fc2aa55c258a5a2563e&N=52&Q=2&S=10355&b=7&z=1&E=6:0
[20797631ms] [ERROR] Failed to load resource: net::ERR_INTERNET_DISCONNECTED @ https://ingest.quantummetric.com/horizon/united?T=B&u=https%3A%2F%2Fwww.united.com%2Fen%2Fus%2Fflightstatus&t=1781961351862&v=1781962676066&H=8892366a6e1b7ba7b89892ea&s=ec902583c5365fc2aa55c258a5a2563e&N=51&Q=2&S=10355&b=7&z=1&E=7:0
[20851211ms] [ERROR] Failed to load resource: net::ERR_INTERNET_DISCONNECTED @ https://ingest.quantummetric.com/horizon/united?T=B&u=https%3A%2F%2Fwww.united.com%2Fen%2Fus%2Fflightstatus&t=1781961351862&v=1781962707583&H=8892366a6e1b7ba7b89892ea&s=ec902583c5365fc2aa55c258a5a2563e&N=52&Q=2&S=10355&b=7&z=1&E=8:0
[20852734ms] [ERROR] Failed to load resource: net::ERR_INTERNET_DISCONNECTED @ https://ingest.quantummetric.com/horizon/united?T=B&u=https%3A%2F%2Fwww.united.com%2Fen%2Fus%2Fflightstatus&t=1781961351862&v=1781962676066&H=8892366a6e1b7ba7b89892ea&s=ec902583c5365fc2aa55c258a5a2563e&N=51&Q=2&S=10355&b=7&z=1&E=9:0
[20864732ms] [ERROR] Failed to load resource: net::ERR_INTERNET_DISCONNECTED @ https://ingest.quantummetric.com/horizon/united?T=B&u=https%3A%2F%2Fwww.united.com%2Fen%2Fus%2Fflightstatus&t=1781961351862&v=1781962707583&H=8892366a6e1b7ba7b89892ea&s=ec902583c5365fc2aa55c258a5a2563e&N=52&Q=2&S=10355&b=7&z=1&E=10:0
[20864744ms] [ERROR] Failed to load resource: net::ERR_INTERNET_DISCONNECTED @ https://ingest.quantummetric.com/horizon/united?T=B&u=https%3A%2F%2Fwww.united.com%2Fen%2Fus%2Fflightstatus&t=1781961351862&v=1781962731646&H=8892366a6e1b7ba7b89892ea&s=ec902583c5365fc2aa55c258a5a2563e&P=141&E=10&N=141&S=139879&b=127&z=1:0
[20864746ms] [ERROR] Failed to load resource: net::ERR_INTERNET_DISCONNECTED @ https://ingest.quantummetric.com/horizon/united?T=B&u=https%3A%2F%2Fwww.united.com%2Fen%2Fus%2Fflightstatus&t=1781961351862&v=1781962731645&H=8892366a6e1b7ba7b89892ea&s=ec902583c5365fc2aa55c258a5a2563e&N=53&Q=2&S=10355&b=131&z=1&E=10:0
[20867743ms] [ERROR] Failed to load resource: net::ERR_INTERNET_DISCONNECTED @ https://ingest.quantummetric.com/horizon/united?T=B&u=https%3A%2F%2Fwww.united.com%2Fen%2Fus%2Fflightstatus&t=1781961351862&v=1781962676066&H=8892366a6e1b7ba7b89892ea&s=ec902583c5365fc2aa55c258a5a2563e&N=51&Q=2&S=10355&b=7&z=1&E=10:0
[20868252ms] [ERROR] Failed to load resource: net::ERR_INTERNET_DISCONNECTED @ https://ingest.quantummetric.com/lgs/api/v1/logs:0
[20871774ms] [ERROR] Failed to load resource: net::ERR_INTERNET_DISCONNECTED @ https://bf80269wzu.bf.dynatrace.com/bf?sc=5&ty=js&pv=4&ai=17e3a5492f21ffc1&en=i5ecemss&cr=1781904759993&av=1.337.12&cy=event&bc=1226276056&co=snappy&si=v_4_srv_1_sn_SCLMSTNC6DON5ELGHMNTJB8HL7RVFGK5_app-3A17e3a5492f21ffc1_1_ol_0_perc_100000_mul_1&st=1781962738890&ss=0&qc=3615498409&end=1:0
[20873797ms] [ERROR] Failed to load resource: net::ERR_INTERNET_DISCONNECTED @ https://bf80269wzu.bf.dynatrace.com/bf?sc=5&ty=js&pv=4&ai=17e3a5492f21ffc1&en=i5ecemss&cr=1781904759993&av=1.337.12&cy=event&bc=3143279601&co=snappy&si=v_4_srv_1_sn_SCLMSTNC6DON5ELGHMNTJB8HL7RVFGK5_app-3A17e3a5492f21ffc1_1_ol_0_perc_100000_mul_1&st=1781962740897&rc=1&rr=offline&ss=0&qc=3558796757&end=1:0
[20877816ms] [ERROR] Failed to load resource: net::ERR_INTERNET_DISCONNECTED @ https://bf80269wzu.bf.dynatrace.com/bf?sc=5&ty=js&pv=4&ai=17e3a5492f21ffc1&en=i5ecemss&cr=1781904759993&av=1.337.12&cy=event&bc=3143279601&co=snappy&si=v_4_srv_1_sn_SCLMSTNC6DON5ELGHMNTJB8HL7RVFGK5_app-3A17e3a5492f21ffc1_1_ol_0_perc_100000_mul_1&st=1781962744920&rc=2&rr=offline&ss=0&qc=4003061206&end=1:0
[111452618ms] [ERROR] Failed to load resource: net::ERR_INTERNET_DISCONNECTED @ https://bf80269wzu.bf.dynatrace.com/bf?sc=5&ty=js&pv=4&ai=17e3a5492f21ffc1&en=i5ecemss&cr=1781904759993&av=1.337.12&cy=event&bc=1508565477&co=snappy&si=v_4_srv_-2D12481_sn_SCLMSTNC6DON5ELGHMNTJB8HL7RVFGK5_app-3A17e3a5492f21ffc1_1_ol_0_perc_100000_mul_1&st=1781974829442&ss=0&qc=388813472&end=1:0
[111454635ms] [ERROR] Failed to load resource: net::ERR_INTERNET_DISCONNECTED @ https://bf80269wzu.bf.dynatrace.com/bf?sc=5&ty=js&pv=4&ai=17e3a5492f21ffc1&en=i5ecemss&cr=1781904759993&av=1.337.12&cy=event&bc=3224327685&co=snappy&si=v_4_srv_-2D12481_sn_SCLMSTNC6DON5ELGHMNTJB8HL7RVFGK5_app-3A17e3a5492f21ffc1_1_ol_0_perc_100000_mul_1&st=1781974831480&rc=1&rr=offline&ss=0&qc=1016859841&end=1:0
[111678157ms] [ERROR] Failed to load resource: net::ERR_INTERNET_DISCONNECTED @ https://bf80269wzu.bf.dynatrace.com/bf?sc=5&ty=js&pv=4&ai=17e3a5492f21ffc1&en=i5ecemss&cr=1781904759993&av=1.337.12&cy=event&bc=3224327685&co=snappy&si=v_4_srv_-2D12481_sn_SCLMSTNC6DON5ELGHMNTJB8HL7RVFGK5_app-3A17e3a5492f21ffc1_1_ol_0_perc_100000_mul_1&st=1781974835495&rc=2&rr=offline&ss=0&qc=1145110698&end=1:0
[193653134ms] [ERROR] Failed to load resource: net::ERR_INTERNET_DISCONNECTED @ https://bf80269wzu.bf.dynatrace.com/bf?sc=5&ty=js&pv=4&ai=17e3a5492f21ffc1&en=i5ecemss&cr=1782143448416&av=1.337.12&cy=event&bc=3426369615&co=snappy&si=v_4_srv_-2D12481_sn_SCLMSTNC6DON5ELGHMNTJB8HL7RVFGK5_app-3A17e3a5492f21ffc1_1_ol_0_perc_100000_mul_1&st=1781976467938&ss=0&qc=177575177&end=1:0
[193655151ms] [ERROR] Failed to load resource: net::ERR_INTERNET_DISCONNECTED @ https://bf80269wzu.bf.dynatrace.com/bf?sc=5&ty=js&pv=4&ai=17e3a5492f21ffc1&en=i5ecemss&cr=1782143448416&av=1.337.12&cy=event&bc=1193371287&co=snappy&si=v_4_srv_-2D12481_sn_SCLMSTNC6DON5ELGHMNTJB8HL7RVFGK5_app-3A17e3a5492f21ffc1_1_ol_0_perc_100000_mul_1&st=1781976469978&rc=1&rr=offline&ss=0&qc=4234654670&end=1:0
[193659186ms] [ERROR] Failed to load resource: net::ERR_INTERNET_DISCONNECTED @ https://bf80269wzu.bf.dynatrace.com/bf?sc=5&ty=js&pv=4&ai=17e3a5492f21ffc1&en=i5ecemss&cr=1782143448416&av=1.337.12&cy=event&bc=1193371287&co=snappy&si=v_4_srv_-2D12481_sn_SCLMSTNC6DON5ELGHMNTJB8HL7RVFGK5_app-3A17e3a5492f21ffc1_1_ol_0_perc_100000_mul_1&st=1781976473994&rc=2&rr=offline&ss=0&qc=4229726059&end=1:0
