[    4955ms] [ERROR] Failed to load resource: the server responded with a status of 503 () @ https://collector.github.com/github/collect:0
[    6252ms] [ERROR] Failed to load resource: the server responded with a status of 503 () @ https://collector.github.com/github/collect:0
[   10620ms] [ERROR] Failed to load resource: the server responded with a status of 503 () @ https://collector.github.com/github/collect:0
[   11555ms] [ERROR] Failed to load resource: the server responded with a status of 503 () @ https://collector.github.com/github/collect:0
[   11661ms] [ERROR] Failed to load resource: the server responded with a status of 503 () @ https://collector.github.com/github/collect:0
[   11903ms] [ERROR] Failed to load resource: the server responded with a status of 503 () @ https://collector.github.com/github/collect:0
[   12246ms] [ERROR] Failed to load resource: the server responded with a status of 503 () @ https://collector.github.com/github/collect:0
[   18426ms] [VERBOSE] [DOM] Password field is not contained in a form: (More info: https://goo.gl/9p2vKq) %o @ https://accounts.google.com/v3/signin/identifier?opparams=%253F&dsh=S-1943922670%3A1781699510469400&client_id=1078992815106-brpsupgvhheqg35tupphbh0qk9c32nq8.apps.googleusercontent.com&code_challenge=iCtBFSwO_ypkvJLq8dgWfh_kI9DtmZ2COA9rJQ0KUVk&code_challenge_method=S256&nonce=6fe0a16a9ec7c14e00c28a6925b7cbe5&o2v=2&prompt=select_account&redirect_uri=https%3A%2F%2Fgithub.com%2Fsessions%2Fsocial%2Fgoogle%2Fcallback&response_type=code&scope=openid+email+profile&service=lso&state=0239ac9bd937bc97f0f7493ead67f76a&flowName=GeneralOAuthFlow&continue=https%3A%2F%2Faccounts.google.com%2Fsignin%2Foauth%2Fconsent%3Fauthuser%3Dunknown%26part%3DAJi8hAMq3WHNqpsQYGbAbJbo6T7kdDo_zVJewBu4tfib7na_UGbXFPd6zg_0NXKypIJ2w4a7t7AgZTn3fNAH696k5qFPBf1L4bqBrKxFjBZ2AWFA19NgXZlJDFYB0jLfsaidbPPDn8sbpT_hzx6nGLumtIzUZ7LCf-EsUUSWTXD8WJ4kVUws_Y7YQ6cLPFrzCeMrtX50n0GNQ6IVioU1UWJ9pR6Vdqm9ukR1tiCOADZw2OxVYIcxLe4HNsoBwvkYvW0DC2gNpXoIv-DJD4SICx5MpLB32EB2-UZZgiNLQM9bdKsbU9nCUlM4cayzS91nUl4dqlDCVuXii6QgMxh0Pcb_xOb_VSjF7IZnD8b958SUHCJKAbMHZajF0mBWDDWzGLKQWZLSnjSWh2Wi3Rk2U2Wt28CoWaWwLOpACo5gtfvPKlbzn8ebCR-lhharYXkF1KVCTooRoYbcrXVWJqImbFJQHgHiduIK9A%26flowName%3DGeneralOAuthFlow%26as%3DS-1943922670%253A1781699510469400%26client_id%3D1078992815106-brpsupgvhheqg35tupphbh0qk9c32nq8.apps.googleusercontent.com%26requestPath%3D%252Fsignin%252Foauth%252Fconsent%23&app_domain=https%3A%2F%2Fgithub.com&rart=ANgoxcfwzbWTgGAEMzKPq46ISxymDYDJ0qIiAt9_s2zyJAcsil7qaN3D_b0UMj1LWa6G7f_p30qwOU1HvoISuT5La9c_SpTp6vSmQoquNA562GPGLGfv5yo:0
[   18431ms] [LOG] %c%s color: red; background: yellow; font-size: 24px; WARNING! @ https://www.gstatic.com/_/mss/boq-identity/_/js/k=boq-identity.AccountsSignInUi.en_US.rdtyFh-827A.es5.O/am=EQ0AAAAMFP8IGQD8__83AAABBNkO-J4F0AQIGQAAAAAAAAAAsAAAAI0/d=1/excm=_b,_tp,identifierview/ed=1/dg=0/wt=2/ujg=1/rs=AOaEmlHLTMbAcRh_fwzDtwSodZPOytbXHA/dti=1/m=_b,_tp:548
[   18431ms] [LOG] %c%s font-size: 18px; Using this console may allow attackers to impersonate you and steal your information using an attack called Self-XSS.
Do not enter or paste code that you do not understand. @ https://www.gstatic.com/_/mss/boq-identity/_/js/k=boq-identity.AccountsSignInUi.en_US.rdtyFh-827A.es5.O/am=EQ0AAAAMFP8IGQD8__83AAABBNkO-J4F0AQIGQAAAAAAAAAAsAAAAI0/d=1/excm=_b,_tp,identifierview/ed=1/dg=0/wt=2/ujg=1/rs=AOaEmlHLTMbAcRh_fwzDtwSodZPOytbXHA/dti=1/m=_b,_tp:548
[   46017ms] [VERBOSE] [DOM] Password field is not contained in a form: (More info: https://goo.gl/9p2vKq) %o @ https://accounts.google.com/v3/signin/challenge/pwd?TL=ADCchmb_XlV9Zd0O8X1VW35UzPyzKBnnAD3pYCoEKAJAZsCzKhJooLJfn8-JVP-w&app_domain=https%3A%2F%2Fgithub.com&checkConnection=youtube%3A113&checkedDomains=youtube&cid=2&client_id=1078992815106-brpsupgvhheqg35tupphbh0qk9c32nq8.apps.googleusercontent.com&code_challenge=iCtBFSwO_ypkvJLq8dgWfh_kI9DtmZ2COA9rJQ0KUVk&code_challenge_method=S256&continue=https%3A%2F%2Faccounts.google.com%2Fsignin%2Foauth%2Fconsent%3Fauthuser%3Dunknown%26part%3DAJi8hAMq3WHNqpsQYGbAbJbo6T7kdDo_zVJewBu4tfib7na_UGbXFPd6zg_0NXKypIJ2w4a7t7AgZTn3fNAH696k5qFPBf1L4bqBrKxFjBZ2AWFA19NgXZlJDFYB0jLfsaidbPPDn8sbpT_hzx6nGLumtIzUZ7LCf-EsUUSWTXD8WJ4kVUws_Y7YQ6cLPFrzCeMrtX50n0GNQ6IVioU1UWJ9pR6Vdqm9ukR1tiCOADZw2OxVYIcxLe4HNsoBwvkYvW0DC2gNpXoIv-DJD4SICx5MpLB32EB2-UZZgiNLQM9bdKsbU9nCUlM4cayzS91nUl4dqlDCVuXii6QgMxh0Pcb_xOb_VSjF7IZnD8b958SUHCJKAbMHZajF0mBWDDWzGLKQWZLSnjSWh2Wi3Rk2U2Wt28CoWaWwLOpACo5gtfvPKlbzn8ebCR-lhharYXkF1KVCTooRoYbcrXVWJqImbFJQHgHiduIK9A%26flowName%3DGeneralOAuthFlow%26as%3DS-1943922670%253A1781699510469400%26client_id%3D1078992815106-brpsupgvhheqg35tupphbh0qk9c32nq8.apps.googleusercontent.com%26requestPath%3D%252Fsignin%252Foauth%252Fconsent%23&dsh=S-1943922670%3A1781699510469400&flowName=GeneralOAuthFlow&nonce=6fe0a16a9ec7c14e00c28a6925b7cbe5&o2v=2&opparams=%253F&prompt=select_account&pstMsg=1&rart=ANgoxcfwzbWTgGAEMzKPq46ISxymDYDJ0qIiAt9_s2zyJAcsil7qaN3D_b0UMj1LWa6G7f_p30qwOU1HvoISuT5La9c_SpTp6vSmQoquNA562GPGLGfv5yo&redirect_uri=https%3A%2F%2Fgithub.com%2Fsessions%2Fsocial%2Fgoogle%2Fcallback&response_type=code&scope=openid%20email%20profile&service=lso&state=0239ac9bd937bc97f0f7493ead67f76a:0
[   87900ms] [ERROR] Failed to load resource: the server responded with a status of 503 () @ https://collector.github.com/github/collect:0
[   93982ms] [ERROR] Failed to load resource: the server responded with a status of 503 () @ https://collector.github.com/github/collect:0
[  106571ms] [ERROR] Failed to load resource: the server responded with a status of 503 () @ https://collector.github.com/github/collect:0
[  111749ms] [ERROR] Failed to load resource: the server responded with a status of 503 () @ https://collector.github.com/github/collect:0
[  111988ms] [ERROR] Failed to load resource: the server responded with a status of 503 () @ https://collector.github.com/github/collect:0
[  112061ms] [ERROR] Failed to load resource: the server responded with a status of 503 () @ https://collector.github.com/github/collect:0
[  112079ms] [ERROR] Failed to load resource: the server responded with a status of 503 () @ https://collector.github.com/github/collect:0
[  112153ms] [ERROR] Failed to load resource: the server responded with a status of 503 () @ https://collector.github.com/github/collect:0
[  113012ms] [ERROR] Failed to load resource: the server responded with a status of 503 () @ https://collector.github.com/github/collect:0
[  113334ms] [ERROR] Failed to load resource: the server responded with a status of 503 () @ https://collector.github.com/github/collect:0
[  114255ms] [ERROR] Failed to load resource: the server responded with a status of 503 () @ https://collector.github.com/github/collect:0
[  119834ms] [ERROR] Failed to load resource: the server responded with a status of 503 () @ https://collector.github.com/github/collect:0
[  119842ms] [ERROR] Failed to load resource: the server responded with a status of 503 () @ https://collector.github.com/github/collect:0
[  120080ms] [ERROR] Failed to load resource: the server responded with a status of 503 () @ https://collector.github.com/github/collect:0
[  120885ms] [INFO] Autofocus processing was blocked because a document already has a focused element. @ https://github.com/ohs-foundation/ohs-sf-website/settings:0
[  121366ms] [ERROR] Failed to load resource: the server responded with a status of 503 () @ https://collector.github.com/github/collect:0
[  121543ms] [ERROR] Failed to load resource: the server responded with a status of 503 () @ https://collector.github.com/github/collect:0
[  125277ms] [ERROR] Failed to load resource: the server responded with a status of 503 () @ https://collector.github.com/github/collect:0
